12.036032027881
15.596005206102
64.412323762113
145.065454871679
1.475668472175
105.683964521212
88.480986244156
46.955223495505
40.676059185652
130.569329845633
8.074615121648
139.024066085868
18.414678581247
56.005692426614
117.170757428059
113.169571874000
108.527948923521
99.915666846599
23.427900402632
143.976221693893
140.690380539831
340.581058978069
86.885120231451
112.531895015258
37.137151221432
194.440865034638
144.497047556805
70.883843782182
129.377063434283
23.655570674935
30.546152449858
117.819302866863
31.843742297753
31.042200362936
70.235169565951
94.664185333920
25.171117159066
85.053008915702
5.511974886239
185.204027839730
120.147350983994
0.913883402047
33.228609720123
9.420356181459
63.368416103924
54.127990659107
218.233540101043
107.529575398922
182.507475077425
60.292112144625
57.946732436064
60.043781107804
139.260804705198
79.789045439470
42.488773839018
180.278802192096
91.735477368723
94.656180804196
61.388315427459
186.919560455571
202.385744873202
103.246238112970
227.027443300563
138.574573534453
242.736428461574
270.565552672367
153.110873817064
94.427574634711
135.385787333784
50.231335872935
95.639070777645
139.101164716241
201.192278254548
89.934000246885
52.347016463279
56.819274518907
85.178112529586
79.076000390044
174.509897209666
110.134546436669
149.105351327417
12.116703285296
4.400014927549
67.822193671666
78.310257375974
147.530360844089
207.730686406242
119.179547170835
139.346523828271
113.928004029649
189.889566900706
156.231649781225
37.617667803450
140.007339209217
46.261808938056
46.029371141979
32.381483481732
79.338570285794
23.264528452333
11.029418300758
16.528223019750
19.311154114403
114.649037359521
129.216389549531
51.634550095249
98.998486854899
56.659915428745
12.577746088393
52.609657946785
108.415720665900
46.379818437756
174.979889243819
45.907081737379
24.269592790198
78.917307712961
80.922047216795
181.052971773502
123.371071255333
197.496379665944
103.548986726178
168.686810598495
110.918424708679
280.462765762951
0.630177681677
127.736331092385
71.222581052137
75.797442930321
80.025727463750
154.006650895876
98.339356197016
9.225154190556
43.291295049249
4.050647571979
179.396477927962
164.670736333169
105.594295785885
225.603891710638
58.375012236914
35.391543272664
248.625290706381
88.209292920588
58.190830937088
36.601563900038
129.067177103588
43.937230411229
75.823678833169
186.220710556426
28.264173877193
244.177564422847
73.556932592298
17.729261369750
3.088500315628
151.630011011516
19.897197271090
273.024413697907
47.521506995094
33.053031827708
209.286509960683
273.408619864181
337.345511948170
25.839486267767
45.167378089570
30.346038627807
97.188332015915
2.577289376529
160.708910041671
86.302496816960
30.335892023615
104.016682734347
0.752541973309
85.861718252845
181.855943567479
138.405283288492
46.707956621802
63.614966182860
239.255715069336
54.220782876696
8.128129452394
80.673185054573
87.997125010634
158.421206192739
78.515740504809
356.606445515322
82.696024337071
82.797198307026
239.607879249789
21.429608548737
41.330464193889
4.078142379036
6.191192088422
186.904476203509
110.343581070301
0.744777097705
25.568362923822
54.531688750385
41.610742116890
52.895034005004
51.863542076783
247.565915509898
132.933678069433
37.838033887841
86.615379238287
53.111058959583
163.078396120203
106.253083511275
88.583201953078
109.152904218727
41.247618347644
237.660134566820
25.117449985646
113.524838837608
84.259564011612
36.864893595063
79.070022510846
71.526681754140
2.920503234997
64.967751240989
15.067256081184
121.440927349298
111.692705572295
7.898280432842
14.495049611806
313.460280890133
42.987425927276
128.582465905742
139.913756431172
135.245486379844
95.977604710027
10.608316233875
9.183787151638
30.834043206315
61.715346144503
186.529530415973
13.332631761068
137.253897443406
12.760416040869
93.976198462773
118.352974499276
139.845229384378
110.813836791115
13.930589186089
11.981268362821
5.528163657558
153.049559402531
28.578454739550
206.719504033269
128.682864960894
39.616919460821
82.788304686418
171.017428386023
51.727269382239
391.855821911360
133.895091224371
102.241456247905
123.222847115221
112.748788852226
20.736273977753
371.140982892233
14.566761664370
85.946648199253
37.165476415725
327.455991708592
42.442346705690
27.364182886485
40.294112748208
16.760401055084
338.535918327263
70.466856762190
127.749868428252
173.939349885125
138.159434970437
13.322896330892
217.646072214488
120.680080264106
161.595722095838
86.832732029488
52.654342969877
71.043624867925
194.730581007625
46.811758295378
144.171837387380
24.990632701023
305.215598896555
203.266330715021
81.057036385288
152.954545270618
6.593758321692
127.214151148896
30.404502768756
377.177975774420
28.269269520412
13.058880277104
136.345832191197
72.297513559482
66.176347226441
67.541460494743
369.724457043477
238.582687578412
172.319801161036
77.619338401250
17.973311900578
4.954530746867
151.766009583177
24.202669852655
89.355840344086
215.171280987622
31.046787730552
123.030469202767
109.526902600203
61.373815147062
50.097267858418
111.198061894338
92.467464697117
31.332449582472
35.326221673664
7.547407394913
29.437563979110
161.042026558102
197.013619220310
32.980264739858
229.021256244978
129.380559229501
87.852799264527
181.736310076725
137.037756663275
45.745548898251
12.924391330701
99.940752236351
144.546363743936
190.890238977446
72.227471203006
228.942510254989
12.536333922343
68.650944332083
401.894579180095
15.581233150013
3.582617985741
148.137788544664
34.347605990411
132.177606592241
248.277966651906
43.832743158701
39.660377160939
21.439179137913
72.593159407367
109.661783165816
14.823439638029
130.494385778201
69.145151168084
87.424990010313
66.136567079209
174.548310105731
37.287677262220
30.200690413395
29.972860584914
188.618063253996
93.133207577808
236.828651883340
17.612622861110
86.318064310809
120.986994342846
75.216227407994
191.658688893757
17.142974486864
57.555362152356
5.401172977575
88.531849863775
6.786432433264
139.046683646036
233.774101025496
1.285280899748
210.074051859129
63.501655379362
286.911708687814
230.879534782875
211.301397112028
32.565790211799
38.305055276083
211.287030548337
34.676812188998
79.628734022844
47.929816007336
308.760565271530
82.379411463308
113.330082709334
7.962221649515
12.142653055105
52.308329206064
8.824266032753
25.782538664672
288.074535491613
46.192274315403
196.411101184188
178.415404471228
52.618716754803
407.973419840640
330.587593355015
146.536200938708
80.956470509423
200.096194244468
298.122741196164
42.758010345955
57.825622663609
102.540221996036
7.006194432452
19.493859908962
15.432684774636
54.729378306048
200.315148912472
9.162602122154
169.242110263567
44.899090953624
18.677903658819
85.477878390776
208.653474735845
16.981425076311
82.229618077741
12.608364349902
7.060840634692
61.036502433972
135.681054298114
21.963548071296
50.344532804212
20.558261972933
85.333946543414
45.647430332766
2.852320924509
60.125249630818
178.253592134178
22.500320216928
120.811216734766
63.743210583235
152.329039481211
159.984114625243
81.366438150961
190.299581059038
269.786542580564
45.894240207680
62.881512431320
85.624926606319
57.439099127857
240.323552634764
149.903709991289
27.527679422121
33.687714891705
83.776747388552
2.957344514267
83.472089332447
208.957874268202
101.080163737085
69.528150950761
33.122404481780
22.832471798391
199.003269054088
39.028091639655
103.852706155288
193.818757821006
118.267521577625
76.741687973550
50.545228299915
10.199171788944
92.382328531566
22.528249774378
72.607243614950
27.754857106129
161.240466266540
168.742351781120
15.887124346499
24.493881860866
225.454691782990
60.573575495962
251.932497427498
113.569279540623
49.451312475366
83.141870630990
28.909847784759
28.221611787605
76.522011654918
171.106495990438
28.219324555349
30.321125452835
153.962054450470
243.376807546606
11.520456315246
48.493131236195
114.957714434564
115.024190060895
42.292451032801
130.692492158991
161.781800951050
137.972464294126
117.765207913258
15.817248557950
135.949053513239
115.751471326541
91.680585421107
97.299939767928
28.322850308650
67.900518064152
86.282082045903
31.852475536286
375.122692059088
37.811871801241
129.950352729378
256.287035765951
29.357994878254
11.432683871800
127.024649246919
69.710553526711
104.857202068900
151.069168294549
57.000047006718
33.733721556764
95.580278590946
85.227625979293
5.082837147295
33.780775423469
6.241084108051
28.921177727784
40.048087290914
184.635419258123
46.829543265077
108.155967565103
95.026004607217
92.165170433079
154.810673523337
274.601189963306
7.099046503366
154.097094310479
312.291493946396
218.813477185664
268.069708128990
225.032686789331
116.010650082792
20.206510751599
6.746600797456
96.282435980247
30.193664685814
20.735660018709
220.943408168322
226.508546334535
136.492419743266
112.943674757093
62.642994282918
81.257977337479
37.647074825937
151.435825630018
268.954782020225
96.590344494818
141.486244376711
67.934092215381
141.655921830161
194.954658048763
268.902489168095
4.650055627417
77.405145782867
60.034606662830
110.827807879579
62.281753083370
94.295769919247
181.901643692189
185.379998491274
84.992889877806
161.422056687850
72.608927161150
90.632135173141
130.066134949563
132.269768897610
152.517154652420
21.628465120618
269.831845007419
6.392794743796
79.864864227294
68.544543006084
138.231077923134
83.458493132825
138.239433852052
20.652846373412
73.856383542306
230.757352330602
187.896425669131
24.259262187265
65.926931097815
78.327256011088
128.618042392892
30.096727836957
94.839450453983
197.284327124543
26.693948955858
4.808994898039
115.295772490415
99.119641232047
14.447558798810
68.458963564586
251.331565492596
62.814007925620
120.133860402324
203.511929240574
15.730507880259
34.300263089837
77.915773317948
65.772264664671
100.555591747071
7.689596119486
18.126908647562
9.381909224682
77.918644397088
100.717823324043
60.057281046818
66.163050536974
70.109052722711
96.701199422351
219.216931240096
0.753868304762
246.371532542487
138.437336199387
36.453125683292
97.208915487787
32.969204540895
7.325346274488
1.689720205991
12.072967146602
83.060265791938
85.724301106978
131.040701037796
61.867247696241
238.795041531728
39.479541787831
193.691222098126
168.264945591535
40.785868240237
10.038720832491
14.037145484377
32.052316318183
251.797467809198
157.851783221175
178.571954922260
143.695093000397
112.351204742913
209.826982673527
149.618713278577
156.307048172113
32.607930345289
3.410192662274
183.808763082946
39.787286626612
101.791990225306
264.018283400973
38.132095309048
34.162407513287
151.444432374252
1.430732358285
252.999188042424
163.626330197571
179.658167634353
40.156865013694
193.283664255438
34.746360145073
141.878011314920
134.858418095710
116.046182922418
16.411890073381
110.762127210689
68.658516422217
103.215425263092
128.001867655495
64.009343453532
141.495217121123
214.424076971433
66.879279258467
0.934701759082
178.752483266767
6.814260181906
159.711981371944
225.342699157077
146.497831411530
51.984128430874
45.350219727057
233.600136510123
53.983172259870
99.484014719249
153.606302886072
169.399753554425
262.517817805576
49.178847109908
94.656166906175
107.677673164570
67.639348645448
139.975876292532
16.198234941928
75.435387784761
186.121651513556
22.529523275597
19.302462211882
61.958515167678
288.808405103426
85.888531572864
8.167015591281
200.965327044727
25.970030189856
67.498726500281
79.772010662216
160.533805979777
43.644468801390
52.238155275411
104.874263096030
109.002489272078
37.424720414647
70.730503093228
6.464968007584
47.455719012535
12.232917254261
18.510822250780
150.872721742141
127.757135381777
226.645117829413
28.913228541938
152.112275933728
282.404499252635
101.341064241971
210.547580220796
63.265022298624
51.286133948036
88.050155735205
226.276967189279
135.108804139386
73.490674158603
173.343204884375
63.532327320892
94.309491639361
209.190324608123
146.472818896213
11.473774160248
98.543111284037
80.087960286397
78.973424000564
10.271406388786
105.058630962897
25.462856645308
119.353523230165
44.397924519803
18.948688241974
34.680574062162
100.215305802513
143.825798845139
102.803263856998
81.708622655405
47.021910086123
223.192375105872
59.613252572601
33.051195403267
58.244908676302
142.112887462992
36.768699431307
1.732900719975
13.817389411060
218.451284512509
104.989511839041
33.761775703913
78.277453366216
90.672260053866
71.732855724817
88.744437054753
2.428606515771
17.778006649419
2.238694452757
308.787824729449
56.181798237238
101.141361816204
169.311324236792
2.099649132858
46.348756390658
200.753760242251
12.598021621993
390.262014540363
117.744418483340
31.881688078431
16.186107163863
24.093500858686
37.456619804022
370.574244698649
49.105384723435
75.731203039099
92.428790055258
4.568939818155
55.619456653480
275.510873557803
54.914908042825
46.307630075233
101.498876478017
219.970143718160
138.934936545031
30.563590262849
87.091088832089
160.565759311356
200.475123516651
148.482902921166
116.216242521617
9.141607353707
9.916958709379
19.912674461181
30.529993064141
126.139040420438
261.788095608730
117.461464664054
169.744833574080
111.158842955086
250.630448033810
131.080014618716
170.824237208701
10.447564738710
155.490666462075
166.521383461355
101.801394050606
214.516070568880
30.662681642188
70.920671611788
70.714127626889
226.946713475425
108.110461190324
74.715573927675
99.316205910363
75.640231746076
20.122408634195
15.661841777254
60.217693318345
214.938764433563
84.357341959862
23.282043127443
50.133184881942
74.975811152026
63.808865900215
69.027012866894
26.906366317269
5.288583515760
65.133110973244
58.698530074653
170.074197164444
7.011566666458
217.867577313979
120.296350638104
12.836839600660
0.174091262252
189.620321690463
15.424703809742
36.579418157556
155.453783007871
265.655278436537
209.038535643107
315.827611537394
40.560556680743
106.224028315250
92.955408625545
89.147294163844
54.731741903677
13.123338570299
37.104392697838
25.352871774141
65.457015531765
181.538876116256
91.532747930790
27.553144255005
23.190118888523
321.862715363665
294.543029744139
94.909401406375
25.550674443992
3.534839821710
356.673190344742
150.836432495050
136.135598945226
99.569858315277
137.847519965108
132.018511038462
3.171054744910
77.643446245917
152.131211341376
241.915158939536
281.163583557580
120.364413412934
345.328441724601
48.628162101678
8.609856372862
40.426592189932
117.251901839121
50.658537429357
216.648138770029
10.672688043788
93.135892057787
89.349716805178
60.956124806085
57.231390928246
443.455393313189
136.470046404693
123.778940287829
32.205390077276
193.555441896583
62.897459432863
80.544092101526
16.631776987339
53.947739383870
231.429624190123
127.075413228303
83.960087733384
195.906401304777
97.729769796382
27.424976518190
139.861393739346
172.798016188511
112.364230965108
20.008121018720
72.829174949202
0.290207619516
126.703486732409
41.391580748933
252.589699529447
180.357826193436
42.146012862541
36.925108503937
91.311726984626
111.080312168736
324.598951055750
39.744911954031
139.257684317816
61.013927262584
12.258050780642
161.696742010405
58.305222272020
78.247964216344
194.373513927488
55.066937814888
8.934594542084
118.269928785575
113.792309935540
273.062199744340
84.756682591804
112.743709302049
136.137667321413
52.994077863592
8.519992185999
65.317577533435
50.033909928274
152.861320829403
22.975086509323
73.163407262186
15.676013963795
209.888267988525
80.128806640805
181.967763017108
14.102469905052
65.448843623326
176.957223366025
0.135871577164
58.191330146661
11.823173916872
121.930902934144
69.647675434625
151.648317121077
23.863379092531
210.785719062294
198.668621903932
257.069040649487
339.419113406671
15.792720804969
7.269366418346
55.737268726528
296.442703419072
75.737307623152
71.794073940703
184.478292123419
84.556190551088
262.297710561412
253.336218874695
53.058256901901
54.936446106022
41.689150235679
80.727815587989
163.921736133194
134.515209321232
30.385912488632
46.313955323889
158.498122055911
24.713034292715
188.538940280934
0.940368867757
145.891960185377
164.591629517523
9.842534604897
5.539652564352
131.186045390827
215.829221203936
9.808989823978
154.260511452727
94.778139816145
6.227866368509
48.188258605214
78.204507497157
17.880590182560
158.734416159751
78.118534976390
