391133103
777652717
181992107
552464087
430873551
774050730
97875060
246979338
548311119
551479384
394544535
214391148
406228382
399107351
199413180
686004622
343122847
734384175
398431563
84913101
955208697
420578251
367227804
490820840
810633988
343522824
475634134
420306423
922661246
958481943
686306374
74178566
66630253
913060738
395306750
554843484
267817917
894714324
137846580
928942803
91156579
970697209
967915624
130560907
989050516
885659738
488878256
594268235
558464408
338949370
264708192
796861110
430009025
90748980
626262007
933623173
986605191
416925022
106563578
792929439
239736451
669286038
632639443
319937678
917873213
370937356
351610881
927127339
448052298
752606245
671025121
280242015
79153337
315775617
460386922
396075444
617108808
897267630
920124488
677831548
688332955
79054185
663601282
398238002
888335946
566947643
665361763
514908774
499154758
636965452
746907156
502602789
276091053
597929272
957488229
548739861
209691173
91647284
37587116
682948120
119932036
263633035
708228377
842937585
79046674
368509198
556409641
317893141
828524134
689712547
706041527
883756116
562801532
575219137
763802162
373188732
936044963
765958347
96206284
594447395
586246507
522210624
660316439
802696129
909951820
572022294
5918164
369353196
735613305
558097460
784927306
891254819
271229974
616779884
266685616
904678797
425608804
594342872
203806584
496962303
987654833
499334438
270867683
653432735
199109901
395849709
219168423
746674490
419776609
813897634
324972012
964832752
67329016
514517090
169886023
159545098
409325715
947859084
621049269
38873427
831804648
233547807
788573912
291232701
649770719
917540403
364874436
165842421
319418815
85925478
379585945
901773797
638357125
508913519
899994906
411274600
794721530
486306257
828357142
171811237
318486968
65244262
892151375
860405833
89700442
716829943
931319569
683141658
843838032
377324886
859284815
713915902
647124472
891285544
459844390
338206526
711429154
596092305
128216210
812947050
624806730
645285734
204479906
752303672
757010564
550485170
389351029
568671362
858555992
227912431
227367528
113372906
304403827
527257393
458585721
394736854
693802889
916193766
317193077
29615336
