805695326
316965124
893809863
375193226
532591787
631123240
473726323
249918002
522237036
553331553
527393784
341682975
614655051
775592382
467906244
982758067
236124406
965494060
739895026
153251413
370464976
303452182
14146622
320069728
421971788
297492444
372287838
500086344
773522067
524194455
611514625
256109988
14107207
216651215
455419709
796709970
617897067
951983483
463068543
90276498
772326852
471877226
931192352
857749949
84526912
728593907
593543941
113733934
777403883
51342503
501231765
300805781
891444775
427964731
980456405
790849443
452534100
114925679
812647792
737306185
558803629
642369504
130782393
28713466
370120648
151617002
739968115
380687484
571592219
593236137
223632841
67861870
924143224
96631361
371043767
523566715
146288384
737225177
752472985
161560436
95986110
801226877
401908183
850006943
114931544
789006263
857386643
391519261
623785497
169226192
857155001
168060879
550231770
30853735
687473229
71130156
835363351
309133228
16955862
606266044
606511097
489197552
675475852
711851058
70333394
594633550
248003351
822273924
813326806
371254636
672248988
448501321
673079872
639399510
271892987
93231328
482248142
721953200
308867888
537733350
246479539
99932610
841263033
859390977
170566897
274291477
240001531
977197841
926820590
196694797
81115669
260878763
385918027
832074388
771056174
863880376
290896583
885623429
982225279
801162185
923241506
802333992
996181740
668412755
237304214
414452416
17446282
190013580
944272710
259249674
53033817
686150463
916083977
147873798
654354686
61418630
28098230
218457659
136929766
865136075
457579794
519875614
324157278
741761062
801082132
728606255
374613907
624375323
497763864
997296731
980746304
504639494
750611079
826248939
776085706
615868200
212051157
36210208
253200946
483314242
129069208
371532056
402920903
871504628
81523139
60076974
458460242
935514334
973404993
777757675
685268904
405941297
339203382
221716350
98373847
591339328
577310189
153932681
965416139
33653256
525257535
59579593
563549490
790953243
917011740
539467781
908867609
667074883
176531233
307141726
874370910
586332264
170406337
162690904
154716106
417898616
137372025
763937832
601285817
41165883
249190265
818409179
545082323
177858295
71391377
835419826
471753086
762777156
415074051
945517549
168263170
607751011
719165162
46120847
893753072
792403497
204354950
897909813
917245704
280606628
430522080
840564154
604297544
652734611
277007728
596466428
606055646
151432080
928313838
540129703
635810328
625985620
772220037
584378278
894231854
121517590
912654025
206716476
165403274
933785804
960870270
600228620
761845115
19971724
762508880
654253931
235767402
8890799
870206152
490376945
361672988
813100131
439327482
922029335
266783241
825547581
139630113
434589419
606198383
153163957
255727819
125407795
542150555
370479639
956716746
387280965
715420290
386241352
926228076
457008323
185925294
523560597
160969752
720114229
65625841
981208108
904979724
432130616
290226817
516312759
885642582
944161982
106486359
594238235
989798650
539915632
420139384
558286316
388909167
53223518
102032060
465406032
316149654
886257216
389031969
70997500
915248408
769094537
888842054
92132082
715571442
541315235
777655325
553680349
787333228
46217359
141750784
634164026
112278700
904957161
875823737
333855703
563441633
850840370
428810848
217133438
671527981
737748559
805008584
543627406
90627448
20689465
125767211
966154891
353475177
820408226
496967890
924885396
694976444
377232421
143331746
454454098
817615960
707830868
756661474
10017976
720246301
262841117
219272763
6144810
218558531
187960244
702333174
439690685
461898357
259038555
689530751
521899290
233617898
734147547
439357723
873317192
246470572
640151984
390508330
374561586
898202475
690253231
952612759
520386242
912996848
134949270
963679260
656417343
666700250
386602150
780963231
931332130
640649231
240230211
262665972
594429529
594257811
38305850
62394118
410850574
814457043
916050097
304065906
544819030
126571445
946182469
576256491
315104947
320231093
79160350
874816731
789718376
407427059
991933861
984706029
917322579
4494885
271039909
848461491
120918122
134855798
933382625
743384914
671126601
281230529
601533644
220491494
562451109
666122400
323916940
147826308
272275442
926278087
562343417
902003412
326566500
937104169
844161080
421705538
55139387
904640182
771169541
7830195
765988769
751035701
822693273
941368394
68490955
402694515
702042460
47565977
680212842
96200282
853764444
427055368
337213757
919434647
66920396
687067294
423411646
233805652
34662708
44547463
835751194
775222839
841149478
245674219
740214108
833488523
205625822
38877370
2347284
2984782
230425073
68574257
701508649
486927812
572963317
974037017
539892069
31853178
237376517
435986592
507709874
343197500
796847060
60978522
261193620
77139255
423136447
206003601
973696134
48167731
542240201
408351207
480728835
35318886
415683136
154499542
3893872
570589600
663555878
751552118
642113896
943614661
638419562
308124411
611964974
163410475
460688234
587242621
490468713
279399200
272380971
970376118
969004348
6366593
992371310
458383414
695460696
386162277
288253512
726745652
862394766
142360872
128329111
856414572
714049223
350364831
795505696
648483411
606115556
517791980
913677027
774967649
16418012
857348111
293562036
74318866
166106124
628089867
473870809
494783599
405676561
19975761
490108613
457059809
610481287
667404474
570460809
210160901
833258535
213779137
861558453
720008134
794923679
928997190
543077132
503477190
986165238
665639697
261178080
501609576
769429669
31327496
279310632
252755882
510130241
865905450
889204957
519043774
567227304
938760414
852048682
794805638
160074158
376894910
498738822
429485274
420579749
71724348
22218470
37084968
929486572
636026245
392505721
118289111
184662995
147780351
663004149
418579201
997213442
988661570
46820518
88065351
85379970
229297193
297890275
429916844
496242275
292979125
451068737
209970731
639044162
400919822
645856310
207854825
400527103
219502500
87069913
615210435
454128844
133758385
84131893
776500622
662164802
445373466
690723037
81075370
817611194
950652753
386039280
687769307
207316535
189243569
531069846
557614787
519315332
217200100
867936743
958589382
135321582
412903993
556782978
306836917
790342102
367168673
617179363
916103000
61282680
877654589
916432847
750816413
365861127
654108791
830632004
255798784
764868919
922738130
217605217
236398611
784385840
858991985
180073419
787156274
889640424
800102146
801103411
924936599
919204002
225619988
492064640
486889623
330838107
898031315
754311042
633481387
749103768
684488817
339521741
220675373
140912161
208461727
767026017
516135093
5794727
56027982
900766856
534843651
968555883
349581520
763759724
795236283
7199137
318209404
182577558
75067254
743983788
801551341
818038844
69428611
265751822
995220070
910917724
754314758
485387828
201597900
679449164
20315935
229201534
280081230
148093823
884632420
628521665
428272794
617986362
263071169
23237703
507936447
387290756
126674812
171195337
566409844
476616634
916353809
854444759
352956902
524204372
479374585
428604558
282497920
406837825
708409999
160875448
469948723
365861129
236716112
164689494
612649771
66906081
819911591
352354165
766295216
309157425
573556537
988361546
451764369
355560645
661383177
940916997
529809899
683655631
972239778
172264829
799504639
749971185
470155950
676431021
554810905
538175679
618182572
12555656
907071835
649643649
470855937
238594786
133246591
300492147
539873932
422618568
923331789
441440387
868518487
247052473
654486557
129217658
997159653
78111928
467257894
451364328
833627462
93201876
620721972
288599645
408029740
231569039
292082074
125921424
749957290
82702092
723193818
347223367
126356602
313214107
65618147
932238112
141825779
135632226
643667010
72746546
269089017
602413198
34318611
122124569
415219576
9422785
174437106
495755967
672279631
123941238
928958504
889789705
969448831
614616630
438209347
850217477
175784694
734566648
613804138
698554088
965886544
283977232
792535539
731659539
167977699
14196401
349133308
145845694
220064673
528808608
467627167
494173148
774013320
749251801
627547383
81170287
505661877
482362705
279750049
608980735
669938909
710181577
800342017
67689025
502824513
355562351
202301678
858414413
262936072
907083277
495976897
228837495
65415918
160681246
195085817
341196182
691233402
330930184
84045708
235708119
725464953
533329568
174489407
155312155
544383464
781959032
335895961
77260387
500808463
455604144
39341255
140619385
302323489
504159297
36087960
16047441
663784378
667639149
389154994
458312859
855122823
371699903
31889109
920732356
815499515
685780525
88321976
766727786
197924000
367708896
30385842
514104372
284956298
811110378
200656954
52271213
418331658
889236894
963937210
911565012
952610342
395320470
771362991
293715181
56004705
896722717
277860701
312576173
691361263
981520796
17129359
47765724
411813402
905500675
614894560
855884370
32655239
871452605
980549062
476979085
530970276
329218943
488228079
126856817
475434256
279368931
74387355
158636295
745409100
661488674
143978674
596531076
802834366
651230690
133517485
15206189
475689104
133762429
907072097
673038201
38845470
540745019
52923047
863966754
486294776
744713125
974736630
542905665
363972429
81126047
571398351
967805222
47605750
462158740
598168958
227002306
496558485
269080699
982407559
326882993
653081132
738929037
952884991
726150949
179998703
393092852
565902062
526421316
262028147
979776347
472533708
945485684
796494606
722161242
264164153
296817892
258760202
748468532
157128456
642529776
353041776
299102653
565320044
375312117
781607380
523375640
308410056
444673629
65635604
502035284
707912525
304705386
412767106
234838519
890537792
34080001
557600993
719169303
355872882
576214868
197543611
219963692
339748049
621066913
290794027
312531
303877213
342759408
825027320
33856018
22791445
519551734
332065724
801865814
316856978
666870744
28201243
296805760
783051137
277904734
969879138
94252497
369785655
752595219
764743746
856297160
992665416
743072509
39745975
39057253
220992806
965340439
346153616
168216444
189108561
686756126
131039058
698389979
640432865
879783107
535547313
983333034
300875055
21868362
951713252
119054123
210585876
216947315
365824937
796634013
946566913
222092159
241558440
762851708
33314545
388127950
703448022
585943631
531316427
309664870
770098162
800689962
349096072
823663649
608606121
406027167
177119775
905281544
845068325
578173006
179968845
222207256
483370651
339652112
809150167
150701669
153434574
927694410
814142933
752600723
14551763
16148546
162007057
932160521
735601867
891142737
963947333
759134077
138942663
745193345
871832168
427046212
677275453
589537500
716024505
967467522
748544653
101488623
52045806
473272910
36526841
364513776
838006691
438890000
499158767
352905047
660121058
976112440
733006890
231257075
122378236
839203779
861867958
610870397
844844188
335230809
353930287
162802163
488575048
724625200
291948303
629159649
545254737
280943786
712295692
511549304
765137069
102598740
185630215
9741960
590642050
336139805
459046049
638456635
92453375
726270173
843853253
809095861
244929607
184343666
800635158
430126175
386817470
670702926
77878512
28075826
802006369
571151681
156413899
835367892
543080488
762995772
183450219
490847464
517733450
295565136
54834005
18523754
565135841
19853989
634206280
440527321
569957854
407405932
655537731
136904169
755504992
477185622
668430345
691356902
304262918
3106398
267567790
632607721
859788267
119829792
160787560
113016274
757307129
920096468
421262482
780631228
104419569
907606627
163510062
526065312
515152053
250124384
701698597
458480843
675071257
469655522
600800105
929462106
811219062
563558849
676851839
230354045
827562440
243244549
798023954
345400584
817306564
663865248
926287404
715127968
687882041
606506014
977695921
565086235
973507886
79090427
594416373
618442070
648408285
654973099
946914423
519595447
464781296
781396077
149727626
201066250
910736836
599762377
138105312
567315992
708697738
340036791
376586497
285298839
788042728
486251195
223847418
388223355
126658892
574096306
692039429
968023947
921739194
278105755
236920947
278899350
876050108
820684417
827505863
955949193
505110763
345289541
84247921
910238654
86784003
307071491
262623115
284580488
301991042
36567194
294907992
418395363
465606837
379896056
915793722
25297118
214930064
797210392
922015144
712305432
24423769
53445027
373731662
726610138
457934278
979645129
875810238
73022398
961679500
627722094
781961584
601223261
899483419
693745050
914384221
18289457
512176486
8627026
151449344
709645193
684082012
982283499
804500750
423920560
577012917
315236660
120638171
621659396
144275243
881179008
6411844
826286357
784264179
180449622
391838397
582883668
794216288
657854280
424861443
781499544
630495282
501524254
815861097
68219010
786771884
607501839
714041282
783184517
57597254
295186647
506081574
612752137
219783571
369608693
355766843
715449112
66635874
508111293
741073458
102002537
793475662
157731774
830517554
413879120
431053627
68076829
146046925
727255724
798852874
728239510
318827187
89798331
811637594
560674794
461897177
64510774
338624374
802085520
757578171
232686660
655927535
313470709
152541423
893810439
51164067
646238955
857007600
826830043
60558571
427661091
132147450
700818068
391881148
693234099
358342319
792997838
890119601
200099680
177917324
681463541
902283090
685084539
163154648
775801526
911345398
812993864
49205299
404589071
3307962
14963328
576002947
471976880
247839186
312702115
88869910
436642614
55379714
678454450
685277914
530197129
536587833
670159196
196158689
207453946
707183199
556858998
129471011
833713630
251828968
236854147
605126426
966569487
102393190
770916327
794793553
934661204
983154459
417911367
951128933
401028781
311559395
160348597
737335831
395061029
504362708
275345625
512327620
182938569
732217475
650807875
267554665
241470493
823553271
660182338
627059621
288123321
185368673
352232229
150093519
412557177
321257748
67786325
391789716
112117714
671347875
402668483
541300547
820354297
402066348
168331504
976384191
203268218
854871383
38290537
362367358
375301582
289301331
356562191
474704113
735469972
969495919
393714171
668717408
965328904
838446400
604335960
774737093
812995803
9250914
776990441
510745930
408381415
719085726
641545201
954361897
530402758
983578191
931073288
819862870
574883064
199595508
855127980
6740037
866706389
356465033
857688958
729737568
571004832
269118558
363794435
418492325
364588546
310072267
660847285
95472105
138737170
976618798
948908763
356283733
141457596
857828191
239838909
456360772
341673321
36096544
655927372
25448199
311355753
574234107
740434261
198859443
718008675
854237659
487215087
457710661
403394610
214301464
472134574
189026499
469714079
604738427
191229716
748694132
646635858
915583098
294255943
546510767
274301808
486431674
635182243
145784957
622062783
120080461
63557131
254449353
859164236
333550688
619034041
406695829
677687997
513787255
905516373
401336090
295077088
723172802
807727971
463333402
568690505
920977690
282080101
690456663
36077556
191270483
63166579
288747681
37232335
675989302
390317204
614281234
570690396
958941199
740268418
670427767
203980522
777819857
927480067
522214096
844839356
138755943
875271351
146631845
532088799
594585030
40443872
173699631
822816092
804057396
533358984
767032194
833615779
423531842
462128160
540956084
394585733
499129068
144475555
785855565
266216600
602321313
463646070
22674829
79301782
836833930
163972001
452987872
478221591
956198970
359756131
64126608
282634486
3669103
972506571
866923932
862184642
398994245
124819286
924701150
914017985
337352564
60385876
183760071
14201040
177170014
527685328
847019761
481306565
164692775
651997301
649126265
185919190
713914795
514874215
375807575
97025748
787348895
366718040
861823469
143625799
398667558
578002790
350983689
5641756
251235802
412689821
318796186
672395153
260446211
805894181
536757390
506268622
523488058
555278731
699852479
805046918
25690253
264540964
198955723
298823541
693703082
288455180
75822020
183131248
17760640
654403415
322050027
783879706
135907690
476283585
730480166
958229272
661121953
476747386
746681591
675057154
746859489
980486194
498430611
264425527
311778678
375301448
585779743
517209236
778239325
453723783
466012210
167088763
564611807
445874645
675888542
134612635
454568806
283401751
377780237
578408489
626314971
361078966
336250723
152217817
733685502
51695014
401637548
251568644
174540972
699631587
714256026
89022995
781718525
40506437
945050301
506431884
180569940
929533840
842848612
358308998
386124816
848607460
436017846
453195246
653334001
434389255
388624584
417817750
972460987
802559180
233847211
592922525
725727
740350287
410071829
392644504
672645276
190900502
133315963
54088758
689794640
841184429
542118184
63608117
431121822
576247916
924780425
186339149
382101934
579827129
108391079
339840438
740499313
652386436
685571164
741400668
822057636
993950149
436309495
101906155
20354243
498341788
729745067
654226726
31292900
341528774
316294766
660599200
641243727
963525522
126901946
673865587
424644039
56789660
431122279
356922844
212936905
32871535
933760028
467343091
885126163
201959252
540699230
674553213
996344915
561138110
172847411
357121720
628078804
61957169
900024050
781644930
516193443
665922439
675810438
501107433
818656722
414970111
483003410
364102250
549885261
304814975
99546222
629389730
333300167
35399114
610099524
341999397
19599993
53259080
838010662
760845324
306381596
505099381
312279947
222779354
55727722
616682044
520308867
481498308
252032307
812244067
321535279
708362644
860878745
288217546
731636819
720753546
488395373
356971502
340063137
615543321
95083559
881356801
726950821
572219378
34598540
217534712
429656331
235581650
822979048
761391622
616731669
37829257
224086542
931091972
606811693
239329934
997102431
497219094
534597129
737830652
510044196
168241984
644735961
479679787
303766451
72549857
200117125
258853060
329478214
521159443
29594276
66740615
941959325
457190770
927603379
43171416
947932923
297446741
490821722
279226984
133514800
530183513
536359490
292057580
111300367
112176987
320710961
815565230
333357246
228427090
72704526
584840603
473816846
956049181
388497778
359060718
373333083
826067460
386087754
185445561
934967634
700137886
126548178
890270473
206202572
644083515
389924009
739070395
264456056
990973403
777985871
105528886
795316822
527343252
242802233
196628903
2004589
683356254
524676204
938323608
725350033
649090686
696287117
793100828
969389630
514655907
778257748
417457282
461280900
485393435
324663473
132917736
246622285
706957675
440856804
396928614
138884554
874560230
929793239
598598167
874816059
448880355
12550086
782059132
735508343
126353613
845877135
834107081
558614656
450221384
378095193
129769254
675780225
241820674
613378264
818951633
930270735
837868410
508634048
701415493
901938325
33792782
803458177
496607219
709336677
68372023
805393539
165997162
264754795
824416315
61699193
604232672
912889794
273026702
304719291
712494117
830761330
304907397
788820109
348652327
890521960
815449554
752414693
600385539
807408843
133821873
726066920
108418032
332222707
565945977
360599092
40800985
434384933
723737521
58784309
910490162
161040847
975571329
683767230
900650683
814728089
817361867
727643703
534846354
37115056
619985881
217074779
590351334
118558071
100763416
236095448
