906733150
800647549
103175959
899937108
725041096
712160755
962565038
0
774560754
804247786
838337143
638574181
586393469
959351093
585735479
959351093
959351093
937667436
603885427
605350358
937667436
508593686
937667436
585735479
579138604
937667436
782483790
912650071
743091457
0
800647549
0
499218527
664694574
0
638250443
937667436
962565038
979108867
899937108
804247786
937667436
959351093
790816681
979108867
937667436
639672956
804247786
979108867
984936223
835009934
765854191
979108867
937667436
937667436
0
979108867
804247786
0
806159357
962565038
322451094
899937108
680215800
859589999
834463146
937667436
906733150
802450184
638574181
859589999
815136754
979108867
937667436
261561036
562135649
937667436
667411625
859589999
838337143
814639977
386559484
195566433
937667436
906733150
891582607
937667436
0
937667436
0
653533910
774560754
937667436
819413791
906733150
303053174
596712465
866908423
809778714
912101963
614467818
937667436
963498395
840215796
937667436
630569401
804247786
906733150
536145695
937667436
937667436
861999642
787212373
899937108
684771439
574269566
262181394
891582607
937667436
900853209
847487770
865066835
889111664
819413791
639672956
937667436
0
499218527
738149695
979108867
937667436
945046950
977152489
621527638
815136754
691671810
945046950
899937108
937667436
638574181
507146631
804247786
891582607
962607835
979108867
937667436
804247786
562135649
745988194
0
937667436
734768751
0
929726679
979108867
282758340
790816681
979108867
0
889111664
937667436
499218527
790816681
804247786
899937108
559270587
947566318
479892796
899937108
937667436
979108867
891582607
782383784
838337143
959351093
937667436
790816681
835567405
912650071
804247786
819413791
58784329
774530784
209119833
884994081
804247786
899937108
979108867
937667436
959351093
570553776
438891319
945046950
399110551
899937108
962565038
937667436
937667436
531889359
473790279
774560754
734768751
937667436
899937108
745988194
745988194
790816681
507146631
586531199
934678679
866908423
674310717
536145695
0
765164080
937667436
383587977
734768751
790816681
937667436
531889359
906733150
790816681
979108867
743894942
593502575
0
959351093
937667436
320870795
745988194
800647549
0
937667436
945046950
959351093
979108867
544740021
787452224
937667436
884994081
937667436
680244358
979108867
979108867
966956678
815943404
664694574
188823665
923159791
579138604
536145695
937667436
937667436
129141119
937667436
499218527
891582607
937667436
804247786
790816681
538014224
937667436
192148589
536145695
745988194
715474037
680244358
929726679
0
205670895
715474037
873303087
743091457
899937108
962565038
743091457
912101963
979108867
937667436
804247786
937667436
0
774530784
977152489
959351093
861999642
834463146
0
937667436
979108867
891582607
859589999
891582607
567362486
653533910
937667436
430135182
353230255
792686019
574269566
889111664
743091457
586531199
473790279
912101963
607676431
703712505
962565038
899937108
906733150
975441238
608492626
508593686
338475573
937667436
0
937667436
859589999
866908423
590294339
849398519
963498395
937667436
847487770
937667436
790816681
556111780
937667436
782383784
979108867
937667436
712762474
943425168
483959847
774560754
656470572
0
774530784
891582607
962565038
815864440
899937108
802450184
937667436
369459315
804247786
945046950
937667436
937667436
937667436
804247786
979108867
0
621341173
979108867
979108867
294390804
609691909
512250077
959351093
899937108
508593686
891582607
196524216
875092245
0
937667436
959351093
899937108
607676431
205670895
937667436
734768751
979108867
847487770
937667436
937667436
168186516
0
712160755
536145695
937667436
937667436
715474037
870114683
891582607
945046950
959351093
962565038
0
858533087
975441238
906733150
945046950
774560754
937667436
838337143
715474037
937667436
923159791
0
937667436
964642774
508041046
544740021
634462409
937667436
979108867
937667436
889111664
802450184
937667436
745988194
691671810
861999642
262181394
869422902
912650071
899937108
979108867
149082504
353230255
959351093
390780841
984936223
653835010
912650071
899937108
804247786
0
715474037
800647549
847487770
947566318
979108867
590294339
937667436
937667436
959351093
538014224
937667436
983826176
806159357
869422902
979108867
966956678
806159357
937667436
804247786
542113385
870114683
752991983
838337143
915993113
937667436
979108867
754813973
945046950
937667436
294390804
937667436
0
800647549
937667436
937667436
937667436
959351093
979108867
79207894
865066835
979108867
804247786
607676431
538014224
979108867
937667436
947566318
369459315
899937108
937667436
22998165
715474037
639672956
840215796
590294339
959351093
764405103
937667436
621527638
937667436
848018952
681794243
549871654
870114683
964498665
899937108
275512022
0
383587977
