Start session, problem id: 934
Session finished, used time = 22.546815633773804 seconds
Start session, problem id: 1684
Session finished, used time = 1214.3519237041473 seconds
Start session, problem id: 2458
Session finished, used time = 1527.22922372818 seconds
Start session, problem id: 1668
Session finished, used time = 250.63728094100952 seconds
Start session, problem id: 1683
Session finished, used time = 291.8555452823639 seconds
Start session, problem id: 1667
Session finished, used time = 339.43762946128845 seconds
Start session, problem id: 548
Session finished, used time = 388.5892000198364 seconds
Start session, problem id: 2198
Session finished, used time = 151.36864566802979 seconds
Start session, problem id: 1675
Session finished, used time = 196.68611073493958 seconds
Start session, problem id: 1669
Session finished, used time = 376.59260749816895 seconds
Start session, problem id: 1376
Session Stopped
Start session, problem id: 1376
Session finished, used time = 4212.311950206757 seconds
Start session, problem id: 1375
Session finished, used time = 316.5886650085449 seconds
Start session, problem id: 388
Session finished, used time = 1573.990928888321 seconds
Start session, problem id: 554
Session finished, used time = 310.95818424224854 seconds
Start session, problem id: 149
Session finished, used time = 1420.4334750175476 seconds
Start session, problem id: 141
Session finished, used time = 61.605536699295044 seconds
Start session, problem id: 562
Session finished, used time = 1454.1011023521423 seconds
Start session, problem id: 404
Session finished, used time = 3880.0667136 seconds
Start session, problem id: 94
Session finished, used time = 168.3602910041809 seconds
Start session, problem id: 2379
Session finished, used time = 969.6992416381836 seconds
Start session, problem id: 2374
Session finished, used time = 71.5385513305664 seconds
Start session, problem id: 1812
Session finished, used time = 91.56287860870361 seconds
Start session, problem id: 682
Session finished, used time = 612.8518099784851 seconds
Start session, problem id: 1486
Session finished, used time = 548.2828226089478 seconds
Start session, problem id: 569
Session finished, used time = 111.18568587303162 seconds
Start session, problem id: 103
Session finished, used time = 2017.1496152877808 seconds
Start session, problem id: 106
Session finished, used time = 108.85656881332397 seconds
Start session, problem id: 3084
Session finished, used time = 837.9634976387024 seconds
Start session, problem id: 1792
Session finished, used time = 1000.972330570221 seconds
Start session, problem id: 434
Session finished, used time = 230.31212854385376 seconds
Start session, problem id: 407
Session finished, used time = 517.3782827854156 seconds
Start session, problem id: 1840
Session finished, used time = 155.02522444725037 seconds
Start session, problem id: 3145
Session finished, used time = 1507.30451130867 seconds
Start session, problem id: 3199
Session finished, used time = 453.57619285583496 seconds
Start session, problem id: 62
Session finished, used time = 927.7806897163391 seconds
Start session, problem id: 32
Session finished, used time = 1947.5797562599182 seconds
Start session, problem id: 3203
Session finished, used time = 1760.8944857120514 seconds
Start session, problem id: 831
Start session, problem id: 349
Session finished, used time = 855.9466934204102 seconds
Start session, problem id: 1818
Session finished, used time = 7030.6939470767975 seconds
Start session, problem id: 445
Session finished, used time = 148.57451701164246 seconds
Start session, problem id: 1816
Session finished, used time = 199.29831528663635 seconds
Start session, problem id: 1817
Session finished, used time = 323.23442125320435 seconds
Start session, problem id: 1814
Session finished, used time = 1001.3398263454437 seconds
Start session, problem id: 54
Session finished, used time = 1040.7722747325897 seconds
Start session, problem id: 1660
Start session, problem id: 1660
Session finished, used time = 1097.656242132187 seconds
Start session, problem id: 536
Session finished, used time = 185.56339764595032 seconds
Start session, problem id: 3674
Session finished, used time = 147.27039504051208 seconds
Start session, problem id: 36
Start session, problem id: 555
Session finished, used time = 226.1962103843689 seconds
Start session, problem id: 199
Start session, problem id: 199
Start session, problem id: 1795
Session finished, used time = 243.24935364723206 seconds
Start session, problem id: 188
Session finished, used time = 805.6592373847961 seconds
Start session, problem id: 1136
Session finished, used time = 292.6001765727997 seconds
Start session, problem id: 1678
Session finished, used time = 1079.1478655338287 seconds
Start session, problem id: 1507
Session finished, used time = 1330.9171562194824 seconds
Start session, problem id: 649
Session finished, used time = 1854.1230773925781 seconds
Start session, problem id: 561
Session finished, used time = 296.54100799560547 seconds
Start session, problem id: 1564
Session finished, used time = 693.7643411159515 seconds
Start session, problem id: 533
Session finished, used time = 426.11177039146423 seconds
Start session, problem id: 529
Session finished, used time = 227.1343228816986 seconds
Start session, problem id: 1785
Session finished, used time = 889.9856324195862 seconds
Start session, problem id: 556
Session finished, used time = 324.8049898147583 seconds
Start session, problem id: 650
Session finished, used time = 1483.0427753925323 seconds
Start session, problem id: 1796
Session finished, used time = 3325.253284215927 seconds
Start session, problem id: 558
Session finished, used time = 380.86580872535706 seconds
Start session, problem id: 915
Session finished, used time = 377.27280354499817 seconds
Start session, problem id: 1794
Session finished, used time = 325.11911368370056 seconds
Start session, problem id: 1797
Session finished, used time = 70.06587719917297 seconds
Start session, problem id: 571
Session finished, used time = 857.8612809181213 seconds
Start session, problem id: 654
Session finished, used time = 595.4579887390137 seconds
Start session, problem id: 3176
Session finished, used time = 0.9313316345214844 seconds
Start session, problem id: 3146
Session finished, used time = 199.14876461029053 seconds
Start session, problem id: 1765
Session finished, used time = 866.0059084892273 seconds
Start session, problem id: 1838
Session finished, used time = 223.98840761184692 seconds
Start session, problem id: 575
Session finished, used time = 1970.2942655086517 seconds
Start session, problem id: 3204
Session finished, used time = 486.4089403152466 seconds
Start session, problem id: 1679
Session finished, used time = 747.19664478302 seconds
Start session, problem id: 1676
Session finished, used time = 194.60913228988647 seconds
Start session, problem id: 1677
Session finished, used time = 318.5974724292755 seconds
Start session, problem id: 1681
Session finished, used time = 171.4160053730011 seconds
Start session, problem id: 1869
Session finished, used time = 802.6750192642212 seconds
Start session, problem id: 1487
Session Stopped
Start session, problem id: 459
Start session, problem id: 939
Start session, problem id: 939
Session finished, used time = 1.182537317276001 seconds
Start session, problem id: 655
Start session, problem id: 655
Session finished, used time = 161.81774735450745 seconds
Start session, problem id: 460
Session finished, used time = 276.2720675468445 seconds
Start session, problem id: 104
Session finished, used time = 85.07147884368896 seconds
Start session, problem id: 455
Session finished, used time = 1393.365313053131 seconds
Start session, problem id: 2757
Session finished, used time = 1554.3728787899017 seconds
Start session, problem id: 418
Session finished, used time = 440.68189454078674 seconds
Start session, problem id: 702
Session finished, used time = 946.1940314769745 seconds
Start session, problem id: 1100
Session finished, used time = 2353.2176942825317 seconds
Start session, problem id: 1266
Session finished, used time = 4206.846582174301 seconds
Start session, problem id: 1248
Session finished, used time = 1412.669380903244 seconds
Start session, problem id: 1702
Session finished, used time = 534.8533821105957 seconds
Start session, problem id: 1701
Session finished, used time = 2716.1205611228943 seconds
Start session, problem id: 545
Session finished, used time = 1422.4338157176971 seconds
Start session, problem id: 547
Session finished, used time = 759.6083960533142 seconds
Start session, problem id: 1680
Session finished, used time = 1360.0890955924988 seconds
Start session, problem id: 549
Session finished, used time = 315.43312644958496 seconds
Start session, problem id: 859
Session finished, used time = 946.23149061203 seconds
Start session, problem id: 1682
Start session, problem id: 1682
Session finished, used time = 1947.0103676319122 seconds
Start session, problem id: 2276
Session finished, used time = 339.12320709228516 seconds
Start session, problem id: 2209
Session finished, used time = 574.8421883583069 seconds
Start session, problem id: 75
Session finished, used time = 1559.7368721961975 seconds
Start session, problem id: 176
Session finished, used time = 630.0522449016571 seconds
Start session, problem id: 1798
Start session, problem id: 1798
Session finished, used time = 1071.6370968818665 seconds
Start session, problem id: 2228
Session finished, used time = 137.10685324668884 seconds
Start session, problem id: 1380
Session finished, used time = 1788.7648515701294 seconds
Start session, problem id: 3207
Session finished, used time = 3142.6888325214386 seconds
Start session, problem id: 2907
Session finished, used time = 7373.475585699081 seconds
Start session, problem id: 370
Session finished, used time = 426.2990622520447 seconds
Start session, problem id: 2372
Session finished, used time = 769.9269490242004 seconds
Start session, problem id: 2373
Session finished, used time = 145.5180697441101 seconds
Start session, problem id: 2371
Session finished, used time = 423.13641810417175 seconds
Start session, problem id: 2201
Session finished, used time = 5989.387394428253 seconds
Start session, problem id: 3142
Session finished, used time = 3406.8942766189575 seconds
Start session, problem id: 3209
Start session, problem id: 79
Session finished, used time = 264.0669991970062 seconds
Start session, problem id: 83
Session finished, used time = 721.9658851623535 seconds
Start session, problem id: 153
Session finished, used time = 191.34550881385803 seconds
Start session, problem id: 394
Start session, problem id: 1752
Start session, problem id: 351
Session finished, used time = 401.3484785556793 seconds
Start session, problem id: 50
Session finished, used time = 373.53757977485657 seconds
<<<<<<< HEAD
>>>>>>> 03d0c9959880fca8acb090b302cad311650b2a9a
Start session, problem id: 509
Session finished, used time = 1126.2287170886993 seconds
=======
Start session, problem id: 123
Start session, problem id: 123
Start session, problem id: 123
Start session, problem id: 123
Start session, problem id: 123
Session finished, used time = 115.75411081314087 seconds
Start session, problem id: 287
Session finished, used time = 257.7405626773834 seconds
Start session, problem id: 3085
Start session, problem id: 3085
Session finished, used time = 581.0696980953217 seconds
Start session, problem id: 809
Session finished, used time = 587.7960257530212 seconds
>>>>>>> 399f32509fbffd89ac5f67e2fe8cf4f9efce3a6d
Start session, problem id: 1801
Session finished, used time = 1000.6857311725616 seconds
Start session, problem id: 1803
Start session, problem id: 1803
Session finished, used time = 275.66892552375793 seconds
Start session, problem id: 3215
Session finished, used time = 1139.1655960083008 seconds
Start session, problem id: 1807
Session finished, used time = 456.8543016910553 seconds
Start session, problem id: 2281
Start session, problem id: 2281
Session finished, used time = 2550.401115179062 seconds
Start session, problem id: 613
Session finished, used time = 1701.127332687378 seconds
Start session, problem id: 2314
Session finished, used time = 925.683233499527 seconds
<<<<<<< HEAD
Start session, problem id: 3029
=======
Start session, problem id: 3028
Session finished, used time = 1350.9588651657104 seconds
Start session, problem id: 3068
Session finished, used time = 1138.3706889152527 seconds
Start session, problem id: 3030
Session finished, used time = 2473.655420780182 seconds
Start session, problem id: 520
Session finished, used time = 707.773978471756 seconds
>>>>>>> 9a1e75367a93a85fa3ac5aa5f90cf05bc9786123
Start session, problem id: 383
