763823957
330219331
165319332
372471947
199932999
756238669
67752661
690494671
4551391
453948278
399791151
258131659
117916436
155624817
822529539
537447285
478803638
586225312
350614063
308099000
666752103
868312857
220264969
187669790
39998716
875387891
758983021
880585826
829170660
405834653
555079254
25193244
141671152
615380200
195488582
196017531
869093207
575691358
692027464
982193285
816322794
188494302
452592484
413683330
487527803
848861016
18577151
265871339
137814731
390367606
896236033
684680789
175513648
540212575
391036146
290128490
287765557
713983421
941413765
588648600
74799087
797278102
853537365
478825629
348101745
516106872
449599954
161647999
209747025
378096943
906965157
941990934
94886909
818869746
949601584
449479343
482400302
118527019
36428723
79894425
387504349
336716828
73758950
324812013
389962827
291036666
12894635
686668462
509050017
169959630
572468605
585728499
579554013
769076965
404288956
624475259
882688446
981742868
637943298
370213288
657399655
157765201
49421465
527256396
342271488
358438776
463652907
25710281
216897916
489939655
102273355
810364535
575206664
937658059
945640213
892154087
854928971
555397843
482836389
530527224
181486552
531210562
619520773
509624509
278277302
619816704
435265966
266980770
361132600
377713342
158609016
352721248
791233435
785296719
720436441
164093452
917890143
655691985
491952455
252526725
704039583
421555047
763853160
302849329
36156960
215618943
866788881
169232519
523315247
774787854
770221888
994210444
525660217
907128867
872834352
440788790
170021445
278850707
498036783
758717402
452240338
917026246
12340215
282032958
985415878
32978747
194087699
573449489
501939091
958288291
16533396
221092209
598778527
809607013
76615500
66661446
956549839
824773757
323117180
98538134
164040075
801357848
835394632
851610216
994108136
783786846
634031048
216391705
933689363
755983495
68110842
357137519
752237177
510774360
548212666
701082565
500567607
385159540
22631291
61436171
486082441
456534929
233756567
875061899
945357094
971433147
642352480
887258356
866440515
855283280
190907124
554235951
656000632
968719446
863626256
304099595
754774155
250939805
441609191
784542962
937281608
638279557
701565580
570708978
594278481
940036101
428839890
881301769
982335825
592609478
116474656
123010187
551751646
194238454
797633478
858338861
949495555
760003470
568704220
861176527
166181827
95296335
804962433
446520207
459339612
436235627
375949737
869272993
529403501
232752080
907379005
698195315
708405609
355549496
669898698
18350462
797017058
814239844
666746186
420792300
447523078
959991476
438039881
962814069
494682591
651380598
84590182
64714295
479740073
940873641
798324419
159609657
904105873
343030165
695935851
669852846
3791506
566258094
444752187
532630603
277868475
306523591
685449900
221273707
851777081
989381344
128390621
380994081
228230963
541355106
130134888
373446659
493720966
501681106
886998981
650299116
839160446
352219749
429100620
27135485
430791627
261937964
868118394
207920198
51655319
217748265
662177451
398698165
888809091
353017141
325735335
45323403
439575441
698018345
981826895
298894921
112723475
305597827
92936970
728894240
828496207
59751854
529422877
598219911
985756062
717904544
984982809
968639237
257044795
319133132
806967272
704781885
971042042
342966109
354553204
807311436
427812148
186891385
842142356
344478632
963281420
443622725
867606382
277181120
216881608
159666737
34014290
138778681
413520139
164568188
176717618
128006463
139523491
277781112
383116522
783400491
489231976
417382485
753427961
142203829
48709755
276851041
930520276
17295179
459361441
700387779
660457100
887122701
484918823
671832895
319757410
990743416
270722349
26569863
898512141
805469934
231091299
904240946
899423156
680128332
236168534
477076793
997634955
915738726
507870936
945868987
447483022
107536219
692917037
851864083
134416582
250773325
224999818
402982763
678495772
626779215
740897763
817571759
46300648
998046968
423327873
35816978
207654311
122414070
697919530
602984643
180666587
924650689
903916915
185741781
647886227
584031660
602620860
888433131
692891448
22366429
557632665
23572744
601858331
422715697
322411217
49971164
411029993
137230155
604279941
452083545
54973729
135459931
299815791
409795014
544041644
456054037
802766209
328880278
803997573
728759100
818980578
860987363
867419300
920299556
306510462
33387005
914983303
662219931
137471584
592881664
73507622
542945376
202053375
162403319
944507285
197958532
945401266
778704621
876521941
433348012
34419161
944996254
317553177
755996011
846344744
463560765
805371298
532421708
489381236
611452814
52712318
729678513
498270321
592613253
701721190
269845720
8266411
210026565
837596401
671808528
515054436
228666253
618667743
501388468
870348356
976406513
806973473
787833476
185474430
794361999
520697915
13543335
139860801
657885547
20371225
918194133
150217997
739543257
785259006
361708005
263887085
453045511
773801506
171181997
866008727
701962566
151136417
21230112
333941946
390007623
646866672
927687739
443459859
600397193
873872150
243846964
742096034
92310696
142479960
732313776
286271515
495714431
558088453
641224073
903866788
348190552
112792624
349804388
830726203
819254234
615097417
248930950
731216298
752295101
676948767
864077176
76716911
978732043
537536067
56724406
806975710
13271782
761400730
814763804
280199557
696095272
470917335
158087338
536989541
845773272
698418008
353913125
286383587
372751349
231115387
820717365
843479675
306414498
359767812
231058137
545728852
557330881
872956823
374945880
945616384
136681894
350370389
203818035
548062754
897979971
439739024
703472671
548174359
902353932
423182844
985243673
442930591
779592845
178598571
893885454
452806781
96250798
635663511
910057997
78678796
189826390
986899861
308010758
625252442
763791271
983498228
497906654
845735629
275391666
921342442
557278098
900783861
693593601
510295774
676277146
376042815
512575286
835929344
679147191
385275756
138449283
173425342
922096829
511482779
208425017
647622178
271359429
660002134
837302700
655663803
118580925
878130781
422574435
671319366
951716870
559755799
918039625
990462867
891502589
936558306
326726187
980920637
219719460
856939363
170445393
739203486
760705305
995691357
711917315
23873346
42155216
732616565
37472535
379046164
162125322
414078817
49947378
146870952
436086285
97557121
290970826
821656807
304311694
674384273
594033225
352200363
333707242
281664975
601573054
495869254
790198605
665431123
343894120
17085111
405098695
101324930
481279114
848520088
840383403
62672457
899651655
848418837
66719680
849510521
912218959
612528018
270340529
353380201
944213799
855450574
4193894
831482025
444933726
183734556
846427499
37631597
595301882
586742388
792947625
522456761
229037056
420186809
94255448
27799421
844029151
65906987
379282027
792050902
848528738
361583945
124745612
834605389
524505616
337003332
722593897
566596579
488639975
462547391
498233324
156338239
816135261
91943590
731969261
706112214
976310926
879127525
726176760
275695169
552480601
870767873
283251581
939624542
97141437
948952345
974792614
646535519
285267413
664276914
647267224
493085882
193871484
631474518
766404824
724786899
677669083
552020854
641319194
816345121
171128317
994650207
516443901
449148008
987270036
370785147
980095292
902845388
675434634
684476330
14504572
654560065
725451336
661158132
934179594
774511283
164755707
689149998
87970346
792901601
641216651
698878882
191509639
885123718
439985415
949931382
769681069
412158080
30984542
437601664
512104126
238137684
306908827
947619059
249958304
840207834
970137789
658005018
993825351
188220000
933545443
21622662
466501338
440632409
350596598
709072422
441223645
522069631
703497590
369021752
329500403
246663552
640778858
583583150
703332146
440473035
438097225
534571942
514711114
971618744
11852485
532306699
720029066
93644673
381132275
435711017
35479570
349151894
146113658
423124943
415325715
687372309
509596105
277681825
410830289
637562742
339080748
127440975
524918240
766569981
665906872
500868324
533594601
115326768
170995875
376569971
294267685
852530831
762886734
702870967
737179887
171661319
326494810
828782569
771076300
983359069
196446371
568539283
267784274
195681054
293246386
902120890
93813979
870186939
443585155
498756967
632797292
537739830
577833218
553477102
234785023
612326548
520416975
339930802
991892919
333481970
341185260
649135916
323025977
234976137
402066515
3616258
735682290
825088469
140411610
738656482
959128586
78543145
196399400
447280037
532209500
990264125
223926390
871879823
484082170
634950317
325887603
108317658
485148103
245819791
560303123
301123918
254349113
182418739
664033748
979091640
664421450
813315988
699163845
99712797
341798313
144051653
256285126
176919836
902309756
979287236
735960826
363865429
906590971
20012303
52302803
371158206
93129703
218124555
553176224
584452495
129370626
405237862
385978740
72063813
127149088
165888797
125596611
773371939
372225177
481383115
333189305
855088804
789909404
849840789
251088493
247598157
533928201
315657134
441381253
661208606
100171450
531795989
819093927
915637667
753190716
740315397
858377355
329027107
368093057
972850329
606516680
386244434
452353257
691449994
163569000
754632083
165225506
412463913
831101014
963605979
511124520
634200696
284996999
584300511
253971613
430289747
198726449
66798445
453908316
291130229
515269487
736454445
169970197
311014460
178789119
688327134
575768080
757043772
953695781
868030311
373234472
275822047
201983215
691212886
898745216
730503862
63608544
965856076
990000092
344980626
507455854
753208174
547920599
639987668
986870607
904989678
152966805
993551767
38588055
279268658
127681790
500712676
653639694
981309177
320490900
333887076
654148253
766501127
791986203
360465033
624379197
986243082
668856730
149432649
312607386
310356802
211160400
886288409
853954086
570148237
873428240
490853047
682665592
272086590
537238772
811881023
540459727
86100705
177523622
537827532
699069157
518145993
425809909
599795069
550230255
879873535
607394810
489203378
522231315
756524375
828175511
408595248
66192355
523332610
380904464
366734918
601014912
132481259
208513931
701188803
300278131
836350616
379185577
45449872
618064425
438702022
905906784
327778894
2435029
826108817
742440025
252485643
216620830
164030546
474403971
284120401
624347665
607766523
245999933
166967899
167594870
170639300
9451845
799660799
502656376
681830080
765921069
419874103
906785822
529989134
732544735
929914663
802399949
215776819
285865145
160554636
867911337
233071089
374479709
988044802
878066293
286151668
486041667
428875916
454053436
17353994
690971564
619103617
511815457
788099693
283933685
720951273
961871249
36059788
748716807
133689012
323827838
921081499
643446070
750348310
652511721
950902524
558514226
136173673
651860349
902688165
68274273
887030521
579467953
272987006
331006256
968941762
955947368
527325002
641300645
41530727
582820082
45683167
964314014
474685103
201842519
231992898
276619369
772021299
296980487
204835497
846214046
6246082
404983335
228803094
193889310
677129603
280783424
168957182
475965178
759670441
977798284
601047258
834524694
495289219
32597506
69171807
887119913
833971644
755638748
615717822
902083490
752703644
719219559
324399843
54740763
809559196
542358366
742224950
582484825
333525410
386670795
644396377
420645597
106173364
316344592
394870948
970181668
521318672
714954194
357531563
749637012
667554912
776056842
759245185
689849402
677876737
192332830
162479820
523161301
428260937
707121177
332447519
216815230
904595707
403714197
278588064
819803854
240805019
67215788
687613
909845298
996414170
767692899
510368393
858378994
265947405
368666617
962859632
925323339
716603897
466879172
42675155
829323317
99172186
447290988
12869654
826287567
401460425
179304524
932353215
367566442
808813101
717389127
239748497
542529691
163629869
293758407
949857638
807444884
198667173
830720364
992046993
25774930
128015454
598268068
62183849
993738132
847425274
974745045
563260270
739847033
174432509
305739276
709493959
280284198
622627371
733151925
678478580
663429502
945408886
363799362
795762875
582332079
486642877
207320913
90210479
95256509
57286768
582446521
395071135
38653488
40382804
674054754
762602609
698791761
908595681
834089911
304291522
554415877
485808364
240381610
592038209
781334130
990871050
986028355
304862516
557745213
802286277
277757514
62665105
706357864
595148426
726424855
88826279
185664544
911348665
533020316
995241340
690377495
458144017
373507605
498210428
309936743
236502197
345949933
518906006
439305572
254175847
100442159
974626662
355960121
591596285
654414450
668239532
384273153
180157653
485803704
121389561
290574546
687007526
134149097
455865875
235598789
708398879
843505956
699507470
616793142
381544654
861671272
871075554
990032394
265719321
506377999
807741363
535591401
246284816
124205420
5433482
73734779
786656501
600497139
717742453
45163786
43063552
944017918
617255626
329407349
705177334
847792664
874970989
239505525
627614287
457644771
650283255
967577015
540222687
375661915
128299545
527128991
909442060
853245331
802674745
866148548
465783039
758699581
358127744
95976867
147785573
635862790
805074252
820394537
997586896
543884815
729768379
862411509
167136869
130783309
909938158
245855966
156921831
524468927
442289979
370941696
395208010
175463913
35584590
530211495
108811564
911759497
629339610
684210986
194783460
979858595
867578394
550440012
432545638
776840905
335993947
547081943
897227581
154523927
93682734
373389524
501895180
744091663
384167103
903207421
118467362
527796234
603192809
223228663
31272225
99758957
894996812
428923398
683599777
569991557
580815921
309585218
899959555
607724462
516507180
949639126
580962548
593586794
841070429
110552596
286411542
20458272
363787069
17218069
96684260
811866360
328923319
367911825
354181350
276307836
690398711
752855721
274176016
357669558
356861207
95729778
362295475
579850324
733742161
2234103
876287951
783349435
41350365
135606147
90608316
343762816
556072173
779345332
196895354
144526261
713665734
111714208
601285733
129726877
332661434
341822590
800516412
307360899
400332793
528043554
643740593
940218277
753803658
819500588
425375960
174946702
370982026
971702700
83596844
138287613
617158401
410305924
32083893
201707276
756741510
547480288
151320810
440772026
736625304
278293370
22951001
741540876
589858445
106529747
465185443
683272309
323656003
319459873
858485700
647062126
842441062
839922109
362844138
623688754
173177839
547885101
332435882
409649755
597293769
899664881
715038329
530295885
612799118
993558094
87648360
757617086
465057053
410314091
953188608
340098674
380115252
431614138
872950669
862816986
484301469
330029918
855951053
511205700
220320023
199838199
763905709
428122657
192454637
825859115
806814079
394178033
739508880
175393931
283509193
804605332
679124270
417842918
146727714
672863558
378797145
590229591
374428400
256392357
31697711
942362168
355721516
604207944
725978157
886137534
302082094
614531243
15536666
885220309
110416941
783417388
716133375
644175734
216092695
346308530
303141113
454962023
454758345
353163893
561665576
672697440
959341020
753173923
920784669
894871083
654291145
193915891
880175056
52529177
813216195
142573847
8384386
164161606
939984907
341224825
884340112
171221368
909815966
460722726
388009474
58905662
874030356
448696109
988172206
996223817
856020346
736696496
775275527
827110595
537509102
138344353
746871120
58364723
80536722
328329751
13279109
766742558
816839548
938898666
921817391
621785106
964951826
974163953
418112817
514569031
716776224
445634736
584162104
407143288
807382234
669712192
442452152
355490631
802679122
413990746
97539652
826335884
604104261
313325514
324774088
21854885
466308690
151967849
254857511
706201008
123939419
741626478
414794872
626578041
19149478
113595126
970705426
332671944
395350894
921032327
722521713
274944649
486328945
440408403
397437639
63789821
693377802
245740965
625383222
95511359
263820740
88131593
568547249
116460840
176878301
162388538
266648204
499034487
162351016
755568868
99794986
563939742
24111985
815769229
42306143
727603164
907743404
765121806
550783781
800867902
880244580
919871357
336764613
680085593
473455528
131524266
636711763
308102962
457742694
819555740
365272022
162107663
309242
636654131
387119819
116231572
192003242
65823700
105589025
410613369
392587879
340751479
265835698
120389268
224018716
425442796
164536731
414061800
557134355
657157696
717702188
746935473
536141287
750926451
493487239
996279410
888108678
47502000
277768082
168385938
807875526
680325049
330336972
456084698
266743856
468192886
424818706
518376937
864670915
436702938
338205450
828733525
299520287
641023165
781443742
42413225
539829107
789657641
931431575
494740949
331989781
271570660
887543226
718140355
84861720
317321840
46214853
794737601
632385341
933708277
488526072
157383768
906488813
833697782
47924812
118908223
384588633
554904125
110294299
804147238
886631170
561320096
861173508
509673636
102028415
816482286
248024706
24952215
877644455
278851087
175160699
29373583
528433811
105304934
927816502
991101672
994238946
343001573
232048667
369177281
704360053
840966821
469667797
14982405
879425534
178450905
911412608
649691353
919258766
247802615
446638120
222602646
734709742
660185003
198086895
206403744
700698394
733116325
769083427
505978444
868490649
450618143
725152412
558833813
430708909
608873076
157995775
762467835
600224292
201064429
500016316
252796767
489427929
493733363
793240339
462775702
892090068
39343833
738654618
122551196
167084241
457084556
433423909
138678619
271647261
31440927
182913041
795371072
569793369
37701815
755046116
990587853
608207032
122861986
246074580
318017279
742610506
123488446
1029026
150310587
467157353
528834021
801053205
668172936
605003024
670935050
890282798
354953751
539840785
541428480
624941569
484043862
895046658
753624642
258874984
637398797
607715938
217032175
463970563
153523908
820238989
869679054
972621047
359045333
52548739
945365865
940404092
495132343
516930800
900058829
803068035
931868806
747497852
381130838
322150564
459067218
908643661
546692660
511908694
108344879
263723588
352341697
565001961
842845417
398804756
808404846
283779023
294721007
621989325
379855827
247211899
119239255
68340755
825151243
485515868
623001690
449041206
768830793
964039150
22376473
661239265
868560938
698933463
883714890
914827598
642199279
619293808
778668724
624695607
133750235
89352316
919910963
143820485
371562210
109960377
920577140
566510154
923755958
231489314
955805739
630943490
524601760
76090781
181160007
909103680
545675014
430590870
735255065
494912272
42747496
29930997
250568644
636093314
742746923
623062732
46881282
470056398
561906720
306447658
190061641
268284983
292500632
618016187
963550203
549205713
709125770
195878237
427241081
887344918
991173266
872098972
93589824
795519516
95985053
512531371
541033308
167060509
513769769
312532174
932069727
671740819
925517028
977391751
930156164
986450814
540715102
775404526
437550625
923178145
583319763
144289257
219136921
521097366
844092725
203366194
436467606
409953265
43651595
495613748
964523922
161624358
801805302
513606854
597417337
829582265
903847254
798757520
780153261
209195341
827970696
183887801
690385818
969478859
610737527
158059755
341578845
30192241
504264436
231985419
492655347
347888528
649666812
983431362
867916511
428048770
229520036
765856942
57399927
571642827
843864615
631980878
783560304
122431479
191110902
157463972
232420271
14575403
812881280
931013247
128017689
546673239
514140047
100520374
361358818
481609917
274906263
553200889
843532034
968973494
209002784
920524259
425242974
343181211
977399939
73463737
227693002
906568275
836228739
581444532
195373045
432170409
21254841
818746300
503533879
865810382
764234037
721075366
683876224
299683848
35269093
818029095
549035539
262293805
89049090
323921838
14581599
515697237
936471093
283973319
87051368
197448458
25524769
456473182
312102850
607863415
839371557
778925537
322298966
262311881
8845604
273923448
429811207
308732098
9175451
894071049
713513820
958959071
686795097
577123462
619072951
881967467
747154866
463716242
724230081
215973226
309265498
474428882
243933973
831056450
592564989
657878447
431235908
339552659
635944678
275375386
524358673
127615858
202186032
220667262
376879037
238124719
279007622
412460836
440001461
313893869
516831026
558092685
933023549
294706263
62276998
103831038
649461967
318392513
686342959
762627714
324596106
194930218
72617214
287920851
490364017
553946300
477319604
241989145
538324384
48497939
329865415
945895502
664796640
670750635
798716960
939931150
477455397
987181938
790830386
521118935
147165432
934504529
480154255
12552957
402690135
65495993
304148642
268439395
844768723
817202831
120810683
284049925
326580486
962128315
29189122
792851342
695280878
271504623
341630369
940827409
160643222
694666358
352700197
196859840
754257256
522841832
545788138
654859727
10376605
59916773
444926302
909820729
134074725
297905608
566570802
251386736
513442960
116212287
233906066
544209437
552652766
52413849
355260208
349495944
545859203
250651287
673136607
20336547
813462660
655422638
694728756
367434293
947145904
184753145
682651036
327804000
232033134
649154897
11968637
507906492
228748064
835492955
879007163
273438955
239409560
201950519
938019147
421018647
635561551
796585215
226102661
502873309
770139247
320480158
943964746
110659665
528446528
745421423
99174042
796385326
508312796
533935970
400951089
920719910
157590216
706723415
607886377
904218770
373516186
4164656
756095908
196448378
657735751
76424482
630002271
15720479
899626550
355787147
327921170
63642707
744361907
278678031
208177336
739320538
538242143
211882701
237604216
802895539
153053169
80085516
127271050
37073057
110403063
699894908
354855896
749467268
457927003
885331198
44381134
941325690
855456057
714599125
250833976
955655794
945616384
481047275
477863673
129783563
284923686
544149647
693949576
282150917
632988247
335414460
235117934
219537477
648380171
433578599
68129329
874925362
828643726
144759268
339324699
730654029
861031029
524385063
638100561
598779356
100211929
282438406
997702772
405570359
90782973
507994139
853460679
862992934
673551873
279661476
227097612
352353009
935285293
507259988
8341213
708536984
396837981
168943242
815850557
734592160
666758768
650471121
595450793
759039338
554851491
944323412
975367507
409779546
267054048
587646041
552346923
368817217
332757409
653212878
127804222
290034966
473484545
355262212
760854209
106109487
984263418
476505594
163448251
396166049
390650521
958476169
259412478
654783490
122614112
142793609
866359136
411153605
520842860
178461549
824720772
116961153
816943912
955227000
266865403
752676886
890421535
42740054
48050943
978920415
424555484
2382955
322533149
188020478
46977993
407145643
656806569
420537295
456222954
912800900
302322798
607656488
432881888
993847420
207620652
900700012
750672083
583331041
3929957
753960275
663143928
632928990
111694774
16834134
721838148
172747261
176769586
442534485
201039882
322618758
419360095
1653035
780284985
701386763
578710882
161427947
48646731
605396063
545793550
833710362
731169676
800590120
518595841
778068045
279021754
432427051
832429760
760150231
560530380
866621886
598857638
226761379
752251049
828236209
754831114
801195845
610473096
578713687
819053079
837715755
505967881
267571135
473113145
190577497
513469410
164344671
422187000
892548301
115088801
736656468
603951335
621965868
468703010
416771565
941894880
828637292
940722488
137844828
396400922
753924383
779183326
735237248
734226890
633554636
38584238
643406006
142978145
401181268
671680989
222379164
817287496
765975573
710715732
505610288
106687791
55829281
164634860
597150324
685362693
788136836
94796505
762971760
630285511
123341841
279347771
786162195
172423184
839299222
755599271
733997094
765869157
851401819
822340613
771485244
361090173
634082515
18430812
133656161
448162193
406772858
474660051
707219812
166866161
408754881
677470666
697696078
141320544
353984210
429193898
356619960
776531298
521774482
61683949
683177735
141332081
530751607
685801938
559619156
174839945
308104765
250596284
6641491
315057233
17039567
129400998
464952282
1078686
368364902
387091201
907902558
289428488
254748527
139458262
89096762
550517533
768649770
266580758
427179695
632886609
473073004
37288370
460615337
777251992
920849955
122322961
295971379
972285588
24838533
517178070
697620742
235812353
760347939
801723421
649724035
690371515
232770262
929632678
233526967
878413582
341788788
929260667
558991642
868495119
807071305
294241757
97149098
19369476
920070625
868073377
242713701
216682175
82262324
683473582
296173457
180469289
131878490
536249137
887725653
244412045
951397347
106369825
