856917757
740468867
961153828
696126747
800037194
598753769
719590310
741403645
913986932
902514528
784793064
938879647
874124120
800037194
961153828
856917757
717902332
759500258
979345235
641357734
537210657
902514528
874505500
924285778
965153370
911726416
911726416
881278514
876684622
0
683293422
897484223
997003579
950317099
537210657
589485228
537210657
938879647
0
893411662
696126747
322629526
876684622
783396695
965153370
424009133
897832345
938879647
866635320
961153828
793237527
850699778
938879647
790075106
967880371
876684622
822140951
871429071
874505500
860661993
856917757
51907033
965153370
740468867
575657278
979345235
0
427622560
940696551
240140012
961153828
870681094
747492316
864788012
115847344
997852162
950263819
856917757
897484223
728703383
729994569
904099571
947308968
822053880
697252627
811019117
897484223
0
773061883
831525452
800037194
985124338
851454292
876684622
746901656
0
706526992
525769952
876684622
856917757
688017856
746901656
902514528
800037194
871942382
870681094
442027084
827487693
989549766
627553001
828948219
632959986
961153828
625018451
696126747
749709314
893321305
988103646
0
175821643
856917757
404382499
836344234
928653476
913986932
459252052
746901656
871942382
887665801
981898113
973276780
658110719
856917757
676937489
881491454
558349775
746580131
876684622
316244583
831525452
856917757
940696551
897484223
682352357
994896778
645553716
230077817
658110719
0
0
823116766
759500258
961153828
950263819
897832345
928653476
800412980
810649729
613017677
913986932
810649729
910283055
707299452
724610434
934638789
891159268
749938569
994681320
989549766
42258319
0
924285778
779575612
798203136
856917757
938879647
505048913
0
913986932
876684622
617540437
613017677
507022602
850699778
773105263
746580131
979345235
688017856
994681320
682407505
849526456
782596906
856917757
930573653
774758958
309793342
588879152
763145661
811019117
439576281
838081494
965153370
742178620
0
740468867
902514528
746901656
811019117
721148160
719590310
614759453
928653476
924285778
961153828
926465748
0
911726416
998886227
938879647
871942382
688017856
936718284
876684622
857616911
856917757
378787937
59554269
396632935
773061883
856917757
965153370
989549766
866635320
994681320
913986932
588879152
856917757
891836980
874505500
876684622
856917757
876684622
856917757
868344324
893321305
444696885
781737245
729101299
0
902514528
855149156
831525452
564603182
934272303
868344324
940696551
573386516
926465748
378787937
967880371
759500258
902057879
998886227
989509406
728703383
876684622
876684622
856917757
856917757
659977892
800037194
706526992
949520064
940696551
997764271
874505500
995110302
637307915
856917757
893321305
876684622
800037194
639072513
876684622
856917757
870681094
779575612
926465748
902514528
783857975
845415985
856917757
176050270
856917757
981898113
876684622
897484223
876684622
902895633
315057376
876684622
876684622
874505500
856917757
902210196
537210657
897484223
803970931
755294305
831525452
930573653
913986932
913477347
800037194
926465748
902514528
692341994
874505500
879599045
973263104
543716622
746901656
909546235
866635320
0
656597964
965153370
876684622
790075106
106997119
0
855149156
907214522
956960948
868344324
979345235
980480965
800475301
870681094
0
950317099
625018451
994681320
897832345
902514528
856917757
838084209
994681320
800475301
981898113
994681320
897484223
856917757
678729262
0
550022789
856917757
688017856
902210196
897484223
948505375
876684622
956960948
711382492
910283055
893321305
845415985
902514528
856917757
0
590280808
856917757
988103646
972038612
938879647
870681094
587600293
871942382
790075106
876684622
696126747
783857975
902514528
412563825
687714507
856917757
336175857
567335734
0
994681320
224800609
940696551
856917757
367769723
746901656
871942382
981898113
902895633
856917757
856917757
0
926465748
904333093
794610682
831525452
876684622
871429071
926465748
856917757
871942382
0
0
898441074
782596906
697714585
897675829
870681094
850699778
627974010
856917757
758086749
0
938879647
592021101
937972764
876684622
800037194
902210196
851454292
602595794
782596906
913986932
565169233
950317099
769596371
800037194
831525452
782596906
913986932
938879647
740468867
714227543
869954763
985124338
682407505
868344324
790075106
965153370
474192443
188108896
531509871
891187827
409302237
902514528
855149156
520409957
773105263
902210196
780302861
897484223
868344324
902210196
989175474
856917757
973263104
913986932
831525452
966781815
930573653
51907033
782596906
876684622
0
940696551
950263819
994681320
965153370
902263596
871429071
969879000
979345235
868344324
811695093
719590310
913986932
715526477
856917757
983624887
897832345
434350213
871942382
504476440
876684622
856917757
947308968
790075106
837480956
913477347
774758958
714259488
639945181
692341994
856917757
575657278
910283055
505232809
973007649
947308968
962806963
640612910
845596237
141581028
831525452
930573653
876684622
856917757
909546235
623729714
874505500
866141394
902263596
856917757
773061883
838879359
856917757
856917757
868344324
897832345
740468867
561196493
678966828
850699778
755294305
5472763
831525452
979345235
856917757
856917757
979345235
838084209
711382492
994681320
926465748
979345235
706526992
856917757
959026135
938879647
866141394
994896778
745345287
531609863
981898113
879360957
383706994
988117763
913986932
939615529
441083693
868344324
454690101
800037194
341138831
956960948
666001166
856917757
616523412
800037194
891187827
908484461
902210196
994681320
856917757
572173999
998886227
839755308
947308968
442472720
654294635
856917757
397827780
811695093
0
887665801
233690375
913986932
968826420
627974010
763969351
0
351394135
632649798
730006220
876684622
910283055
565169233
871942382
0
746901656
967880371
910074394
903071672
0
617413589
589826863
773061883
965153370
623615682
910074394
504160532
979345235
913986932
994681320
957987347
876684622
856917757
910074394
856917757
902514528
930573653
442472720
950263819
876684622
800037194
979345235
957987347
740468867
831525452
856917757
487486912
589485228
268787890
868344324
913986932
779575612
447642476
868344324
946951776
856917757
0
639945181
979345235
897832345
979345235
836344234
351915669
994681320
876684622
811695093
828948219
988117763
957987347
773105263
469328180
876684622
910074394
856917757
793194183
696126747
645553716
527818093
200200165
831525452
913986932
0
696126747
775431797
0
641070942
349971199
677922617
995110302
757313344
663686427
855149156
897484223
206911572
979345235
902514528
902514528
0
940696551
940347547
438899539
600961961
960528421
888914509
948505375
997764271
876684622
888914509
902210196
994681320
940696551
856917757
832684441
930573653
0
715526477
0
467830662
800880080
687251114
396054794
910283055
926465748
746901656
876684622
913986932
940696551
876684622
856917757
940347547
994681320
857616911
911726416
985124338
0
856917757
856917757
856917757
720323262
989549766
979345235
800037194
979345235
746901656
773105263
866635320
823116766
938030195
950317099
856917757
774758958
876684622
913986932
654294635
630267550
928653476
876684622
913986932
331621458
897832345
860661993
709907028
928653476
475747582
795771389
981898113
755294305
175998191
892608721
965153370
893321305
711382492
856917757
902210196
968794395
0
835948916
938879647
782596906
874505500
913986932
800037194
831525452
856917757
857616911
856917757
685701449
898441074
639049315
592021101
458106016
706526992
856917757
547062738
728703383
893321305
874505500
902514528
965153370
987295756
940696551
988117763
856917757
794610682
966781815
876684622
938879647
968826420
989549766
759500258
940347547
988117763
856917757
898441074
773105263
645271244
820542964
973263104
965153370
575657278
438807466
961153828
864788012
909546235
938030195
876684622
870681094
972038612
0
866635320
394901003
967880371
893321305
800475301
488353150
848034764
856917757
712551677
994681320
856917757
493461660
819934760
466416776
853321570
876684622
913986932
330136493
711382492
349372156
831525452
723205463
369009202
959261297
800037194
856917757
902210196
696126747
811019117
962806963
792430016
876684622
588762335
865635198
524474443
759500258
0
640612910
913986932
857616911
715575749
752739943
856917757
871429071
960528421
408360445
856917757
864788012
783857975
902210196
837993496
973007649
913986932
911726416
876684622
902514528
913986932
994681320
961153828
0
0
466416776
163883689
746901656
751856732
988103646
573645664
831525452
617413589
989549766
848266029
947308968
0
683182363
0
868344324
965153370
988103646
0
961153828
998886227
940696551
961153828
848034764
979345235
439576281
909203656
746580131
762402595
940696551
856917757
913986932
485794968
910074394
565030597
0
887665801
876684622
866635320
856917757
910283055
967880371
723205463
918494395
0
856917757
907214522
871942382
961153828
714230124
242640639
0
709907028
868344324
635129965
876684622
856917757
487486912
887665801
979345235
589485228
376165385
856917757
685794839
897832345
952783930
856917757
856917757
0
800037194
994681320
440224562
874505500
689780879
0
513273584
876684622
565450671
786606773
800037194
607357607
954657756
746901656
989549766
627585079
868344324
851454292
856917757
979345235
876684622
856917757
790075106
732313676
635329301
811019117
645271244
535500644
912680023
910074394
364561864
175429942
994681320
866635320
763969351
444517838
910283055
755294305
633466365
940696551
994681320
879360957
979345235
692341994
387743830
639072513
746901656
775986312
607357607
766966053
354551810
876684622
0
897832345
623615682
860661993
21629838
0
745345287
746901656
938030195
972038612
728703383
989549766
322629526
745345287
876684622
986792905
876684622
950263819
876684622
931644545
857422491
672248025
994681320
855149156
868344324
122421416
775986312
985124338
856917757
738923129
531609863
909546235
876684622
315057376
997764271
913986932
986792905
623729714
835040007
902210196
856917757
913477347
876684622
189985097
924285778
605177851
856917757
719640547
937972764
876684622
947308968
774758958
641070942
973808853
774758958
987295756
579937735
938030195
856917757
792430016
714227543
937972764
938879647
800475301
683182363
871355137
597295795
954256895
865635198
0
714230124
0
856917757
856917757
556909799
876684622
678729262
856917757
229586690
676937489
451797892
746901656
876684622
902514528
881278514
112160158
864788012
853321570
829616141
0
856917757
853321570
712551677
790075106
871942382
742178620
476390882
783857975
724610434
856917757
876684622
876684622
840722006
876684622
981898113
773105263
902210196
972038612
0
961153828
938879647
648898989
876684622
720323262
876684622
309793342
704603568
827487693
994681320
907214522
876684622
788112702
678729262
856917757
897832345
946951776
706526992
856917757
990924617
940347547
718533068
438807466
950263819
43142594
635690623
909546235
856917757
973808853
792430016
986612139
876684622
856917757
950317099
746901656
902210196
891187827
907214522
871355137
866635320
222479259
746901656
856917757
871942382
985124338
876684622
745345287
965153370
635690623
876684622
979345235
949520064
161236586
871942382
864788012
994681320
299139144
876684622
888914509
856917757
627974010
314597239
938879647
856917757
753737947
831525452
956960948
856917757
962806963
276791953
876684622
897484223
856917757
940696551
989549766
827487693
940347547
938879647
813977088
960528421
856917757
856917757
913986932
887665801
689997674
973808853
876684622
998886227
957987347
2720810
856917757
856917757
64357637
979345235
913986932
856917757
902210196
985124338
0
965153370
913986932
698774978
577114241
0
871942382
831525452
495724165
497730776
983615406
913986932
0
856917757
563318953
963068145
902263596
706526992
902210196
897832345
913986932
950317099
910283055
0
856917757
926465748
893321305
938030195
934854942
856917757
761335219
828762759
706526992
820316233
497295307
307420438
856917757
772438351
773105263
913986932
0
913986932
902514528
856917757
439576281
762402595
687714507
775471222
856917757
856917757
968826420
938030195
783396695
0
866141394
779575612
902514528
856917757
871942382
902210196
831525452
800037194
0
703100044
876684622
856917757
856917757
169357171
84208155
866141394
898441074
965153370
800037194
845379128
484160977
938030195
851454292
0
752739943
321261421
938879647
970579605
141518468
954256895
940347547
864788012
940347547
876684622
998886227
166432424
856917757
698774978
954153046
0
902514528
856917757
609200521
897832345
793194183
902017637
940696551
717108690
467206059
829616141
856917757
893321305
0
876684622
575657278
856917757
950263819
856917757
930573653
851454292
746901656
565450671
732558032
902514528
485937974
856917757
0
897832345
899911516
973808853
856917757
856917757
749938569
938879647
907214522
913986932
800037194
956960948
825409788
871942382
604441377
851454292
876684622
0
950263819
994681320
979345235
902210196
707139272
223416029
0
570910606
876684622
913986932
856917757
847008226
791882587
937972764
897832345
600522017
907214522
994681320
856917757
940696551
467988610
876684622
893321305
940347547
774758958
935767772
871355137
910283055
871942382
876684622
854080966
831525452
676987950
910283055
360633289
837480956
897832345
928653476
997764271
938030195
831525452
856917757
445092984
965153370
856917757
965153370
874505500
965153370
907214522
926465748
807741645
639945181
902057879
911726416
757668806
811695093
950263819
876684622
848266029
874505500
902210196
983624887
902057879
0
856917757
856917757
913986932
959261297
0
950263819
876684622
856917757
789808894
938879647
860661993
876684622
874505500
827487693
122868593
911726416
989549766
856917757
792430016
876684622
0
881491454
897484223
902514528
793237527
926465748
0
897832345
0
646990440
940696551
616015075
913986932
742178620
489656342
856917757
856917757
893321305
994681320
856917757
856917757
954153046
856917757
0
938879647
960528421
876684622
926465748
870681094
679735506
897484223
992180651
484182317
678729262
868344324
856917757
424320356
959026135
856917757
759500258
794610682
876684622
972038612
377041504
9437955
938879647
40346806
902514528
264582005
831525452
868344324
994681320
299139144
632959986
876684622
950317099
790075106
800037194
857616911
0
605333771
910283055
950317099
913986932
577644546
880052615
881923591
493026530
940696551
997852162
870681094
782596906
780302861
902514528
856917757
926465748
856917757
998886227
868344324
998886227
856917757
829550126
34286912
0
640612910
979345235
908484461
267052828
856917757
874505500
856917757
0
876684622
763145661
913986932
950317099
888805824
535500644
0
856917757
774758958
983624887
968794395
809164657
774758958
959026135
773061883
800037194
827487693
946951776
930573653
700581402
880052615
586398353
0
876684622
773061883
879599045
876684622
802040734
988117763
782596906
930573653
729101299
845415985
0
674847256
961153828
364379177
891059840
960528421
856917757
683182363
893321305
829550126
888914509
902210196
913986932
794569545
711382492
800037194
698774978
733788692
731634796
876684622
249452904
0
891187827
876684622
913986932
730006220
802040734
957987347
719590310
876684622
570754330
0
377041504
902263596
874505500
435475253
689997674
831525452
619744078
965153370
856917757
902210196
800037194
913986932
0
897484223
746901656
913986932
868344324
772438351
669489460
856917757
937972764
794610682
907214522
706526992
988117763
0
934638789
832684441
979345235
285102908
913986932
749041384
715575749
512698950
902210196
65234307
913986932
876684622
913986932
940696551
507211840
820542964
800412980
138818348
706526992
820542964
973276780
946951776
902210196
662692702
940347547
856917757
857559240
876684622
989509406
782596906
807741645
254450640
738805304
856917757
706526992
938879647
902514528
481797122
247861814
856917757
749938569
913986932
994681320
0
887665801
938030195
798692186
0
871355137
902514528
887665801
950263819
856917757
529524566
994681320
0
487486912
937972764
856917757
537210657
969879000
793237527
0
940347547
881278514
994681320
295214230
641082854
730161299
868344324
876684622
913986932
728703383
740468867
117786772
876684622
940347547
724610434
728703383
487486912
745345287
315057376
897484223
961153828
868344324
0
891187827
856917757
467206059
592163050
952783930
773061883
934272303
868344324
940347547
856917757
782596906
934272303
723205463
751856732
856917757
994681320
997003579
859301269
887665801
0
876684622
897832345
120060793
989509406
579855743
953599988
902514528
740272085
876684622
909546235
593966543
876684622
961153828
960528421
604441377
623125503
938030195
968794395
934854942
782596906
856917757
909546235
911726416
937972764
871429071
716465986
948505375
987295756
856917757
902514528
0
738923129
880052615
994681320
746901656
856917757
907214522
961153828
763097891
928653476
0
225977772
876684622
856917757
979345235
588879152
682407505
876684622
870681094
902210196
811695093
871942382
579855743
268715958
997003579
868344324
857559240
740468867
0
800037194
606149417
745345287
0
876684622
800037194
349372156
856917757
888914509
226081221
749938569
240138152
973007649
580859352
866141394
910283055
856917757
322629526
961153828
395771550
876684622
902514528
772651702
913986932
850921506
967880371
0
913986932
965153370
973007649
913986932
633093914
534045965
961153828
0
285870517
749938569
938879647
856917757
913986932
0
0
876684622
940696551
876684622
856917757
459335509
876684622
256647751
866635320
746901656
856917757
902514528
856917757
856917757
774758958
994681320
881491454
891187827
998886227
866635320
856917757
685701449
779575612
869295195
716954586
856917757
488954603
440224562
773105263
983624887
876684622
0
800037194
866635320
656497960
856917757
938879647
359023745
994681320
902514528
948505375
988117763
0
857616911
856917757
747492316
937972764
897484223
856917757
746901656
510139282
967880371
986612139
876684622
888914509
876684622
489656342
891836980
961153828
938030195
714259488
466182289
876684622
913986932
0
783857975
876684622
389949273
871942382
856917757
782596906
870681094
749938569
870681094
997852162
229325681
719590310
454690101
876684622
907214522
909546235
800037194
952783930
520910024
65300419
952783930
758702897
897832345
856917757
897832345
910283055
871429071
897832345
0
0
0
994681320
0
466293334
856917757
831525452
940696551
675782700
979345235
913986932
856917757
994681320
0
893321305
940696551
913986932
773105263
757215664
902514528
382391695
868344324
749938569
876684622
895776202
954657756
880762587
897832345
978258708
792430016
961153828
891836980
766884073
0
728703383
949520064
907214522
638204597
856917757
0
868344324
866141394
902210196
897484223
856917757
961153828
910283055
987295756
856917757
856917757
800475301
847008226
876684622
810649729
994681320
848034764
874124120
845596237
967880371
981898113
856917757
625018451
876684622
902514528
874505500
902514528
969561938
856917757
658275405
856917757
850699778
938030195
868344324
632959986
897832345
965153370
0
732313676
937972764
947308968
950263819
306982118
959261297
985124338
394001619
856917757
591198376
960528421
876684622
144036920
0
856917757
950263819
880762587
876684622
