! 452985
! 189955
! 323777
! 630591
! 6483
! 78987
! 439333
! 100451
! 154475
! 101927
! 40129
! 184799
! 164265
! 95417
! 33611
! 61619
! 231767
! 6999
! 92927
! 355004
! 30188
! 235975
! 188845
! 16973
! 66626
! 35989
! 290039
! 336995
! 40544
! 12067
! 11073
! 27967
! 251248
! 48287
! 132074
! 10933
! 92247
! 8319
! 82302
! 656809
! 115279
! 59309
! 96879
! 17135
! 135351
! 137903
! 76959
! 398910
! 53439
! 25493
! 374589
! 121259
! 84527
! 110549
! 276039
! 64193
! 258455
! 564731
! 70556
! 262343
! 352639
! 261386
! 15116
! 63902
! 87119
! 129811
! 75239
! 30752
! 289566
! 25025
! 275977
! 2825
! 224444
! 43094
! 91623
! 202381
! 50651
! 3856
! 93983
! 55989
! 133769
! 170943
! 283019
! 41327
! 581462
! 17837
! 170866
! 330071
! 30635
! 11507
! 44999
! 248447
! 439127
! 22099
! 764559
! 4001
! 5037
! 7393
! 6722
! 803459
