252
126 1 2 3 4 5 7 8 9 10 12 13 14 16 17 19 22 23 24 25 27 28 29 31 32 34 37 38 39 41 42 44 47 48 50 53 57 58 59 60 62 63 64 66 67 69 72 73 74 76 77 79 82 83 85 88 92 93 94 96 97 99 102 103 105 108 112 113 115 118 122 127 128 129 130 132 133 134 136 137 139 142 143 144 146 147 149 152 153 155 158 162 163 164 166 167 169 172 173 175 178 182 183 185 188 192 197 198 199 201 202 204 207 208 210 213 217 218 220 223 227 232 233 235 238 242 247 
126 1 2 3 4 6 7 8 9 11 12 13 15 16 18 20 22 23 24 26 27 28 30 31 33 35 37 38 40 41 43 45 47 49 51 54 57 58 59 61 62 63 65 66 68 70 72 73 75 76 78 80 82 84 86 89 92 93 95 96 98 100 102 104 106 109 112 114 116 119 123 127 128 129 131 132 133 135 136 138 140 142 143 145 146 148 150 152 154 156 159 162 163 165 166 168 170 172 174 176 179 182 184 186 189 193 197 198 200 201 203 205 207 209 211 214 217 219 221 224 228 232 234 236 239 243 248 
126 1 2 3 5 6 7 8 10 11 12 14 15 17 18 21 22 23 25 26 27 29 30 32 33 36 37 39 40 42 43 46 48 49 52 55 57 58 60 61 62 64 65 67 68 71 72 74 75 77 78 81 83 84 87 90 92 94 95 97 98 101 103 104 107 110 113 114 117 120 124 127 128 130 131 132 134 135 137 138 141 142 144 145 147 148 151 153 154 157 160 162 164 165 167 168 171 173 174 177 180 183 184 187 190 194 197 199 200 202 203 206 208 209 212 215 218 219 222 225 229 233 234 237 240 244 249 
126 1 2 4 5 6 7 9 10 11 13 14 15 19 20 21 22 24 25 26 28 29 30 34 35 36 38 39 40 44 45 46 50 51 52 56 57 59 60 61 63 64 65 69 70 71 73 74 75 79 80 81 85 86 87 91 93 94 95 99 100 101 105 106 107 111 115 116 117 121 125 127 129 130 131 133 134 135 139 140 141 143 144 145 149 150 151 155 156 157 161 163 164 165 169 170 171 175 176 177 181 185 186 187 191 195 198 199 200 204 205 206 210 211 212 216 220 221 222 226 230 235 236 237 241 245 250 
126 1 3 4 5 6 8 9 10 11 16 17 18 19 20 21 23 24 25 26 31 32 33 34 35 36 41 42 43 44 45 46 53 54 55 56 58 59 60 61 66 67 68 69 70 71 76 77 78 79 80 81 88 89 90 91 96 97 98 99 100 101 108 109 110 111 118 119 120 121 126 128 129 130 131 136 137 138 139 140 141 146 147 148 149 150 151 158 159 160 161 166 167 168 169 170 171 178 179 180 181 188 189 190 191 196 201 202 203 204 205 206 213 214 215 216 223 224 225 226 231 238 239 240 241 246 251 
126 2 3 4 5 6 12 13 14 15 16 17 18 19 20 21 27 28 29 30 31 32 33 34 35 36 47 48 49 50 51 52 53 54 55 56 62 63 64 65 66 67 68 69 70 71 82 83 84 85 86 87 88 89 90 91 102 103 104 105 106 107 108 109 110 111 122 123 124 125 126 132 133 134 135 136 137 138 139 140 141 152 153 154 155 156 157 158 159 160 161 172 173 174 175 176 177 178 179 180 181 192 193 194 195 196 207 208 209 210 211 212 213 214 215 216 227 228 229 230 231 242 243 244 245 246 252 
126 7 8 9 10 11 12 13 14 15 16 17 18 19 20 21 37 38 39 40 41 42 43 44 45 46 47 48 49 50 51 52 53 54 55 56 72 73 74 75 76 77 78 79 80 81 82 83 84 85 86 87 88 89 90 91 112 113 114 115 116 117 118 119 120 121 122 123 124 125 126 142 143 144 145 146 147 148 149 150 151 152 153 154 155 156 157 158 159 160 161 182 183 184 185 186 187 188 189 190 191 192 193 194 195 196 217 218 219 220 221 222 223 224 225 226 227 228 229 230 231 247 248 249 250 251 252 
126 22 23 24 25 26 27 28 29 30 31 32 33 34 35 36 37 38 39 40 41 42 43 44 45 46 47 48 49 50 51 52 53 54 55 56 92 93 94 95 96 97 98 99 100 101 102 103 104 105 106 107 108 109 110 111 112 113 114 115 116 117 118 119 120 121 122 123 124 125 126 162 163 164 165 166 167 168 169 170 171 172 173 174 175 176 177 178 179 180 181 182 183 184 185 186 187 188 189 190 191 192 193 194 195 196 232 233 234 235 236 237 238 239 240 241 242 243 244 245 246 247 248 249 250 251 252 
126 57 58 59 60 61 62 63 64 65 66 67 68 69 70 71 72 73 74 75 76 77 78 79 80 81 82 83 84 85 86 87 88 89 90 91 92 93 94 95 96 97 98 99 100 101 102 103 104 105 106 107 108 109 110 111 112 113 114 115 116 117 118 119 120 121 122 123 124 125 126 197 198 199 200 201 202 203 204 205 206 207 208 209 210 211 212 213 214 215 216 217 218 219 220 221 222 223 224 225 226 227 228 229 230 231 232 233 234 235 236 237 238 239 240 241 242 243 244 245 246 247 248 249 250 251 252 
126 127 128 129 130 131 132 133 134 135 136 137 138 139 140 141 142 143 144 145 146 147 148 149 150 151 152 153 154 155 156 157 158 159 160 161 162 163 164 165 166 167 168 169 170 171 172 173 174 175 176 177 178 179 180 181 182 183 184 185 186 187 188 189 190 191 192 193 194 195 196 197 198 199 200 201 202 203 204 205 206 207 208 209 210 211 212 213 214 215 216 217 218 219 220 221 222 223 224 225 226 227 228 229 230 231 232 233 234 235 236 237 238 239 240 241 242 243 244 245 246 247 248 249 250 251 252 
5 1 2 3 4 5 
5 1 2 3 4 6 
5 1 2 3 5 6 
5 1 2 4 5 6 
5 1 3 4 5 6 
5 2 3 4 5 6 
5 1 2 3 4 7 
5 1 2 3 5 7 
5 1 2 4 5 7 
5 1 3 4 5 7 
5 2 3 4 5 7 
5 1 2 3 6 7 
5 1 2 4 6 7 
5 1 3 4 6 7 
5 2 3 4 6 7 
5 1 2 5 6 7 
5 1 3 5 6 7 
5 2 3 5 6 7 
5 1 4 5 6 7 
5 2 4 5 6 7 
5 3 4 5 6 7 
5 1 2 3 4 8 
5 1 2 3 5 8 
5 1 2 4 5 8 
5 1 3 4 5 8 
5 2 3 4 5 8 
5 1 2 3 6 8 
5 1 2 4 6 8 
5 1 3 4 6 8 
5 2 3 4 6 8 
5 1 2 5 6 8 
5 1 3 5 6 8 
5 2 3 5 6 8 
5 1 4 5 6 8 
5 2 4 5 6 8 
5 3 4 5 6 8 
5 1 2 3 7 8 
5 1 2 4 7 8 
5 1 3 4 7 8 
5 2 3 4 7 8 
5 1 2 5 7 8 
5 1 3 5 7 8 
5 2 3 5 7 8 
5 1 4 5 7 8 
5 2 4 5 7 8 
5 3 4 5 7 8 
5 1 2 6 7 8 
5 1 3 6 7 8 
5 2 3 6 7 8 
5 1 4 6 7 8 
5 2 4 6 7 8 
5 3 4 6 7 8 
5 1 5 6 7 8 
5 2 5 6 7 8 
5 3 5 6 7 8 
5 4 5 6 7 8 
5 1 2 3 4 9 
5 1 2 3 5 9 
5 1 2 4 5 9 
5 1 3 4 5 9 
5 2 3 4 5 9 
5 1 2 3 6 9 
5 1 2 4 6 9 
5 1 3 4 6 9 
5 2 3 4 6 9 
5 1 2 5 6 9 
5 1 3 5 6 9 
5 2 3 5 6 9 
5 1 4 5 6 9 
5 2 4 5 6 9 
5 3 4 5 6 9 
5 1 2 3 7 9 
5 1 2 4 7 9 
5 1 3 4 7 9 
5 2 3 4 7 9 
5 1 2 5 7 9 
5 1 3 5 7 9 
5 2 3 5 7 9 
5 1 4 5 7 9 
5 2 4 5 7 9 
5 3 4 5 7 9 
5 1 2 6 7 9 
5 1 3 6 7 9 
5 2 3 6 7 9 
5 1 4 6 7 9 
5 2 4 6 7 9 
5 3 4 6 7 9 
5 1 5 6 7 9 
5 2 5 6 7 9 
5 3 5 6 7 9 
5 4 5 6 7 9 
5 1 2 3 8 9 
5 1 2 4 8 9 
5 1 3 4 8 9 
5 2 3 4 8 9 
5 1 2 5 8 9 
5 1 3 5 8 9 
5 2 3 5 8 9 
5 1 4 5 8 9 
5 2 4 5 8 9 
5 3 4 5 8 9 
5 1 2 6 8 9 
5 1 3 6 8 9 
5 2 3 6 8 9 
5 1 4 6 8 9 
5 2 4 6 8 9 
5 3 4 6 8 9 
5 1 5 6 8 9 
5 2 5 6 8 9 
5 3 5 6 8 9 
5 4 5 6 8 9 
5 1 2 7 8 9 
5 1 3 7 8 9 
5 2 3 7 8 9 
5 1 4 7 8 9 
5 2 4 7 8 9 
5 3 4 7 8 9 
5 1 5 7 8 9 
5 2 5 7 8 9 
5 3 5 7 8 9 
5 4 5 7 8 9 
5 1 6 7 8 9 
5 2 6 7 8 9 
5 3 6 7 8 9 
5 4 6 7 8 9 
5 5 6 7 8 9 
5 1 2 3 4 10 
5 1 2 3 5 10 
5 1 2 4 5 10 
5 1 3 4 5 10 
5 2 3 4 5 10 
5 1 2 3 6 10 
5 1 2 4 6 10 
5 1 3 4 6 10 
5 2 3 4 6 10 
5 1 2 5 6 10 
5 1 3 5 6 10 
5 2 3 5 6 10 
5 1 4 5 6 10 
5 2 4 5 6 10 
5 3 4 5 6 10 
5 1 2 3 7 10 
5 1 2 4 7 10 
5 1 3 4 7 10 
5 2 3 4 7 10 
5 1 2 5 7 10 
5 1 3 5 7 10 
5 2 3 5 7 10 
5 1 4 5 7 10 
5 2 4 5 7 10 
5 3 4 5 7 10 
5 1 2 6 7 10 
5 1 3 6 7 10 
5 2 3 6 7 10 
5 1 4 6 7 10 
5 2 4 6 7 10 
5 3 4 6 7 10 
5 1 5 6 7 10 
5 2 5 6 7 10 
5 3 5 6 7 10 
5 4 5 6 7 10 
5 1 2 3 8 10 
5 1 2 4 8 10 
5 1 3 4 8 10 
5 2 3 4 8 10 
5 1 2 5 8 10 
5 1 3 5 8 10 
5 2 3 5 8 10 
5 1 4 5 8 10 
5 2 4 5 8 10 
5 3 4 5 8 10 
5 1 2 6 8 10 
5 1 3 6 8 10 
5 2 3 6 8 10 
5 1 4 6 8 10 
5 2 4 6 8 10 
5 3 4 6 8 10 
5 1 5 6 8 10 
5 2 5 6 8 10 
5 3 5 6 8 10 
5 4 5 6 8 10 
5 1 2 7 8 10 
5 1 3 7 8 10 
5 2 3 7 8 10 
5 1 4 7 8 10 
5 2 4 7 8 10 
5 3 4 7 8 10 
5 1 5 7 8 10 
5 2 5 7 8 10 
5 3 5 7 8 10 
5 4 5 7 8 10 
5 1 6 7 8 10 
5 2 6 7 8 10 
5 3 6 7 8 10 
5 4 6 7 8 10 
5 5 6 7 8 10 
5 1 2 3 9 10 
5 1 2 4 9 10 
5 1 3 4 9 10 
5 2 3 4 9 10 
5 1 2 5 9 10 
5 1 3 5 9 10 
5 2 3 5 9 10 
5 1 4 5 9 10 
5 2 4 5 9 10 
5 3 4 5 9 10 
5 1 2 6 9 10 
5 1 3 6 9 10 
5 2 3 6 9 10 
5 1 4 6 9 10 
5 2 4 6 9 10 
5 3 4 6 9 10 
5 1 5 6 9 10 
5 2 5 6 9 10 
5 3 5 6 9 10 
5 4 5 6 9 10 
5 1 2 7 9 10 
5 1 3 7 9 10 
5 2 3 7 9 10 
5 1 4 7 9 10 
5 2 4 7 9 10 
5 3 4 7 9 10 
5 1 5 7 9 10 
5 2 5 7 9 10 
5 3 5 7 9 10 
5 4 5 7 9 10 
5 1 6 7 9 10 
5 2 6 7 9 10 
5 3 6 7 9 10 
5 4 6 7 9 10 
5 5 6 7 9 10 
5 1 2 8 9 10 
5 1 3 8 9 10 
5 2 3 8 9 10 
5 1 4 8 9 10 
5 2 4 8 9 10 
5 3 4 8 9 10 
5 1 5 8 9 10 
5 2 5 8 9 10 
5 3 5 8 9 10 
5 4 5 8 9 10 
5 1 6 8 9 10 
5 2 6 8 9 10 
5 3 6 8 9 10 
5 4 6 8 9 10 
5 5 6 8 9 10 
5 1 7 8 9 10 
5 2 7 8 9 10 
5 3 7 8 9 10 
5 4 7 8 9 10 
5 5 7 8 9 10 
5 6 7 8 9 10 
