203024581
406049162
564896556
635389576
555228541
906554309
437265993
71115848
775676417
337706344
350357212
457034469
722748223
526369097
325585561
265578162
736517264
25553914
665763026
497278690
100482503
353398737
478140865
638224087
887337677
966602012
192829820
667739887
757839658
965315521
201065728
305126842
358165238
990147647
882143695
777775303
612843182
269525974
563358278
253616222
182691338
453231370
244996979
390691231
226930524
147265861
661340840
39488080
321805787
272581652
425717657
352953131
856855242
383956266
38237617
74524701
410118528
356696961
440827563
51129484
524495053
852582867
841398070
394492499
988576077
882334442
486722235
344801327
298283812
675974101
542517764
348292316
200917643
784882447
474553105
478666085
964267039
163676643
867368835
646479552
38157412
553618380
317522198
934070682
409534463
682934453
806558484
541911564
980734779
727790157
113955962
913629533
627564494
927929725
790803402
370421743
440818653
50372715
460871273
42013695
80853092
312300457
51374644
819201366
316359542
5176721
293920529
971734720
916980473
201942428
175065960
849670888
965871418
627078776
497613752
777260634
618582784
248282051
781008389
891790867
22722969
29543018
949291254
863502391
279670684
521760604
927004815
843948792
81251983
82687557
815906444
801219100
32984759
593185655
247722221
914318429
708635460
317222216
526228680
647187982
388200493
327580935
265205549
231933196
563261322
646791415
530131058
535413042
632623288
549124245
750093671
2471256
759291952
362667353
405041562
585383352
750267844
81205160
594019836
803038561
855850308
967429912
781883851
383926287
656713857
550478337
464016790
89182058
92118098
371520713
7632637
882975328
964253706
983888986
294971254
139363520
246375637
84569469
537109694
896310055
252261639
906707143
927838359
224862244
657149904
827139003
560261247
671519424
314596735
579185721
811994408
561951608
702328602
812372549
3859910
196238815
784044647
733613743
67246075
609195039
285524685
380472553
381131795
502790931
448635960
870494657
919814544
516549640
409396110
198759910
784181739
714572677
522166422
937832959
727216513
268510973
771563385
661056955
64240951
677903698
959196315
287882811
577919815
662597948
153426962
814330094
375316580
179134251
464614871
935626078
299750557
326854057
250464768
531908169
776236625
918287073
642114078
193020062
501321797
140630140
641329239
700375215
406249133
75556940
340358865
278428070
289889434
171542018
405220149
364043145
514489126
872678410
633276525
617959174
432579057
596188542
102894350
412571368
720549252
962133109
885484475
426689460
21882439
769646045
687750842
699182104
593476640
201396733
227421116
243344037
279739712
18489825
160097597
470619421
859829163
458896470
19520214
647361717
740982921
69240234
163583562
61585545
650853222
855406874
429231339
940204459
438873664
126277747
31572852
382715791
559670138
342517827
218687528
503139833
443693902
587526467
961126045
857529593
65278569
134553091
226019646
19410375
184231249
308880784
503469875
781387072
856317464
879220635
676260354
888503332
982278321
285392276
888049706
698435911
688410212
787032339
920230528
157982809
846353322
431014188
725255617
408326991
67596000
983627365
255750180
661212367
775371265
20441124
340712864
748263692
912864151
112226400
526515120
329968696
503834615
153208508
749602016
382752727
163467256
645279063
780598378
914013535
697495657
74451288
286994135
918879083
69494216
260156183
70059577
202141163
552370079
686558174
443548716
575266442
817397649
745286817
39337789
964124817
35881124
23484374
272859471
120655674
69567627
358273125
172197551
827706886
710642944
921351943
115131408
585511
208978092
656150971
818533044
304104798
375947271
803918223
15202911
491562676
977675960
973291171
31739215
387214117
757206663
523646878
91695050
178152550
526862797
571054551
211450094
856144158
239931349
230032096
832731127
86095511
917252589
69208959
431375204
447532421
115883882
421692907
658067954
810259027
790660968
743326746
656391775
600649634
246645839
804254041
948082817
113317994
275625077
609333291
182026577
739814901
632324800
867761091
833826541
55685469
843735388
149415332
415076597
86008482
893515463
974521105
584062824
241585296
254618858
947467262
354062912
783539331
749934653
794226749
442129597
429013745
854961633
663315820
611109590
835233483
273289378
779230953
538320077
604466806
63874643
539327926
152914915
428178978
715535609
95431760
22964459
844906618
182553278
329134987
127837319
997987943
321115782
266874515
677270060
432344243
613807780
979610469
400000526
307443180
548089936
210183869
992246194
975204364
774721382
68113940
308396907
392202923
642407793
265838719
693008190
112567950
785174109
348711940
745537117
426461803
357066792
536902432
917391781
228379257
701888613
946177048
435623367
714227862
86563579
698549648
173982126
84519583
8529846
153081690
870571752
612884615
715585055
129894091
137422158
801774276
410786116
443504955
670251332
920224972
605093570
714525249
709754111
698164269
934587060
249955552
34888212
466709943
226782108
801469793
105957356
429940477
722354064
926462849
711349754
929710252
306237109
554485585
801666712
860632096
379023684
580482890
916362872
47212242
263124492
839689195
257661392
310602898
181926247
394269051
588034790
83219689
132101602
295893459
504871714
355793257
708239739
756347404
676828619
856051639
712957306
886563918
236194419
787897257
649873611
983873387
479447515
187584728
259447594
781552554
675416372
529959034
7962527
318993226
951023479
821674236
752782659
576463147
71265313
185745355
610232425
606711137
694323145
633979361
266325160
597835180
74635005
522219206
262981161
478462737
881515457
917137420
191433624
533959932
732507457
399376562
809787652
390486637
813515003
99928687
520270751
386267283
474181284
675252106
483777422
179614104
141070646
699970904
289047492
66572713
382734207
130561989
418694680
630195831
590508414
743125867
966452508
164413068
833511777
598129724
21874681
702722879
119129842
886936951
280889648
134710050
330853907
829470402
603384477
655031258
830828951
635960787
934243665
849245916
354551323
31937389
824883863
154306257
397746549
213877452
666701877
843917262
512287106
337774591
549150820
696510974
927196323
3115805
701716245
197026024
659894196
728816530
836768472
353519765
364485037
406997587
784610475
313042526
643869596
302855607
333196120
315379745
365785529
98994916
84253813
890404776
966760785
255308809
267910386
164450657
539269570
948348
734180701
367868140
71252065
948410763
618964843
582423278
738964643
159747194
177868437
378075730
145765466
528856817
398075150
847305558
824993497
880627981
783407697
931403260
266629755
575239822
670089271
813115554
408725910
772668128
411272810
909175213
288243193
273928760
468555430
53613944
234995655
47908608
548680151
362311925
176298306
398025165
819597563
952501304
429851024
814059099
808010922
152917937
858634164
725527668
16397930
619710421
397824676
549626517
97952807
933242029
973985132
587065940
181038162
997522442
944190772
670696650
834454958
992053638
832870439
708987602
625326592
797554086
546383828
170971742
993006750
343716597
827598400
379279630
243326920
340205615
902950064
826593393
883067161
827202787
305735636
181639572
697390485
62337149
854018430
824793460
989096552
591722563
496800738
151051386
756239835
632696143
16849269
145799656
646745956
214281735
776487750
403367940
56264925
859351712
993815479
901475400
479166384
264481418
256347368
533562827
899742751
505959288
276133297
604148486
92551550
405823534
837486074
731504655
509830977
618904481
76421099
974473108
98638627
844214926
486651240
975418355
524510132
285607598
222869958
992239795
731954386
223065884
577215138
919854096
773331361
262560844
342342056
544444708
149352370
71433144
83460681
60446544
18586948
167313852
15836659
992416330
256303819
910197653
307359730
102635110
676877909
844266848
533498869
684743239
451166895
69085462
800560864
305629879
196125148
392257004
473872432
409877709
878859377
767216701
391621187
496174540
142000447
266068963
683627663
579721437
280260399
398526226
519213275
382294979
435728604
737936181
942116486
295093650
314074744
544010544
651264237
645405980
669100010
638001609
957209334
336645793
233594929
171653814
414940596
292741359
614835667
634278649
506288653
855853755
890736232
415847498
520510953
221885827
730777530
913406643
190518806
708273144
437589047
263889700
82030439
865223872
406948917
651952601
763290196
229664434
889462779
795328364
818482577
544953743
421415050
470648846
174746631
955685530
612595350
914234508
222746635
265140591
745945826
278038567
493163256
899122969
55753181
171430124
708288960
705928866
165175579
364433152
196213998
195590803
315479411
956761327
154956783
813860232
783368900
19342893
945687038
756277051
117042164
370343467
596666251
404922398
442851829
561262134
24847276
580437236
21378234
209206738
415870029
104139019
736055907
479939275
42960119
907555438
828941126
899183408
822725433
691475767
261834904
912863231
314498985
688458145
169275096
156647294
695056256
315285361
332166959
233410026
676441648
979443055
100166355
865590715
335342606
932405264
261710485
722737001
489890158
904898507
947763936
948774501
356163298
70964100
203439358
833439684
978446350
869773074
400931348
477275703
866976625
851807855
775488064
402687896
394671420
39109201
891249170
110331660
304686971
413434001
151727477
774328981
310203936
93888400
994971729
6687114
723882003
516996258
481904441
39960222
801053958
36103742
314785431
478661010
283973319
62894504
234810696
276756858
809989192
331339388
711202103
896798311
518800569
86827744
336429679
863770215
850742415
283886347
589479483
452873477
877551388
93189967
226837327
703375441
973641885
741167196
751126707
553520053
921401523
307621796
480009778
755677056
852124878
104008317
234362854
518208014
781388185
637367441
829462527
936217854
724800325
972307763
189549808
452297689
477797492
695828062
32165152
700102318
699935796
145118839
812579935
374377767
745833528
149434312
687852799
225008922
964373404
518689044
325603804
919269476
677198178
294424566
253144027
657026072
316046810
530539102
44743529
435840171
890143550
850131472
161978108
34503022
247711079
872339249
747083627
534230923
255517877
927383603
306619291
48708326
409347566
100580066
615721581
444358232
610466280
691663984
724938306
265635974
458984728
329208096
756082199
833846749
390490516
667496625
255120187
767440037
741035291
4260183
334305418
383248948
932624965
870466405
387857213
323467276
415817399
443027499
438066048
677733512
630312723
667104585
55639096
934687833
152305102
235705301
552577979
791895903
45376066
959440584
172384790
980914410
959263606
926498817
696033054
64991187
219272350
237275124
142930242
510961374
620186715
208391663
818296621
300742652
831937567
255824650
109596228
174789642
628045145
633140275
619908460
164865237
393979360
48782048
970768195
567026431
299683954
880240011
234512129
106415322
500368907
184438807
5698961
676953767
739026850
175067409
562834023
646669440
614731536
422261750
826793520
58147643
486353280
215468671
350246972
839836446
333838017
525235439
837783916
962569871
341526771
40833728
21208648
862079272
364360038
700413197
208193803
469966257
961896700
303052935
997376809
655694575
297294852
533464800
476133752
194818473
706432006
127701658
604966455
459363416
733516884
84952702
764000744
771349427
673062517
171448763
957551360
235748938
818113307
764388983
607995582
925928400
882560977
446750054
83731555
176920987
762333622
514626508
598986693
317455348
893484155
508727817
714004767
906790061
708151531
820407901
613427599
135452070
306545778
722727986
132732067
990398340
828125862
891589708
588540456
489010832
443931068
386840498
337361228
925213521
99996639
515129189
891019437
260037732
569565828
170258370
960609865
956994734
314777342
259306410
818716514
965581099
78513529
892002617
840740012
627346459
702994603
427764353
751112420
224656215
48597973
283816042
492687711
634699423
653194416
610332441
526285046
731781268
109899989
961280577
803292551
410133022
607776887
713893630
60834396
799023280
775756389
958823835
109600284
873240320
582946978
824012815
870067688
411706637
626743912
253028852
784550624
117371892
29613219
573014653
595235266
671405889
550189377
411503977
214269743
868244594
149715019
195479620
2645902
373538362
606638433
314447558
347150997
499458769
617665789
87828255
785406320
572078089
374892594
627286454
555431409
213033847
579386017
877593190
386868555
747239100
40522140
49360319
860409802
94981529
418542245
196805793
911550782
777066231
873114068
483268183
23764380
325073381
442039810
720575999
964244371
180539837
796007319
735514283
996334701
363517382
652556719
467007951
299407585
643252582
205954443
475256726
696782096
324663414
718762337
496384144
422302865
979294921
96298286
53985458
88584816
364515479
861850139
742168204
353376327
858042821
976464749
827085555
434799475
983458948
851105457
507924526
596423724
284367579
975697247
420909590
562762671
675750222
485612502
878520867
3635367
572715896
866789322
475783795
189986825
176622811
976063855
43352570
542515852
614600696
910399834
145599344
715067562
895082356
840850540
288647117
598874063
705621115
71956344
92440458
60365188
518195952
197171383
273454433
442922553
769317012
752270141
15262598
361665370
606345585
733488755
333586676
567877650
418719922
98899276
347158542
641135275
400986305
697492858
338175448
445591683
29336742
423637408
673199625
507135324
421764840
324657371
355948149
116354244
884105270
22243159
242890545
997578225
648506870
382800803
30231409
780097512
653546555
214197211
703681853
919012405
412497128
936751490
808451749
235302035
326606008
751755082
801574746
103088509
227860907
110249547
891640743
934173743
77492818
327854431
457982075
721296727
767022752
741364425
957266111
773564368
726339611
594505230
482248510
431783210
116463820
719710560
390147988
384964797
32747839
629845514
293609588
47186330
448019577
782334927
339704545
234866561
126604406
177497580
134177608
878943579
459225412
815662250
317702710
320775331
185664371
434970093
173418671
472166442
941784289
910398277
856824295
138002954
291442363
844917395
848925685
217172863
54723234
875565887
289513460
454656099
762640534
225252119
301333799
580237565
942201425
230326703
790627935
507612322
36348177
326791278
187569905
53962889
350137588
740863277
260749865
777717817
445449684
113468472
792450799
224837897
694312291
736135854
296711622
22610998
623753255
414093776
595712536
887542315
308212155
889691024
649536281
872577669
842601439
251952616
831813054
181571815
87356569
602463168
825385547
391480753
626772267
347957942
520963826
280573877
200571794
525065768
101074270
202901458
212533882
798368620
799644273
91436883
181938340
457622266
841474748
653441143
629912626
609809284
131908738
277572772
688633179
531013290
756052739
428564075
314797160
308125447
880302659
562834063
54000598
522692728
817561892
404821843
578973074
407085676
51716237
815049447
772404835
990657671
163288869
885488927
379902460
625177273
973884732
758731989
814632113
283451387
700374104
512849290
352899876
785478046
471376501
82118080
694720810
932788158
540192151
312161189
179718263
442872915
510177165
717395520
138188069
920347154
739079021
840492190
516138460
965415557
230599600
789309294
803283996
526264849
895134986
359603695
551078725
524670118
417762252
407480174
205666731
90239237
858875252
777988453
57666643
852745719
678867300
401586307
462993123
905093682
947036527
90668585
844271678
667440766
716327746
308198651
742469175
625017384
108063916
708980469
114556598
100300110
549942799
137000648
566756699
20728964
260737351
927220687
794614266
862768315
941005467
395186348
171297694
498210321
564355766
269213036
794000725
275298950
467780850
246474628
213954240
378413486
313380250
568571075
848058219
180852756
278699433
967691550
575754289
579742983
641218792
426440715
95566259
110273391
440101814
572216747
499581819
744228017
735609270
434166716
968042564
257305534
572587749
769952187
905890679
455783512
781680226
443723220
337542227
529397731
132259947
789271757
491569887
360730876
256506289
912394549
358098292
952895081
214596178
809984463
755993873
123824572
624637523
991452455
475478641
21840376
482860329
405493500
765740360
939315359
95937775
193511710
470818240
960487841
616621595
458106405
18522085
496686822
258464369
739044505
502300559
787600711
428233520
443894427
360442581
552545496
25570667
821883351
317292092
77510274
690681657
394236401
438374642
470648381
706630206
985120439
134231651
737746479
450476798
718993325
997010429
921064893
611144132
874826297
410423122
939353928
687608775
351000888
909905110
307697443
827581411
820945010
670721950
246673924
977603915
125324223
682512030
331072582
735722259
171174466
509050421
618543352
732249529
761972202
286062422
464224342
252700004
840280769
344903829
364876673
992375868
333898317
248948852
438828607
250284539
791101172
923697275
491468066
979660192
356381112
759846660
153798369
90755386
357427295
536869374
898338942
202555125
882225697
256504392
981996032
748258485
668273438
424315608
715550229
200879988
658917370
846743473
109208483
918945202
486762286
108435949
784337282
608904849
411217859
983586876
383540878
170417770
495980073
536006134
77230735
314325851
119845860
1743501
669489594
786177491
197352201
87988616
168993496
14209284
400285439
266052336
811963871
632512084
772780769
30955529
452684280
974566777
504191504
946625111
818361567
195711279
556688359
529203013
56127162
331826586
328250671
918642494
669082283
588574814
22444495
225464424
433430985
347537358
926764906
137369759
388626004
233842629
348272249
88709845
970934008
921837860
376850444
326639583
75178046
676291852
80776112
678607278
557411548
990398027
255508684
666872469
258000812
344383405
223523790
410534917
891744157
784976865
64901356
313551741
565092839
342962423
442730160
839877164
246860641
651490270
62418364
699462303
99582589
411734691
147385951
687749674
453257270
100571248
955191297
971839982
562826574
769286383
220116678
216532816
867561580
105260219
845386859
181926961
164213063
717488798
680265862
945973446
336237627
291987431
111774666
398466983
796851586
128264252
160440279
670112052
764756819
13798031
551136791
309426085
392312805
197579912
306127296
246395600
287552852
238858519
184201922
909539499
200946558
884962836
401136604
933836963
401947956
357552710
934371102
529520557
812609330
505366222
332266073
952781661
313216433
229116716
122029673
40285943
735001157
166663349
237026310
889714299
435332308
768457640
931871951
778986644
648653853
980528785
623661272
413251356
776807751
73418348
683174024
691580151
458631952
186449865
72783842
876574388
104126513
503123342
410224910
828337484
329650813
217316641
624000102
872707076
148836569
986217435
554475171
469309369
812476235
751706862
180879722
161419275
502087208
673683958
49638838
716048099
217466695
953040203
172449059
713025712
593099613
341032185
318933216
878597335
71669918
659818921
877564221
160350810
443510657
943571577
972482033
688535360
859997654
967866335
100030820
739706032
997398100
515251386
233961561
360463844
595314642
98856871
954415304
669364201
865251255
91263630
527751904
844853947
366527163
469446395
939441270
129562845
40653535
46388548
678744757
815371583
874790833
934949365
134119805
485155636
980841733
789031076
3703680
651471108
776342101
341750060
900002748
77885767
179447343
307429335
619966575
350229693
300004997
599835380
543522561
303367239
616644121
956759297
284179826
308843675
337429017
543902377
940393681
936977815
294049237
471837992
552912469
897711630
922998635
88749049
964883274
379267756
740206417
189475504
452738352
545996160
947171821
849435433
274774936
151741194
804644664
276587051
608050626
921436960
549080945
464370403
442429386
876591241
74236434
82760616
802842851
365329849
730345747
54351544
112148776
226747415
54373054
520939243
577962261
46739563
32388032
29762672
245837177
811592317
912153482
159558638
100953447
974231161
535963487
366754606
127974270
354186868
647221199
314742868
267472319
646161390
547737722
547765006
957843638
618550269
350401573
792537629
85874507
257403213
230058630
807383859
811560872
874233942
787374715
127419889
8706622
603437061
422498417
178517496
231348931
647772458
856786521
811865741
653095565
795530143
80617443
649448755
840529323
792201459
349370132
212441447
725245261
234694672
473875419
949728377
297837970
738364399
748005127
137605312
449789776
115140552
321272278
371659737
323057026
121951701
46728270
989819535
619394333
122518227
228779931
722462995
254748317
593784914
773803875
831537457
686052070
387216306
93789919
472897218
3789878
353733608
784201460
851205848
255581444
34160272
951404202
105097582
872009932
943096009
458399373
462428087
791634736
550068104
880156725
790490584
469763616
19415594
773987712
755329607
433766661
606532507
263365269
617198087
376409864
791290658
563354427
658438722
232801826
667305143
653195765
599896812
918848843
396130677
810183571
643313694
367941920
275878119
468908232
220962918
412179783
61096683
120050269
477250298
841350830
693293773
213270234
203449056
145041909
495549560
185488768
961800366
460838729
317069369
479960373
387305313
65229217
428992893
353801141
776370161
692818822
372579620
400904376
673928016
905797400
390990649
733653959
697168796
434065514
836785458
360988268
29649648
690483447
431541493
403505043
705178131
789793243
205806501
767539802
477558807
779972477
175084903
794314031
129779764
699966413
164660346
174015360
237289172
611559500
764072124
593989435
885661779
359509908
989702570
817394636
873209667
387567804
654999268
648047874
539521500
669018337
808913326
508005446
145257913
31308901
970768320
363924631
136243436
361318074
651233539
783283046
220333521
92643022
244004675
756657215
349723366
584817552
221234905
303853793
211414074
938716911
213633290
393902155
17063372
594118305
611188057
817309331
909362859
158688803
81453902
228367629
63198946
238117822
679638460
309987946
414007250
988176208
468224578
402539685
4253992
14329802
624167279
429130692
670803482
113119552
137136852
545821786
134634052
141021782
997174969
935338878
651402967
619076670
462622496
546371284
520586544
643275796
496240371
396577891
131241227
9577107
469548327
53957560
771264620
348705858
326650182
535681857
420550985
315295754
435766862
467982446
66240607
800083152
291001095
127508370
637801503
377803422
699141363
22359091
226519695
198907925
876811543
613989415
976527791
121740967
965388515
754228649
218538725
709180290
539897736
393451473
314999576
309924614
664278498
539822233
591726195
163397192
94406318
481309722
24303468
822250011
853225881
34960674
173728317
49764429
789391188
871483273
904696812
362743066
858962677
504291138
8374744
611579327
71005961
750909757
548126932
236877625
870403624
969773655
54374546
884998913
3900670
594992874
259356882
555031379
538571800
13895133
835102511
702375778
285621100
534972699
189122647
904772127
634233750
407909914
540333334
492863083
137565737
532746897
859403660
672642736
567235085
693783834
643181614
665333808
114454900
733846823
624389060
865745944
604759239
449115458
419661598
634159203
649154640
238578009
460489297
622744548
482654654
45168035
262498761
462569893
291725006
832219081
124523766
848118232
453055285
234131446
686347286
110061552
654531547
341826439
114324745
699480407
893875604
569960306
252483093
185245101
909752116
126433396
372419366
636485574
846686868
243436736
246181550
67706919
447277462
496316147
395253721
562711897
429538214
229047905
659007113
404047268
901426607
541699240
794837376
777553156
229793445
585729245
92346613
757394678
255300918
950808270
352816789
172537726
50241356
387007553
439694611
331379142
550020033
966237451
652668164
308293556
8917386
686312498
647385106
228092182
837004462
196015274
78281222
887087220
849104605
329690383
85623072
983828046
838138439
715373670
137420765
413408462
752243590
117533174
398737305
875232952
664419568
37888552
311971554
765404431
561260517
348378838
586452823
311597458
742723745
157610599
918598223
624400015
511339427
273899499
638626964
203601411
622276580
245490997
369986582
488234095
247383617
406643311
460549378
863826616
39051546
490179926
303309969
515824864
931728318
704106908
233190214
371191928
757901029
352490130
563627441
902728104
625190766
14519678
382888680
848621969
333289890
61593488
482332822
212119378
34860825
711591567
246926926
902591045
745352962
878666444
699388983
9254813
749704222
327975254
113403330
397795209
755597823
752470511
586679267
634303918
230812689
950616686
301713767
636953848
306945653
764193983
756992740
723614318
83674892
892353309
172898842
541113564
992827539
25426707
270294616
774481601
864235961
430901482
644993137
851597302
206931382
851281863
508161385
458730213
589546337
247398213
520709560
658501350
197392401
733395030
189674157
556570923
60612494
624721900
799739569
454682348
245848260
13209696
639047406
64705376
145231287
910723772
15755701
403129538
764647335
96830623
697549058
147640152
674765188
72432100
366651498
477079798
231840349
480089066
300226384
593672441
228501117
273399590
606421344
497548708
954126617
720236991
115906811
902667602
737027308
192265727
894501955
160698702
590808419
26308249
428294462
560336467
719376649
434265648
384687743
908616861
928171138
734562439
629625401
707584316
994355838
324057632
287164118
767203448
325969078
101538076
442929535
408932933
80372822
644855105
790406874
654134369
26269586
431118211
157891521
263384144
846999662
312919515
997787798
518234886
206717668
268684908
409597101
778119884
658021439
119230623
22432648
121031350
956765291
639494234
326348484
527447398
361509578
341934657
389724888
809054677
333546306
283871883
88537620
6591262
7016441
509639484
290081122
925026131
879982198
503085654
774939688
647653707
28230581
66759249
440097530
290144659
91607567
290816862
839115846
110882778
940325488
804377095
987177059
896365334
940088329
763932256
635872538
359967582
506283467
707110433
568467158
328606666
107723405
200138679
725191947
634082658
454578366
106053354
96250693
200377766
488414539
441707293
782854438
372496489
145834786
750716112
965146840
788187752
865797859
610720377
936988449
213834391
816096571
928385824
959281131
24757773
131567533
955380879
651657987
905221575
628975957
225831027
128446006
833173275
968388338
249695244
169455451
551448255
882510840
258219261
832627168
977739099
176224391
568502605
914611713
553177144
784840180
935337755
924150977
61417917
296292857
272041248
105359642
156738589
548100811
800413032
925567535
44944272
780662356
974760640
766445164
570168847
786017156
87086853
875680555
260222155
405568659
757106730
652989972
213291087
137442730
866294983
978964210
565298068
961190208
788920097
585655851
362314040
10437201
419547006
628795863
954398775
30037078
214222273
384688404
793370185
759042117
951400530
28599047
325536369
399201568
834142354
684612065
516179305
124423812
148548499
686141835
756201267
564280874
961547975
510024348
872545107
680040532
975734841
594604564
855214658
829622147
252349592
940973155
805993961
196295329
617691497
408792341
462366118
521901339
273247968
78789098
982118487
20287125
597577903
470358844
244949118
200411719
764789221
291197890
268057949
217372758
676386907
279314416
894362845
885471225
503029236
616669775
565631855
947249583
247782646
331402453
375020640
538777795
193011881
863847201
824104774
584019710
460607717
463124425
37553418
382539806
801806275
691146663
515352573
5459984
152518202
764944084
278046170
499247939
21579868
671513664
236830532
180401248
357743449
961537463
123975744
217448868
579493397
602364216
987696377
800763263
221399606
593342751
260508137
666283396
620510888
807377049
583594531
489075600
605226175
919723969
29739643
703139651
794273826
932183616
795121525
996762815
751460733
255070871
602535400
770433635
329398990
609160374
229937556
16805870
375265911
813515559
748070016
84849867
174248156
108783237
269021041
831173715
989865026
550997236
769846011
176133365
969390615
859605380
447932143
102759944
51645321
863421985
888921499
811721870
78092533
102301718
428826370
576426443
433222103
694336988
21517265
812388895
281087908
716151804
533821492
949418643
921893611
649913444
637759148
496332210
32029847
45627256
998082135
551841205
926422846
356942654
189799779
910011853
686402893
322744540
742728861
749297323
30295740
526396794
360946314
137161713
229158605
565975012
482151768
588966631
894684111
216662688
167957032
40142175
110811044
584846274
42899912
286068455
985609633
893944484
97230768
927159551
954371255
98940801
824343115
56228546
698520504
804793584
870068301
241128022
202024123
105662504
922856441
819984909
263553952
883537685
731775397
640213412
119945479
195695432
406530689
880114176
169167802
36064874
67112010
762266884
575230526
591383872
540990212
478585325
985810944
556499205
917498904
521706304
213125445
918643629
871705556
566060655
310998804
415905066
758831288
661234417
564998130
90508523
291689019
168492300
448696482
797295767
288016182
826259864
821727680
324720980
438678309
856488896
794843583
270230441
391318131
159118816
873897102
335873278
804067854
771849106
255201390
251058169
351642953
101225425
373011134
175717697
320974947
81521078
255910069
848039860
449188064
748130385
729141637
250844362
937406399
539636119
96695513
42993869
121229203
228206686
292844840
409283650
260909657
756440716
852557280
225445171
185817984
973894483
897961801
936204829
257898053
78780716
193296984
710822009
425956109
224787173
985732222
864288591
712370919
602722795
114990681
346844899
724653394
575320429
645790745
417409713
941268353
764825081
933360530
507184520
428969297
979996
859651960
959177473
223976929
698332030
230351120
307854603
478024444
997131901
147172383
386999619
949167473
288412332
577447990
670713832
807535020
724546649
764995655
635000404
950454703
86557926
312520634
438142913
325885290
789055234
18726723
640584110
659089598
659794821
612806576
695087808
874921045
88242829
903627837
777681172
643590493
354154547
942196159
225678943
883168099
343807850
739403282
645063460
47381202
855977050
302127795
88299870
111522327
377947622
204936300
892839401
916375098
665823178
968650423
629073669
863948006
959967996
61771563
964365795
596206972
262701414
779162388
301863186
544515821
203413888
652599391
699960244
504447245
470872631
389180803
656426200
205720623
622764505
373540246
486149478
421935940
292475258
237474212
425511892
159508922
353693793
841558615
852468915
835625727
83504567
317541834
502862502
914231912
128198881
339898652
677286125
59952070
551194343
395148690
636586514
282218703
447844169
690669245
968940643
238387987
836989408
426569717
839492358
930037793
32477656
163742189
914805616
844716608
642891916
264875248
294289744
694816745
149876012
439261896
747066317
634697997
965625500
966164143
769260039
511605399
809994393
967891759
894582913
942533786
376317653
702240553
702779144
415550650
725855430
473720341
900532267
890151319
193495568
243000520
940969265
577243157
670601542
124944726
549284892
283010239
264347334
469425113
617382461
196511664
432206126
167780644
532325758
184502458
442004638
539544466
726185525
191932260
253156742
112818238
543838577
189667092
358670303
384559923
852158479
521357133
458102856
430413879
859501042
40493516
392447799
735958788
165830977
222678083
476439482
162017405
159123909
483751355
736810517
632150130
575717008
483833259
383369222
360825544
770130366
499596034
617429293
960346334
113265877
758682977
484698740
611011142
958477878
882057128
835060724
265805343
179157458
758288719
262187513
735644624
156308459
920145979
115167281
183109797
840223862
79638476
176071800
538588350
474791525
400291135
866059201
36622087
171622422
546294714
757541542
997708877
182285809
151415814
367641632
901641798
675647372
792988011
607474831
232590301
545409457
26724090
300220216
526213120
548966836
829724580
245278490
557639178
688343028
787100208
153352425
479769829
43783007
75712386
376601059
909053822
450874080
739618429
322245271
55513694
666959617
387572920
361112638
287481919
301330878
673859142
14543761
642870412
548366621
531311015
554108132
255177
660983438
889470557
946584526
40754770
286908243
529172136
774296291
870714852
520703963
482407252
61177618
237741656
306659711
167434903
682482774
90085501
963210233
570149697
196542657
44376709
847200960
960921670
445750719
215463368
369263146
346301002
217055554
247555075
403305098
7417077
76479971
853097112
972326670
749950450
72998539
875249207
395420393
22702373
501807947
891135266
854706340
665086685
529086614
212042049
175898289
537659355
332475230
854163821
825480228
684803142
553521810
144930726
317319626
449332952
2975855
726709794
213287882
254471312
832296874
78711941
857666655
65690838
621687325
144864218
656765850
236264888
567753573
943956809
65251941
887553565
933957418
832108404
308572732
966449068
80219250
112984544
244279496
592098597
743680467
723561827
354638097
177384960
661343098
149635006
384220789
461459033
533466899
944760416
355495961
112101026
633706835
169661634
180564790
199583026
848100521
308588638
647540026
904974382
95824263
717860178
22410080
240159152
837103534
469424465
194495955
340462576
919984042
341969841
373413081
778817413
120189785
519757832
887903850
412864102
588340670
46449269
829055099
646120437
763581971
406645830
441183359
24197713
11261110
211516552
789137507
432070085
494923489
679740638
98985931
597349653
894872992
795717294
479647149
32641080
453482681
923489673
943735756
922388581
412715961
473951905
942788394
739340479
548429007
71362063
903435343
834505787
622395971
647138085
857690659
718860281
695116034
767701925
645126202
368536833
942656970
421880844
438331764
329358277
985727921
222718982
469274192
531324344
894994213
368917234
665656774
497340958
433105358
318474123
1865596
394580395
842634585
670375192
36518774
665820067
603875635
809268350
343228768
332646403
962526661
763578877
179594846
759190418
729579945
214221980
903053493
221043006
610471259
320968719
279849912
464385897
689928513
758923581
598276088
308817332
52076590
349473358
911069145
950923671
995557912
308385090
332618685
39439021
948156884
282969415
203985150
385423040
361680006
753789780
985436791
738492052
319514280
818811273
167780822
20298169
203620367
493322970
97121672
334595768
349127705
875279947
757725038
281535658
506636697
769367149
930288496
726529744
788769797
281943253
808191318
785139789
140629513
372622493
128948457
990614237
166677667
86387130
987758660
352376784
377359957
15152068
223941933
528635697
306444755
910111132
99326432
49752978
114076359
356246890
231700926
740255076
347763004
341350461
212179800
674552686
219546102
307247776
667881576
224833772
817477114
380737012
701528260
380319560
118687934
353031207
452293089
732401274
63813658
861658912
355736351
442893039
397936511
263948878
404753815
426566061
161536975
344034493
541147705
932938647
759858638
185506105
399494104
801027508
838831668
952567178
5973225
520603698
792800277
189226301
495601585
600349083
458113786
201905166
546622051
549994664
839235782
332483147
823511723
428673735
918709643
708794613
604902975
704318508
515126034
644564307
603902874
957163274
911163645
874825040
264735821
754087598
261062166
560754265
147409788
124421628
559820383
70188603
263621147
45680929
539213144
344722855
184309176
2778437
945868167
688321837
104182476
311850143
633910174
927056045
502147985
133181415
244508871
171940696
415852762
882915128
141366025
721039777
221394820
721415995
372048205
982737076
570910736
376754489
790666546
651796106
447666401
524022510
448361565
534581963
892803551
804112477
555013002
881259120
850926015
877755226
877084721
438012382
100402293
512674956
197005263
904944577
711344002
267939245
622861584
821217146
754826198
81309338
882687351
914467363
815416974
639014886
827355081
772077800
656218913
891956271
230938407
881354024
769996989
278630823
728588426
343011146
890880739
189612588
170778192
753560734
105974397
103980647
795210145
313054621
234937354
508512133
917600737
275150
589825742
686359294
630848581
481498729
493590276
752786108
378098517
275333541
294871425
77117386
898362960
355463947
689244096
865205586
964684434
614367700
412976605
505454337
282353147
904136995
550551478
31152513
562891829
605877001
584618563
853885047
463246924
394026376
934841462
889817701
942277057
311428417
534614439
312972932
685476883
526876728
269535451
825420804
734079913
772956750
398119539
844488960
82713805
576626014
884675307
800228112
169947937
979643281
625078753
210424240
926879876
985565959
856876534
854334129
982572473
310913961
946926617
39269095
767310318
871350822
274643755
902691234
656970813
602915915
733560496
20575697
523966378
223796420
67302532
627819727
401247638
406689151
727358714
929839725
407002618
542934004
315592944
308684695
476220583
197239765
451378729
472109953
955814026
378624598
78640731
900954895
1854622
864205545
80159937
84112323
770986000
21084280
147083918
46634134
615345550
908659707
904193749
794620440
961621477
32137803
455711617
29830021
345162396
275959947
822069942
203061663
399328724
14119487
648519012
602786939
539221402
733488539
87074751
349002057
175557426
788082650
426482773
932380525
892825591
994491901
919696048
417079825
549050689
176759941
241885343
959090846
27324235
752347075
230234979
423192638
39637516
622496767
333425829
289543684
719374087
750531018
23145067
132560952
428715939
558184156
612508275
578807206
852998826
323812849
764845167
651471
754266822
245710687
285590529
990696561
982519540
481893738
168949864
138966494
323830129
182124538
415789307
464908610
611806563
10389794
454190410
18696977
729969482
372362343
582112018
61255389
975516840
668400521
424022323
698231764
396250047
96224715
944931310
39364451
274459163
96295088
660217597
862424192
16810025
420619646
969063642
498806784
333353439
598138754
849503301
289160827
314845839
9330204
135781386
645795143
377083539
796236235
414045113
400581710
919730146
410740778
802357937
813887964
22277014
844754049
993145823
758599264
516546965
544584148
350626311
116750058
47817458
896993913
510689930
480658815
135654907
825236331
467958762
163882603
491354597
81185611
600581735
123047119
816875121
329508819
793533850
97060481
601697656
454216658
878637572
41374085
951327105
842919272
215667634
760240953
567455560
62070304
162101328
837275407
734498547
548261576
614202968
823264974
184353656
239848304
115562644
278694275
274958890
693986091
270940877
671469375
139702054
798563755
161079515
784036236
208874755
941959133
994267799
490766140
608734693
548286147
706986304
597229829
882371787
100731211
206144349
302517983
799283389
783497319
773337646
228342695
788970336
402664364
901139691
48541669
286469610
187219632
690933833
161724339
25341965
386660402
252830755
336909432
550946814
403050291
365597483
907980671
401534431
555427893
178420641
60820271
315757401
234993700
569340353
639737611
852277279
254717829
77389896
614986092
485732836
356367590
715013956
573209798
708887871
752633107
36924360
702535445
636561269
695398770
319724532
31486579
923203427
136934009
773004996
415828623
280308492
730441296
107268554
618948403
622948217
807239807
739271931
638321766
903338848
240238723
477518936
553632316
5445440
651583973
376831220
507778678
455453288
306509471
172489754
702717237
237814184
388121751
277755024
296647043
513141771
935957603
937930245
348854101
411914617
803375600
217220266
610232115
258274297
315091660
985531248
661209364
954176509
858028602
28820419
356235983
73455904
878692800
788808948
635968442
26614429
778790972
884632900
918999576
648425876
919462616
592491807
100275261
934182275
348726419
493314656
535408771
900841078
83240166
48937116
888383449
783644383
691557039
370596960
361531287
603050663
55331739
330590929
12099415
811151747
297784673
621301453
306329259
411677819
440731642
865956196
905228541
986199599
96871318
374472951
366344849
620058113
29192624
594372437
719568594
866566051
590145423
475906097
119029802
612983804
553382073
173101207
174687770
437036226
405741285
832593982
393639869
145776135
887361848
391539498
610040969
525311888
642019495
547986779
785073702
336100238
507356974
898980977
35686076
771534554
586617237
455928038
852378720
672229519
183345803
494718066
501147574
172353643
344643721
168672303
578352251
991690056
18226612
337599263
580312366
252005414
460260918
319485294
726785560
942296854
60243685
920507483
743150584
127214836
317678001
924843240
11946224
118013508
751027041
143576077
474021002
709742263
402580656
790502278
314680057
653679243
748927313
920043803
12531755
450729178
355833103
5769746
662178070
80551201
982712212
503776645
975524493
305651463
683429577
630433412
608827466
609697321
739866801
703975321
864537727
609134599
253832525
938500303
437168115
900463052
47288466
143844266
573933715
104998558
683847710
83673839
155315266
744930063
626619341
652972189
253638783
901891134
564031017
561192461
14681343
332764632
245185791
32073676
312785795
282527788
209621291
936749789
521587840
294289906
448130883
613975376
596335524
504873753
478188965
528837275
22589198
151244181
233820179
361985274
223945415
958980239
966822567
270911739
670231757
356800906
171639780
592083243
906725018
581873705
355236205
642751491
946274511
53194367
953553611
29568195
609000313
141438442
790451818
671208831
789291847
190710294
901463809
775858271
505976109
406629779
432473981
276086087
688588782
276037101
478041750
706751882
683923573
436816028
747995994
187552335
653593783
782850284
7484760
600127948
723317399
651543391
826176832
789601921
635799735
572347896
287262087
876677716
889608074
576762387
475590247
920229499
1951010
780654162
453982716
467647601
894463960
381350158
749145218
521785382
519489615
442820797
190299605
789399607
458765018
155285814
543558321
319345831
381253342
185504187
320807969
820285200
573544266
734363979
471143671
135194050
988559288
150122391
221817220
347527651
720617746
823934868
333555673
316596060
593960615
171696815
392002958
838456514
587993099
417949625
761365803
840073972
589673495
397393035
601685345
246886707
68368316
200992040
991640522
436552412
135043342
209034805
119360098
262664464
548205654
643382005
520565542
883269908
560215836
557242964
443457956
686138189
306408628
460042328
209269736
174454523
513338910
361913671
473441497
395328031
254243381
413477950
29139667
102910739
640500381
522442237
978273031
149609095
923045912
846613693
782115112
228888060
339539629
522373829
552614708
163311046
553309132
907187619
465695402
857668249
185141473
399677342
414960793
330642238
445902567
519761363
952516078
665565883
524809625
715749633
761918153
749423593
718309443
348298458
22860534
471583391
488660289
320145824
299820483
179153107
869049440
762768808
207287034
697496674
493232105
139046290
888555776
106696309
872983550
699195842
667051004
986279538
253886227
171353014
52795184
820677369
346213460
76039804
727352233
368275787
755599748
565135765
119219946
661953269
190585927
114532126
98043994
355562814
584631287
744205639
385854398
788775978
447431151
648389526
709748957
373695182
802546235
152205229
791743594
871399086
30899526
851607823
26180806
72641853
854987618
728716849
618721430
812647990
159468694
6215961
987509988
863024648
479438584
351905737
366046008
869314137
54815067
899601533
262663162
615357191
623382132
592806002
256795157
846629801
586435350
528507095
743879747
166954039
175611832
76105659
989422454
334369480
381162097
336565371
229990403
680685045
623683189
11270336
355992414
426566601
426741898
911773642
460980652
243180928
237267129
250729892
836280137
576962502
277578227
805691815
693085714
383320128
377364892
503717971
533347536
232932575
952407372
175574407
979615628
423800793
629149626
749839736
801903086
365204265
389643254
349170044
879994135
972848494
212211352
179392788
826887459
800631578
977789321
409850952
108087865
468401116
779716748
278528984
889534002
230596919
768836605
326431687
971906030
938241651
570197149
780699135
828248971
73413600
105037698
648005633
383273794
87965547
617560850
415554613
526143160
851123643
788719940
804577792
267144283
517386359
643008869
344959712
725043906
179998139
765828926
134717644
826504788
818666167
932023094
561237372
191752796
783379405
711294053
809374076
78708558
847169132
247156254
593493976
25291491
368407083
263860353
112228091
574155862
452595033
199340632
608352166
828029680
898813483
48939362
830584545
793900203
159420150
679886399
597775303
412202841
755844494
34860666
372645522
332644479
695820800
525469021
927984229
57059166
498038069
51660501
690026555
583262637
383305684
871102434
951593380
540418772
227653743
142280878
895655284
391103918
437427748
431733138
380674106
255076195
781456701
522219083
881659369
218697458
617122576
485028294
918580273
252043424
752604795
322724824
77332569
459703400
83064202
527177424
580123560
771389478
583942882
51633335
976341955
785312278
491420938
67420917
784337245
96735407
830397991
346257897
442175201
383326280
204750360
49685597
992398906
769382436
472307889
310910547
479520809
777182194
745641043
479901146
608512388
32413478
872082739
279903580
433483111
121404188
981047534
706117338
250805055
491843042
772842009
854828400
518258666
550991601
32949249
402169691
77333514
254532571
955312185
371968679
197876897
900120225
553268481
58010981
55199745
641442523
666562905
608712026
705624428
256550910
801929821
181031757
971627431
527926594
513900667
746868486
856807335
725172848
605758804
896721625
540593776
639871710
845138716
183645157
545306431
88210438
80622774
798643836
113463690
963390124
14125872
283331237
84607406
170408630
875003827
205887267
915327628
104184063
373744529
153395589
73860462
478870814
570337441
174602262
47742170
432149011
911758363
331270565
319612336
464523653
285038598
974780006
110026702
537509965
299089953
203958129
625666401
897671912
816803971
318828068
117713292
165475097
617290937
469946459
61530667
737789153
738443557
660543005
839039100
217523831
169022017
702947543
365284716
811197763
444758818
229011287
305500473
754127778
230658517
642786112
441796296
457812938
277395753
388121932
350423937
502752706
698755376
764654214
145917089
995487669
774369221
977384857
883889189
206247159
264918804
762752752
245121905
403148516
314480690
635179012
900455950
670527631
404714032
19389064
141985954
112634666
638143173
528195301
979566480
983018356
922765529
109960896
514699400
875715518
728286951
584204443
532374059
111130429
513185593
800653409
39324307
56985533
596237177
876764782
545350363
174606361
509135406
158864074
509700136
570694181
131475855
664747122
868558465
145059221
490711710
873725407
807587628
816793336
815589857
941551948
367505618
918958459
408701084
72752408
410974855
79757307
951749606
974536438
799197655
122208282
211517385
155042147
619802855
474006772
103161755
957387011
484395466
413244109
955011716
415367265
274816542
87931799
129317188
848750242
289160457
877764215
234117791
364054931
707694223
440825265
744171213
691307823
665177398
142622207
292680607
130502912
271158646
642456694
470796060
573414077
646750972
639410475
591171037
782932144
674290147
654822247
131118207
40627893
825942648
914848490
251371387
146245238
960325256
773085208
338727263
38652800
348332998
808333572
76199351
732376655
71118209
291867769
74978088
682121204
465605437
885195440
177515561
804384911
674320402
816796993
613646801
995504039
442669450
237710125
214065595
260522042
9022029
717863113
417794396
211835628
146073368
24935866
29102968
375473978
18269525
818353776
28290160
776963302
473039880
299994838
487467058
560088977
494878401
552361043
950201644
593066118
45370821
661756570
390554020
203220967
430487060
883843953
518022738
252920921
867147633
553441265
897004099
811471844
298353649
475566075
803783337
320803474
343486527
40656189
554206077
485751691
530223338
926858839
359383401
96440924
150141807
137908571
769735703
304400795
455040453
94010238
422104390
690625031
255019010
94298002
788867489
729138866
480026530
530410913
795796072
288125421
633342187
911764222
264533824
45692156
925332728
96805933
66172181
543393030
652301695
580001269
668687775
789011475
15026380
850125587
601413721
313068160
374672542
207155177
191405370
272899407
105113908
223115128
171485903
209840606
51099935
13531673
977312808
781185407
174074522
171610412
685053479
4261952
882988615
293819903
855027124
370696040
685178497
716516045
850347738
660401299
366011310
895361288
976109858
526108626
275289897
482098079
499191348
257854253
51950612
256101208
278126473
957402600
876560370
288330441
934390432
17284106
566642633
519745718
41932353
994232706
777212669
133180786
654131891
692827303
199366214
73812147
212895012
240988630
936483757
744382028
677844617
147032253
868637558
195849669
389220036
139509409
4426164
966076399
54882154
545535948
578395292
977906110
583187975
719995587
350883016
367251403
472858170
178632647
734475348
863555273
259533751
783641103
551957211
397145163
255958730
672331589
630581596
273051131
733614732
445214346
804672296
4574831
887267741
202654332
266783847
773099373
797271281
642315745
485445658
439328238
432746708
997395763
42704915
820506689
345206078
18470711
796582699
150128646
