1
2
1
0
1
16
149
1054
6239
32418
152104
656563
2641896
10007096
35952025
123236310
404964971
282405230
914962995
572041770
171341474
401255887
564961777
492049275
642323130
386075575
138820117
155109358
795680355
125640143
973259022
739601274
129946138
890056489
168292769
326497070
360250528
318040338
122241302
635344970
917130052
665575442
234644809
674035752
477322416
525714170
958758112
457633053
911132707
810634367
674407836
307752645
428942564
254947904
444012393
631125898
643113443
173580202
524272229
864985642
907043558
