31
26
36
12
17
7
9
30
27
7
20
4
25
0
20
10
12
2
54
21
32
48
5
13
25
62
14
21
39
22
20
63
31
7
28
12
23
29
12
26
32
54
14
16
6
16
28
11
0
18
19
38
11
45
71
10
19
46
48
0
11
32
3
14
47
5
71
20
0
46
29
33
27
27
10
12
24
41
20
8
15
68
39
47
15
0
0
7
22
17
31
10
6
30
13
7
10
19
22
31
6
0
45
11
2
16
7
87
11
3
14
21
30
9
8
20
16
22
1
53
18
12
7
0
22
27
0
0
6
13
3
9
11
0
47
21
11
13
23
29
32
24
30
29
2
41
23
11
21
31
13
29
37
35
34
11
16
27
43
6
0
15
23
48
3
34
17
39
11
11
11
35
7
18
0
17
20
31
11
12
8
4
18
27
20
46
6
43
16
22
10
67
4
21
10
6
0
18
13
26
