<<<<<<< HEAD
4744041561
5
49
2
52
26
52
4
45
58
88
8
60
9
60
19
46
19
12
57
58
91
87
91
24
17
71
81
72
=======
3945339403
85
44
90
75
94
74
48
95
15
83
68
42
68
53
86
53
68
42
70
42
88
>>>>>>> 58194679c4b1c64f6cbc756ed0046ea6cf16def7
58
88
40
21
11
21
40
88
58
<<<<<<< HEAD
57
97
57
58
88
53
86
53
35
20
30
67
48
74
62
61
23
41
70
42
33
43
33
42
39
16
39
79
19
22
99
22
35
20
78
89
10
89
32
1
64
1
7
76
55
66
95
48
13
48
74
62
61
62
84
34
59
28
63
28
12
18
12
57
65
29
56
73
56
29
47
31
=======
91
58
57
12
19
46
19
>>>>>>> 58194679c4b1c64f6cbc756ed0046ea6cf16def7
80
72
81
71
81
<<<<<<< HEAD
72
51
33
42
68
83
68
42
70
25
77
25
70
98
82
92
48
74
94
75
50
6
50
75
90
44
85
44
90
75
94
74
36
37
36
74
48
95
15
=======
65
81
72
80
31
80
72
43
33
51
55
66
>>>>>>> 58194679c4b1c64f6cbc756ed0046ea6cf16def7
95
27
95
96
50
<<<<<<< HEAD
75
90
14
90
75
=======
6
59
41
23
61
62
84
34
84
62
74
48
13
48
74
36
20
35
22
99
22
14
37
47
29
56
73
26
52
2
49
5
45
4
1
64
>>>>>>> 58194679c4b1c64f6cbc756ed0046ea6cf16def7
1
4
3
100
<<<<<<< HEAD
54
93
54
100
=======
>>>>>>> 58194679c4b1c64f6cbc756ed0046ea6cf16def7
38
100
3
69
<<<<<<< HEAD
=======
92
98
82
67
30
20
36
87
91
7
76
16
39
79
17
24
10
89
32
93
54
93
36
20
78
40
88
58
57
12
28
63
28
12
19
60
9
60
8
88
58
57
97
25
77
18
>>>>>>> 58194679c4b1c64f6cbc756ed0046ea6cf16def7
