0
21
1
28
1
2
8
2
7
27
7
47
78
47
80
47
7
53
7
54
95
54
7
2
4
13
45
13
4
2
1
55
1
3
12
14
12
18
38
64
38
18
22
49
22
18
24
32
35
37
35
32
24
39
24
18
12
3
1
2
4
5
29
5
10
30
46
30
10
5
4
87
4
2
1
3
19
23
19
3
1
2
4
6
44
84
44
6
4
5
10
15
48
51
70
51
48
15
10
5
4
2
7
9
25
93
25
40
25
9
96
9
7
2
4
5
50
56
90
56
50
5
4
6
11
6
43
58
43
63
43
60
61
60
43
6
4
2
7
47
57
68
57
47
7
2
8
72
8
59
75
59
8
2
4
5
10
15
41
71
41
92
41
15
10
5
4
2
1
3
19
23
88
23
31
67
76
67
31
23
19
3
1
2
4
16
33
34
52
77
79
77
52
100
52
34
33
16
4
5
10
42
65
82
83
82
85
82
65
74
65
42
10
20
81
86
81
20
36
20
89
20
10
73
10
62
10
42
94
42
10
5
50
69
50
5
4
2
7
26
91
26
97
26
7
2
1
17
66
17
98
17
99
