<<<<<<< HEAD
5146531164
1
19
2
19
36
19
26
55
4
30
90
49
42
5
42
49
90
40
=======
4384258628
>>>>>>> 58194679c4b1c64f6cbc756ed0046ea6cf16def7
82
20
12
21
99
79
4
<<<<<<< HEAD
72
84
23
86
92
16
49
=======
55
4
30
74
93
74
30
95
88
77
100
52
100
77
88
50
57
15
7
81
7
15
80
33
87
69
25
69
42
49
90
49
42
5
>>>>>>> 58194679c4b1c64f6cbc756ed0046ea6cf16def7
42
69
25
85
59
9
39
9
60
11
<<<<<<< HEAD
13
11
22
94
79
4
30
18
56
24
91
33
87
=======
65
3
29
44
29
27
63
38
47
37
75
46
41
91
41
48
41
35
78
70
26
19
36
19
2
19
26
55
4
79
94
22
11
13
11
60
68
54
97
71
43
72
84
23
86
92
16
92
10
45
34
45
83
14
32
64
40
90
53
61
25
>>>>>>> 58194679c4b1c64f6cbc756ed0046ea6cf16def7
69
42
49
90
30
<<<<<<< HEAD
4
47
38
63
27
=======
18
56
24
58
98
>>>>>>> 58194679c4b1c64f6cbc756ed0046ea6cf16def7
29
3
28
3
29
<<<<<<< HEAD
26
55
4
30
90
49
32
64
32
49
90
30
74
70
78
35
78
38
47
37
83
45
34
45
31
54
68
54
97
46
41
48
52
100
77
88
44
29
3
65
11
60
6
51
66
8
43
71
87
62
73
62
14
85
25
61
53
58
98
58
25
69
42
49
90
67
97
71
87
33
80
15
7
15
57
50
57
75
37
96
37
47
38
7
81
89
30
90
49
16
92
10
92
86
92
16
49
90
30
74
93
=======
62
73
>>>>>>> 58194679c4b1c64f6cbc756ed0046ea6cf16def7
17
93
74
30
<<<<<<< HEAD
77
88
95
30
4
79
=======
89
30
4
79
66
51
6
54
31
1
8
43
71
97
67
97
71
96
37
75
79
>>>>>>> 58194679c4b1c64f6cbc756ed0046ea6cf16def7
99
76
