0
17
77
47
13
40
43
5
96
2
22
76
37
33
3
45
92
7
58
82
31
28
36
84
86
62
54
50
34
85
53
19
78
67
89
95
59
23
10
52
39
20
11
97
9
26
94
91
55
61
66
48
75
38
42
16
42
38
75
48
66
61
55
91
94
26
9
97
11
97
9
26
94
91
55
61
66
48
75
38
42
16
56
98
30
24
35
21
63
80
27
60
12
88
81
99
6
100
90
18
1
15
4
14
4
15
1
18
90
100
6
99
81
88
12
88
81
99
6
100
90
18
1
15
4
15
4
14
72
79
41
29
49
8
49
29
41
79
72
14
4
15
1
18
90
100
6
99
81
88
12
60
27
80
63
21
35
24
30
98
56
16
42
38
75
48
66
61
55
91
94
26
9
97
11
20
39
52
10
23
59
95
89
67
78
19
53
85
34
50
54
62
86
84
36
28
31
82
58
7
92
45
3
33
37
76
22
2
22
76
37
33
3
45
92
7
58
82
31
28
36
84
86
62
54
50
34
85
53
19
78
67
89
95
59
23
10
23
59
95
89
67
78
19
78
67
89
95
59
23
10
52
39
20
11
97
9
26
94
91
55
61
66
48
75
38
42
16
56
98
30
24
35
21
63
80
27
60
12
88
81
99
6
100
90
18
1
15
4
14
72
79
41
29
41
79
72
14
4
15
1
18
90
100
6
99
81
88
12
60
27
80
63
21
35
24
30
98
56
16
42
38
75
48
66
61
55
91
94
26
9
97
11
20
39
52
10
23
59
95
89
67
78
19
53
85
34
50
54
62
86
84
36
28
36
84
86
62
54
50
34
85
53
19
78
67
89
95
59
23
10
52
39
20
11
97
9
26
9
97
11
20
39
52
10
23
59
95
89
67
78
19
53
85
34
50
54
62
86
84
36
28
31
82
58
7
92
45
3
33
37
76
22
2
96
5
43
40
13
47
77
17
69
70
83
32
51
57
46
71
25
71
46
57
51
32
83
70
69
17
77
47
13
40
43
5
96
2
22
2
96
5
43
40
13
47
77
17
69
70
83
32
51
57
46
57
51
32
83
70
69
17
77
47
13
40
43
5
96
2
22
76
37
33
3
45
92
7
58
82
31
28
36
84
86
62
54
50
34
85
53
19
78
67
89
95
59
23
10
52
39
20
11
97
9
26
94
91
55
61
66
48
75
38
42
16
56
98
30
24
35
21
63
80
27
60
12
88
81
99
6
100
90
18
1
15
4
14
72
79
41
29
49
8
73
44
73
8
49
29
41
79
72
14
4
15
1
18
90
100
6
99
81
88
12
60
27
80
63
21
35
24
30
98
56
16
42
16
56
98
30
24
35
24
30
98
56
16
42
38
75
48
66
61
55
91
94
26
9
97
11
20
39
52
10
23
59
95
89
67
78
19
53
85
34
50
54
62
86
84
36
28
31
82
58
7
92
45
3
33
37
76
22
2
96
5
43
40
13
47
13
40
43
5
96
2
22
76
37
33
3
45
92
7
58
82
31
28
36
84
86
62
54
50
34
85
53
19
78
67
89
95
59
23
10
52
39
20
11
97
9
26
94
91
55
61
66
48
75
38
75
48
66
61
55
91
94
26
9
97
11
20
39
52
10
23
59
95
89
67
78
19
53
85
34
50
54
62
86
84
36
28
31
82
58
7
92
45
92
7
58
82
31
28
36
84
86
62
54
50
54
50
34
85
53
19
78
67
89
95
59
23
10
52
39
20
11
97
9
26
94
91
55
61
66
48
75
38
42
16
56
16
42
38
75
48
66
61
55
91
94
26
9
97
11
20
39
52
10
23
59
95
89
67
78
19
53
85
34
50
54
62
86
84
36
28
31
82
58
7
92
45
3
33
37
76
22
2
96
5
43
40
13
47
77
17
69
70
83
32
51
57
51
32
83
70
69
17
77
47
13
40
43
5
96
2
22
76
37
33
3
45
92
7
58
82
31
28
36
84
86
62
54
50
34
85
53
19
78
67
89
95
59
23
10
52
39
20
11
97
9
26
94
91
55
61
66
48
75
38
42
16
56
98
30
24
35
21
63
80
27
60
27
80
63
21
35
24
30
98
56
16
42
38
75
48
66
61
55
91
94
26
9
97
11
20
39
52
10
23
59
95
89
67
78
19
53
85
34
50
54
62
86
84
36
28
31
82
58
7
92
45
3
33
37
76
22
2
96
5
43
40
13
47
77
17
69
70
83
32
51
57
46
71
25
87
68
64
74
93
65
93
74
64
68
87
25
71
46
57
51
32
83
70
69
70
83
32
51
57
46
71
25
87
68
64
74
64
68
87
25
71
46
57
51
32
83
70
69
17
77
47
13
40
43
5
96
2
22
76
37
33
3
45
92
7
58
82
31
28
36
84
86
62
54
50
34
85
53
19
78
67
89
95
59
23
10
52
39
20
11
97
9
26
94
91
55
61
66
48
75
38
42
16
56
98
30
24
35
21
63
80
27
60
12
88
81
99
6
100
90
18
1
15
4
14
72
79
41
29
49
8
73
8
49
29
41
79
72
14
4
15
1
18
90
100
6
99
81
88
12
60
27
80
63
21
35
24
30
98
56
16
42
38
75
48
66
61
55
91
94
26
9
97
11
20
39
52
10
23
59
95
89
67
78
19
53
85
34
50
54
62
86
84
36
28
31
82
58
7
92
45
3
33
37
76
22
2
96
5
43
40
13
47
77
17
69
70
83
70
69
17
77
47
13
40
43
5
96
2
22
76
37
33
3
45
92
7
58
82
31
28
36
84
86
62
54
50
34
85
53
19
78
67
89
95
59
23
10
52
39
20
11
97
9
26
94
91
55
61
66
48
75
38
42
16
56
98
30
24
35
21
63
80
27
60
12
88
81
99
6
100
90
100
6
99
81
88
12
60
27
80
63
21
35
24
30
98
56
16
42
38
75
48
66
61
55
91
94
26
9
97
11
20
39
52
10
23
59
95
89
67
78
19
53
85
34
50
54
62
86
84
36
28
31
82
58
7
92
45
3
33
37
76
22
2
96
5
43
40
13
47
77
17
69
70
83
32
51
57
46
71
25
87
68
64
74
93
74
64
68
87
25
71
46
57
51
32
83
70
69
17
77
47
13
40
43
5
96
2
22
76
37
33
3
45
92
7
58
82
31
28
36
84
86
62
54
50
34
85
53
19
78
67
89
95
59
23
10
52
39
20
11
97
9
26
94
91
55
61
66
48
75
38
42
16
56
98
30
24
35
21
63
80
27
60
12
88
81
99
6
100
