4323832969
63
86
2
24
5
23
20
17
60
17
20
1
4
98
70
82
84
75
7
75
9
30
29
30
35
12
61
56
10
13
69
13
10
73
5
6
71
96
48
42
16
42
14
36
54
43
18
11
32
11
18
57
93
90
6
59
22
52
30
35
47
91
28
53
28
91
55
40
55
59
6
5
33
54
34
21
34
35
12
26
12
61
38
43
54
19
54
15
49
41
4
1
20
23
5
6
59
55
94
46
64
31
64
46
65
46
68
58
68
24
2
86
2
24
51
4
98
78
98
70
39
79
8
12
62
12
80
12
72
60
77
66
77
60
67
60
50
61
74
44
75
84
82
70
76
83
76
70
82
81
82
70
98
4
1
20
23
5
6
71
3
27
3
95
58
97
85
24
88
24
51
4
25
53
42
48
96
100
45
37
87
37
45
89
45
37
99
92
