<<<<<<< HEAD
3552
7
73
23
47
92
61
88
64
2
21
93
68
60
20
37
5
94
45
79
9
39
85
98
24
53
84
11
35
54
44
91
52
97
78
67
38
100
19
81
63
13
36
95
12
90
57
30
27
49
10
50
3
58
86
6
66
28
25
29
96
34
43
65
70
72
77
4
74
55
1
87
1
55
74
4
77
72
70
65
43
34
96
29
25
28
66
6
86
58
3
50
10
49
10
50
3
58
86
6
66
28
25
29
96
34
43
65
70
72
77
4
74
55
1
87
46
51
80
22
8
56
75
82
75
56
8
22
8
22
80
51
46
87
1
55
74
4
77
72
70
65
43
34
96
29
25
28
66
6
86
58
3
50
10
49
27
30
57
90
12
95
36
13
63
81
19
100
38
67
78
97
52
91
44
54
35
11
84
53
24
98
85
39
9
79
45
94
5
37
20
60
68
93
21
2
64
88
61
92
47
23
73
7
99
89
76
31
69
40
48
71
18
=======
535
>>>>>>> 58194679c4b1c64f6cbc756ed0046ea6cf16def7
15
18
71
48
40
69
31
76
89
99
7
73
23
47
92
61
88
64
2
21
93
68
60
20
37
5
94
45
79
9
39
85
98
24
53
84
11
35
54
44
91
52
97
78
67
38
100
19
81
63
13
36
95
12
90
57
30
27
49
10
50
3
58
86
6
66
28
25
29
96
34
43
65
70
72
77
4
74
55
1
87
46
51
80
22
8
56
75
82
62
16
83
26
14
17
42
41
33
59
32
<<<<<<< HEAD
59
33
41
42
17
14
26
83
16
62
82
75
56
8
22
80
51
46
87
1
55
74
4
77
72
70
65
43
34
96
29
25
28
66
6
86
58
3
50
10
49
27
30
57
90
12
95
36
13
63
81
19
100
38
67
78
97
52
91
44
54
35
11
35
54
44
91
52
97
78
67
38
100
19
81
63
13
36
95
12
90
57
30
27
49
10
50
3
58
86
6
66
28
25
29
96
34
43
65
70
72
77
4
74
4
77
72
70
65
43
34
96
29
25
28
66
6
86
58
3
50
10
49
27
30
57
90
12
95
36
13
63
81
19
100
38
67
78
97
52
97
78
67
38
100
19
81
63
13
36
95
12
90
57
30
27
49
10
50
3
58
86
6
66
28
25
29
96
34
43
65
70
72
77
4
74
55
1
87
46
51
80
22
8
56
75
82
62
16
83
16
62
82
75
56
8
22
80
51
46
87
1
55
74
4
77
72
70
65
43
34
96
29
25
28
66
6
86
58
3
50
10
49
27
30
57
90
12
95
36
13
63
81
19
100
38
67
78
97
52
91
44
54
35
11
84
53
24
98
85
39
9
79
45
94
5
37
20
60
68
93
21
2
64
88
61
92
47
23
73
7
99
89
76
31
76
89
99
7
73
23
47
92
61
88
64
2
21
93
68
60
20
37
5
94
45
94
5
37
20
60
68
60
20
37
5
94
45
79
9
39
85
98
24
53
24
98
85
39
9
79
45
94
5
37
20
60
68
93
21
2
64
88
61
92
47
23
73
7
99
89
76
31
69
40
=======
>>>>>>> 58194679c4b1c64f6cbc756ed0046ea6cf16def7
