<<<<<<< HEAD
5226759923
1
3
82
17
88
22
19
7
5
7
50
68
33
76
6
12
15
12
46
99
69
13
39
8
=======
4112810941
8
39
44
42
44
34
57
98
16
47
76
77
76
69
13
69
90
28
78
54
91
75
52
75
41
75
80
23
80
37
51
60
22
19
22
88
74
88
17
1
3
94
63
94
4
94
17
82
17
>>>>>>> 58194679c4b1c64f6cbc756ed0046ea6cf16def7
38
97
55
9
<<<<<<< HEAD
55
97
38
73
21
87
22
88
17
38
29
14
25
74
35
70
84
27
32
34
89
20
92
31
65
45
25
62
25
24
36
33
93
33
51
37
51
43
40
44
42
44
39
52
75
25
24
100
11
63
94
47
76
77
48
77
76
69
76
47
16
47
94
58
50
59
=======
89
68
33
93
10
49
>>>>>>> 58194679c4b1c64f6cbc756ed0046ea6cf16def7
30
59
70
84
27
32
53
66
53
<<<<<<< HEAD
32
88
85
61
39
52
75
41
65
83
78
54
91
49
10
49
91
75
52
39
71
67
71
39
44
34
57
72
80
23
80
37
38
17
88
74
88
22
60
22
88
17
56
28
78
28
90
=======
83
79
96
79
68
50
7
5
7
92
31
81
64
26
61
15
12
43
58
24
25
62
25
14
13
69
99
46
12
6
12
56
35
65
>>>>>>> 58194679c4b1c64f6cbc756ed0046ea6cf16def7
45
2
95
2
45
86
76
<<<<<<< HEAD
47
94
4
96
79
68
18
57
98
26
64
81
=======
77
48
18
48
21
73
21
87
22
88
85
40
44
39
71
67
71
39
44
36
24
100
11
55
97
38
29
38
89
20
89
34
57
72
>>>>>>> 58194679c4b1c64f6cbc756ed0046ea6cf16def7
