1
1
1
0
0
0
0
0
0
0
0
1
23
260
1943
10902
49435
190271
643482
1960603
5481582
14257927
34870963
80887491
179280689
382249710
789004755
587932591
128424389
62948396
607814654
17149061
410857817
244289041
769722575
159551982
221479275
278698999
584508267
91752975
471885946
454166397
882976204
809714593
257422630
254819556
266204386
969742238
528242345
504931102
336117825
371503003
458194167
77659836
232597069
280363772
354900503
808009837
538480137
386197403
38250694
31795236
108749083
811468628
588811190
774900967
956632473
28479001
677144355
294355727
104395318
32528554
379720615
509586325
818656574
477573008
515948436
611683449
109929435
34371655
491152579
871787258
330252165
131962824
545645700
827826774
350492725
686945746
281435457
204493391
580585118
427708365
808843412
456846873
404257454
694142709
130857120
112919958
752464008
712751116
122545183
799528499
534057821
824568558
480957677
472467680
58460987
215487516
441535807
680892960
869566098
161352555
500215025
930227319
469274701
964316528
299391763
61584125
958838126
696429689
582376189
796599856
52254535
617343301
212452686
432012523
387123907
416083413
969114641
458470956
189647919
131678115
270551859
742465121
237926422
230370077
702077209
953685734
858364607
884634374
359065412
270162474
726121117
159611235
38434820
600883731
120072865
70793208
495903467
37478065
445263278
522564833
742380222
394299581
36616496
933696594
41942360
782555222
437271948
519354306
474369698
955127029
425642730
626470851
556747886
83492380
756719049
853247901
298310006
164581136
737161725
544617677
468762652
990394187
299292571
126410820
232991939
981072712
370554653
564131172
548779245
605840710
835708086
703293162
32743211
732225292
462745363
288810582
973895051
596128000
431902536
709385374
710449981
462732727
843541243
172794591
441914712
116731013
557562875
484943489
56382022
585383561
779801303
955279373
441032105
81944292
559133450
640997571
75374826
508519197
228358499
249288114
746401100
244375591
81790697
438264660
182708425
871899852
694133922
799646759
35928075
357840541
788459967
345581969
303247841
328208521
553836629
577335726
312765159
58322286
668029992
100684991
597058884
327778470
365877160
352262084
242554305
811699003
78925909
570116022
707496322
317491651
674138702
773027701
530038109
523998973
953461733
628599240
470224086
878094085
497712558
953141265
853340693
731412334
845837465
981036424
529133394
742631941
331399953
326796578
794507126
961089050
721592929
216799245
929634768
58288809
374658797
798147431
386226155
242886038
388741015
205092709
208123643
128106023
544908426
431273957
398161082
450257832
21440820
850409951
662150772
107075592
17167519
964926681
765295335
468000029
983977061
372241624
67705899
896929438
910361329
960770335
246790319
310864765
602348576
595667754
529630746
660671472
321897002
811949004
563808569
