1
2
5
17
56
181
577
1827
5682
17181
50425
143842
399006
1076163
2823277
7212230
17963370
43671339
103720797
240820716
546988255
218145697
654609611
679039895
940541602
730488251
586787530
548537334
886846608
426627165
780446136
933792631
334980179
74672701
983934796
977854164
763465938
924527636
106458336
239276101
129899725
384141124
332758839
605002070
939922238
603474182
34045514
34427134
129656353
510984074
170260508
334277182
34630187
863589675
67608956
54184906
489610259
359897918
623786160
251974314
717943633
200857765
369486574
317733291
330251167
979268425
71445061
714548125
374166312
379020626
293968540
397247753
745437092
464877965
207621915
448497460
986281965
746418
169770868
108935524
704689894
451949037
760281865
758415475
402798830
91906838
523387794
188671945
494149085
893041262
203441377
441627449
662131627
183761225
946151528
303570195
864667217
567258193
845183642
820722225
282399998
486465722
284920946
285422960
33529790
787851348
652097071
461006294
686809419
464010286
120146491
436018809
231363826
73972615
342894935
688923032
309042220
12795558
644611543
402750557
651098158
477594487
4370280
657266988
833323925
631526922
6497217
393735205
224726342
749243269
524342170
54907323
536484269
642400081
422233487
995661184
818642119
906016585
60762314
667673644
416393772
394828827
195712622
627056590
473465100
415316418
119054270
843694970
775328079
728904099
683081361
862142506
26687558
698521905
492134843
565599261
934047294
787156993
333439050
893786802
344126033
567661798
584528124
351671992
33447911
173999747
601438835
306425319
424455505
236827882
527859565
365103579
736474387
503403433
176812419
277809246
459497725
732577719
151242148
571283886
641895511
896188732
949961824
901295424
295016946
594789046
90343579
448446153
710183231
257669893
30264086
26695378
827397984
511637158
265615947
767290438
902885420
65334308
573874766
383774574
861033971
782189444
130276952
798062582
434817253
243909512
321394358
550229234
388828761
326611585
226667601
991918693
453285217
930882643
595884360
827863562
777527805
486203114
498685811
717322884
812716163
513711560
813233001
886802413
866142412
981890597
448901266
264550669
743521800
913057016
698558629
442279432
173042068
613133307
195320058
124613852
533555245
318462541
264070519
795591682
728745116
745994392
32036828
90318863
519362603
922897859
480343790
456368895
937873741
527992567
394340822
312208602
677323771
269670158
315439491
66741725
416570869
806617784
824170865
87033340
234952434
789442913
511345960
233439743
877398660
321608641
94027637
397527920
826591951
374607900
532541287
143786018
452899741
726168032
534650937
880117812
441030845
874369856
700735940
64920906
29316180
923143527
198382890
82612615
962403716
53214850
362590270
825733281
554652215
741232351
364022981
514862839
772318067
375232677
1193146
45202182
106425716
458702518
47515857
82520952
492855340
