1
32
2560
81920
81920
2621440
2621440
2621440
2621440
2621440
10485760
10485760
41943040
503316480
503316480
50331642
50331642
201326568
134215792
134215792
301927932
301927932
301927932
209467375
209467375
837869500
147188349
768015835
618642248
618642248
618642248
618642248
435996505
435996505
435996505
745741667
762916533
762916533
56933073
561668428
561668428
12478355
399307360
798710908
200110573
404838170
404838170
621108327
621108327
908823757
908823757
908823757
908823757
635689370
546268774
546268774
577699839
314310650
314310650
258998247
301989080
301989080
301989080
679451383
679451383
721316826
721316826
721316826
721316826
721316826
721316826
721316826
721316826
721316826
721316826
669847088
669847088
669847088
682899646
208840928
208840928
208840928
208840928
208840928
208840928
835363712
346721789
346721789
686456190
749336054
749336054
20889256
83557024
83557024
4439935
4439935
53279220
213116880
852467520
316785596
154695542
211111836
211111836
917037232
23758901
760284832
928125380
156816677
156816677
156816677
627266708
627266708
539490025
539490025
293526799
527588529
527588529
813942170
261035621
261035621
137694393
413243164
413243164
413243164
654728303
654728303
654728303
622424506
622424506
493209318
974592919
450146437
802341395
802341395
643897563
579101546
579101546
319917478
281425559
281425559
281425559
21418711
85674844
85674844
864521402
864521402
864521402
463352549
463352549
463352549
463352549
463352549
855165843
425930313
705476899
825418890
825418890
306942501
306942501
786710465
66031711
66031711
264126844
264126844
58263023
699156276
403920488
617437599
481034623
592249502
592249502
372509302
477134212
910292495
910292495
180273603
180273603
180273603
721094412
115401065
377856906
513183271
513183271
56244378
56244378
56244378
224977512
703241438
703241438
703241438
452942432
206047396
511882032
51039422
51039422
18228365
72913460
336742014
348723703
396650459
588357483
588357483
588357483
356941226
356941226
356941226
356941226
429520551
719837851
652099388
611908846
611908846
611908846
451146678
451146678
422538371
422538371
422538371
422538371
422538371
79238687
349628842
349628842
207435061
207435061
829740244
829740244
972683751
527782540
527782540
114641454
187117143
748468572
748468572
997385582
833360321
750918305
26820483
26820483
321845796
321845796
321845796
289138831
289138831
289138831
289138831
158310971
633243884
633243884
536486830
536486830
149458614
149458614
149458614
597834456
597834456
597834456
186303001
239147306
956589224
831623837
831623837
331762289
331762289
331762289
986414409
950924577
950924577
986414409
950924577
207395332
207395332
829581328
829581328
970776759
888373977
455445457
426327644
665308019
995985757
925969281
709144065
829841432
324632669
16260342
585372312
345000542
381757815
381757815
528786907
118658922
474635688
474635688
900298399
900298399
900298399
606460537
839922071
839922071
364955225
461576547
583928360
19429849
19429849
19429849
19429849
19429849
19429849
19429849
19429849
19429849
19429849
556143567
556143567
684256686
740538038
965663446
965663446
965663446
800161100
940044690
940044690
765445701
67049745
268198980
881948425
780086914
780086914
125614597
125614597
125614597
502458388
502458388
13344846
53379384
213517536
565721726
799194594
799194594
120028967
480115868
480115868
480115868
480115868
770168651
85941545
33054187
59489631
59489631
237958524
588356623
588356623
72569005
72569005
521101322
521101322
629397507
629397507
629397507
521101322
87916582
87916582
620234120
880849133
880849133
880849133
880849133
880849133
528663473
118165186
786552893
786552893
786552893
786552893
786552893
786552893
786552893
34837201
139348804
139348804
139348804
139348804
466184316
466184316
866492911
775175621
317908275
820166241
820166241
527715367
114372762
114372762
374228791
994633429
983800657
660681670
660681670
646237974
646237974
588463190
588463190
300660805
613196601
613196601
613196601
613196601
141754783
655648525
220794535
220794535
220794535
304759722
304759722
662383605
653045714
653045714
653045714
615694150
615694150
236488999
945955996
420689641
420689641
57053927
228215708
228215708
742099790
742099790
919242656
919242656
682237565
682237565
732461554
732461554
803583824
978175780
978175780
244543945
808456959
808456959
717284331
872648618
872648618
872648618
489339886
959115191
959115191
959115191
959115191
841727705
841727705
841727705
841727705
372177761
372177761
490466691
490466691
894378527
894378527
894378527
317356981
317356981
317356981
813550713
778409379
778409379
118904457
118904457
118904457
472359726
472359726
472359726
891194551
891194551
711891082
711891082
851075622
687938509
687938509
687938509
687938509
755265330
755265330
755265330
755265330
755265330
78984783
315939132
315939132
315939132
265512175
277842587
277842587
319021735
833527761
718535174
33505449
33505449
33505449
33505449
134021796
503740653
503740653
503740653
18473906
18473906
166358501
166358501
998057659
998057659
996004025
986295937
854863361
854863361
854863361
854863361
854863361
854863361
854863361
424720385
424720385
424720385
105422855
105422855
700637187
806060042
210845710
266829907
207225825
207225825
207225825
207225825
828903300
828903300
320880141
285720982
285720982
144639575
737430547
863211740
863211740
863211740
863211740
178078843
140457410
15225189
15225189
15225189
15225189
182702268
195938510
195938510
701415505
701415505
701415505
701415505
701415505
701415505
924037141
924037141
924037141
725880591
725880591
754304663
333882062
333882062
333882062
228257763
742604450
973929094
973929094
973929094
115662322
115662322
389703511
389703511
389703511
560569691
560569691
245790058
983160232
476495995
476495995
476495995
476495995
476495995
491580116
491580116
907739627
907739627
745576744
985818270
985818270
985818270
608925123
608925123
608925123
608925123
439211786
439211786
758602791
39678105
39678105
39678105
476137260
906304687
630485689
525454050
315982482
265685575
265685575
193493841
596399703
794138392
794138392
498193616
498193616
124548404
124548404
124548404
186822606
545827828
560467818
483336648
935102239
935102239
954069046
954069046
954069046
954069046
821543125
606595826
429894598
721334039
721334039
888847450
888847450
888847450
560656741
560656741
246138258
246138258
246138258
984553032
833948501
437511232
437511232
24938482
795211132
389716895
974766489
974766489
716509985
387819889
660861256
660861256
553035203
553035203
553035203
620284259
882453581
959647429
459645974
459645974
428065012
428065012
475436455
714015695
605979613
534741322
510995225
510995225
379937552
179069428
487206784
487206784
950582783
950582783
904252216
904252216
904252216
297384639
917549338
638597897
638597897
638597897
638597897
638597897
470245644
470245644
470245644
470245644
117561411
117561411
117561411
470245644
470245644
74195313
74195313
74195313
890343756
458741368
458741368
704302834
704302834
704302834
704302834
526781111
331907214
329384503
329384503
319293659
278930283
117476779
117476779
469907116
469907116
63362417
63362417
301931038
29257140
117028560
750180861
750180861
750180861
5990385
487589682
836789430
352424661
352424661
411454291
515417977
504554110
21727734
21727734
21727734
21727734
86910936
86910936
86910936
784661246
143911925
575647700
575647700
575647700
714990064
863471550
863471550
714990064
593925944
593925944
576847840
576847840
144211960
732299167
732299167
732299167
932707962
736098789
150934524
150934524
603738096
603738096
603738096
603738096
603738096
418463678
413661107
413661107
413661107
656400075
656400075
656400075
629111594
519957670
250025922
1859335
1859335
342664571
342664571
118997440
759780675
759780675
759780675
759780675
759780675
369360862
479199095
46661380
11665345
964625397
964625397
863768529
863768529
441369862
585451102
527898485
880657886
585451102
345315702
345315702
150811012
150811012
37702753
37702753
150811012
754055060
754055060
754055060
21487181
21487181
21487181
21487181
257846172
257846172
257846172
386769258
386769258
389615414
682407556
733141518
733141518
733141518
733141518
811743392
252240509
10717683
10717683
289950334
161556983
161556983
434925501
434925501
434925501
183919290
735677160
946219934
235219541
539314841
539314841
539314841
160770658
643082632
643082632
241155987
897383138
830142328
830142328
325836253
325836253
722748380
722748380
619008841
841640205
841640205
841640205
495770348
958022411
515581049
65835490
65835490
263341960
165917878
540601646
540601646
540601646
634272588
540601646
540601646
497753634
497753634
623560585
497753634
497753634
497753634
497753634
877812613
877812613
877812613
516517393
516517393
516517393
516517393
208742598
508422470
508422470
834970392
834970392
37201174
762633705
762633705
762633705
762633705
762633705
221969575
221969575
221969575
221969575
221969575
221969575
840578563
367581193
840578563
697441883
383347772
383347772
383347772
383347772
535146735
535146735
535146735
535146735
432294702
432294702
75306246
75306246
301224984
406479091
406479091
406479091
627672011
301543230
623785701
41398482
41398482
571569520
571569520
16018456
64073824
161864310
647457240
781776409
358495963
339185079
501536037
167178679
226123386
904493544
904493544
623241117
623241117
623241117
623241117
207747039
207747039
830988156
329219565
570733541
286445458
2157375
725614435
725614435
725614435
725614435
725614435
725614435
66059460
293535035
293535035
527687361
114260738
292408865
171391107
856955535
856955535
675826796
706818478
830785206
830785206
163399462
163399462
205967562
823870248
300747933
300747933
100249311
100249311
274623416
68655854
274623416
523945477
523945477
623238679
491153677
491153677
491153677
491153677
491153677
485841344
573257713
891997693
891997693
721528786
721528786
721528786
81203320
81203320
121804980
121804980
203008300
506799482
506799482
849784007
565137167
565137167
565137167
792179886
792179886
173986485
695945940
45674557
741620497
741620497
969993282
94210081
376840324
529106476
529106476
132276619
589075075
81190429
81190429
324761716
324761716
81190429
120273279
524305140
786457710
786457710
786457710
869670755
955386487
955386487
826812889
826812889
141087033
783955023
130451911
282174066
282174066
423261099
423261099
925042056
133282358
133282358
311799909
311799909
311799909
193364408
193364408
773457632
773457632
983705027
940087049
765615137
765615137
67727489
600713410
220850449
883401796
326858341
309189011
256035437
256035437
25897395
8632465
103589580
320133501
846868953
846868953
237200918
908793724
908793724
640441837
565278642
264625862
264625862
847917963
674002091
604935499
750554792
750554792
187638698
159962800
818091764
326374701
830276940
565013278
321629200
288272447
288272447
761587051
761587051
51615145
206460580
206460580
825842320
206460580
206460580
617272442
472601062
405527225
623864547
623864547
623864547
498969482
722370388
573538247
573538247
573538247
372282240
372282240
93070560
155117600
620470400
33824659
33824659
503796884
535318776
52108425
52108425
577284814
577284814
15751829
817296732
274453869
388680903
388680903
388680903
83899178
19067995
19067995
19067995
19067995
19067995
76271980
358172111
358172111
434444091
434444091
434444091
434444091
155120381
611358333
448944626
737279276
85925253
85925253
302181806
302181806
302181806
766223504
870316713
870316713
870316713
870316713
290105571
358606153
877121856
513754365
175586262
175586262
110546438
442185752
442185752
467889396
766212332
70116269
70116269
70116269
70116269
70116269
959884199
959884199
461202197
461202197
461202197
846564435
391524681
567854371
567854371
274928778
91642926
101470759
137072416
761986115
65983667
65983667
890634283
705167866
824182758
824182758
824182758
301997973
952119136
429934351
429934351
429934351
429934351
167990447
671961788
671961788
77586632
77586632
116379948
174569922
698279688
232759896
232759896
931039584
553488287
553488287
553488287
217464442
667992890
667992890
675482854
705442710
705442710
705442710
705442710
889851880
889851880
695779030
786627414
786627414
786627414
262209138
262209138
50592199
174806092
101184398
404737592
800408766
206902005
206902005
202368796
809475184
729503031
895949773
895949773
589066033
282182293
45634199
547610388
821415582
273805194
273805194
273805194
456341990
456341990
456341990
779736738
779736738
779736738
779736738
903950631
903950631
621069465
621069465
487789154
432482021
731683731
731683731
263844663
263844663
315522254
315522254
770670320
192667580
77067032
77067032
924804384
810565534
742587231
925091948
705634733
372944080
493531967
421044101
791887231
245722234
245722234
577449028
525231127
104435802
483931469
815955863
815955863
369778803
369778803
55546028
222184112
222184112
888736448
888736448
888736448
888736448
888736448
345747890
345747890
836513070
351319221
836513070
836513070
836513070
836513070
412603862
543038081
543038081
526990854
111474710
111474710
339452167
359564315
440012907
170714580
42678645
905090056
507228736
876841542
512633109
54043730
926337965
926337965
926337965
227090342
227090342
227090342
842447179
73086161
877033932
219258483
594314140
594314140
148578535
275931565
105481907
105481907
105481907
267538531
267538531
873285881
298037431
581716113
193905371
609010188
913515282
913515282
540063289
540063289
163764450
163764450
272940750
976768489
867855877
450226498
376895501
376895501
81723796
81723796
618672766
980685552
163447592
234596895
818674034
608039775
16533024
198396288
793585152
635207528
634779865
634779865
634779865
634779865
634779865
453047621
419590336
43862267
43862267
175449068
701796272
701796272
899428326
899428326
602980245
491488226
491488226
226537762
226537762
895563260
895563260
895563260
928442872
21023619
774919734
104945877
419783508
419783508
680889679
727070010
727070010
727070010
104896490
27975563
27975563
8875915
8875915
524528280
101624414
101624414
257248189
257248189
287996592
95998864
95998864
95998864
143998296
729735199
922452090
922452090
552120731
760885769
760885769
760885769
541632178
170040006
170040006
226720008
226720008
75573336
31488890
31488890
31488890
31488890
177297634
393248706
181532474
181532474
181532474
181900982
181900982
544597422
544597422
908030878
908030878
637390453
637390453
637390453
942578903
688991853
874543353
874543353
874543353
874543353
512076706
155454354
346883158
389288279
389288279
389288279
558908763
239146346
843647487
633094815
633094815
356759539
225850245
376417075
507423947
507423947
507423947
507423947
540631029
540631029
540631029
540631029
981989209
981989209
319358135
319358135
837564561
837564561
837564561
398248856
594751071
594751071
594751071
594751071
594751071
594751071
594751071
149302381
149302381
510840255
510840255
510840255
510840255
510840255
510840255
510840255
374978512
374978512
418105565
402201491
402201491
402201491
26045015
104180060
251916367
87112494
87112494
29037498
29037498
29037498
29037498
922799237
696463889
696463889
371611844
371611844
229711107
491182184
603241217
603241217
471573505
846576127
293884417
177293315
177293315
293884417
477710149
491984834
491984834
377787354
125929118
503716472
55131546
18377182
220526184
220526184
73508728
73508728
18377182
18377182
503716472
416700863
125929118
106980836
106980836
96605722
386422888
323112374
746801778
990718406
968140565
958105969
958105969
958105969
958105969
626548996
156637249
626548996
156637249
734078050
487928966
949924404
804964557
225125169
643530134
577631830
577631830
577631830
577631830
314038614
314038614
314038614
314038614
314038614
314038614
192829135
771316540
771316540
981195014
930046997
725454929
589060217
589060217
589060217
881528590
764812827
874186872
874186872
725446350
868734165
868734165
809058598
809058598
809058598
809058598
809058598
160058062
830662713
386193502
310907719
965483755
310030891
310030891
131668701
131668701
131668701
131668701
131668701
526674804
526674804
175558268
175558268
669169919
680190970
680190970
310403646
730110693
403922057
106760909
282886555
282886555
282886555
133301867
533207468
136341166
136341166
99542454
99542454
196265095
196265095
358692434
471809837
418856895
354275312
391183076
391183076
391183076
391183076
789740124
690720853
690720853
22781153
273373836
825102672
825102672
825102672
825102672
825102672
765561581
940073660
940073660
940073660
940073660
940073660
851649799
88423861
362222738
353695444
593385145
593385145
593385145
593385145
377051874
509963143
509963143
502735832
14454622
82280156
699204731
424362271
355651656
88912914
88912914
414926932
887175964
221793991
288366467
714707614
862341750
98728057
98728057
127675715
127675715
767834622
767834622
76605429
919265148
682327533
71857877
862294524
510771064
62127400
62127400
62127400
62127400
899731978
604194853
604194853
420290706
308657728
599749417
477621841
477621841
740240327
896929100
964472602
392543391
392543391
356666227
356666227
2105413
333449922
582484657
828160841
828160841
286029345
820190601
953730915
572058690
572058690
875238162
56779300
818693247
818693247
818693247
726775040
647712757
647712757
597889254
384494732
384494732
539734575
490391211
490391211
876010836
754625337
754625337
754625337
23768289
23768289
23768289
95073156
95073156
380292624
380292624
143432695
143432695
35887177
143548708
143548708
35887177
143548708
724340143
19652717
235832604
943330416
353748906
353748906
341148433
341148433
341148433
341148433
171855177
171855177
357666434
432421383
377908035
16934969
688076194
688076194
688076194
755816070
95104070
142656105
47552035
190208140
190208140
760832560
48597181
548098528
548098528
195905406
783621624
512429269
512429269
159685110
159685110
638740440
558473054
237403510
237403510
237403510
237403510
949614040
826482627
456181745
826482627
414929932
414929932
661475375
861862865
861862865
861862865
87147874
316336913
316336913
470127948
675420157
792952144
531226551
128417498
128417498
828944201
887315791
147867181
785650060
635282071
635674381
773296933
956080104
829587357
154959373
182890309
493885126
493885126
977296151
977296151
620098002
620098002
620098002
654146677
982636479
982636479
982636479
495220208
407480882
801323196
245852386
983409544
660551299
660551299
660551299
660551299
660551299
414698913
222447413
222447413
707361245
707361245
879756017
879756017
879756017
879756017
800763793
948874213
405802673
405802673
686584841
506100514
506100514
704264777
704264777
704264777
465222500
862645647
455849529
10900758
254681157
254681157
254681157
570803139
570803139
570803139
570803139
570803139
857526989
974791459
293659961
293659961
293659961
293659961
118262042
473048168
473048168
196157837
793358932
793358932
536108007
536108007
383588090
793358932
793358932
760814952
760814952
760814952
760814952
760814952
48526749
48526749
760814952
388213992
388213992
97053498
97053498
499192869
499192869
282770
282770
307228239
307228239
230668603
922674412
695964589
695964589
462468286
462468286
106859850
35619950
58606651
58606651
762714157
762714157
253156622
253156622
253156622
4794045
359381701
359381701
319603000
840502941
892512801
971811465
892512801
575824075
575824075
393517107
191194910
191194910
297850214
297850214
193156503
772626012
428877890
717267207
612682700
153170675
144953967
144953967
241589945
617530653
903065928
225766482
903065928
225766482
794338189
794338189
167774660
167774660
167774660
167774660
167774660
167774660
167774660
167774660
721421122
721421122
808902915
240878601
894054506
824594608
43331876
515371630
515371630
807630645
807630645
434561333
152719823
728201911
501056731
501056731
501056731
230959329
882905254
882905254
882905254
882905254
882905254
882905254
882905254
421548858
421548858
702581430
234193810
10205860
676803305
676803305
710724514
710724514
710724514
569656289
748234649
748234649
436904362
436904362
436904362
436904362
802959368
336806546
360509080
540763620
815482118
815482118
84433178
84433178
84433178
143751164
143751164
143751164
572333391
572333391
981611090
992699932
992699932
992699932
819857382
546571588
136642897
782843989
971991864
684514027
44607427
44607427
457980558
155810921
610597475
774359
774359
545049745
183710274
61236758
61236758
61236758
61236758
134730334
95534549
95534549
95534549
95534549
95534549
382138196
638101033
910694089
910694089
581436559
581436559
581436559
515585053
515585053
600311661
600311661
404757938
480832198
480832198
924119756
701745965
810495154
247247557
247247557
247247557
247247557
988990228
620887500
253828203
253828203
551173687
544705885
727040719
305682889
853623480
284541160
956471910
956471910
956471910
956471910
318823970
318823970
318823970
318823970
659579670
659579670
989369505
945466830
945466830
945466830
419955892
419955892
104988973
104988973
104988973
104988973
774930508
104988973
104988973
419955892
419955892
419955892
104988973
104988973
104988973
419955892
269305600
100989600
100989600
151484400
37871100
37871100
986345750
793969295
793969295
621097373
487900786
863587667
863587667
732661026
732661026
682287433
732661026
934155398
100747186
524308973
143097554
572390216
647578060
971367090
555942991
555942991
334792310
389303942
596448162
596448162
560731683
560731683
246438026
246438026
898306361
797232802
797232802
861863215
359915050
359915050
961999420
817019688
925754487
131765056
131765056
131765056
527060224
444858658
444858658
781190279
781190279
462289538
462289538
542676052
93098113
34446520
65118990
143261778
214892667
71630889
413623919
900807614
608497397
437500882
608497397
608497397
413623919
898964339
279265016
279265016
398080727
271151588
192409516
769638064
769638064
769638064
766636201
536352783
446767278
446767278
446767278
245683328
61420832
818803981
618435535
618435535
123687107
325425424
81356356
493828943
493828943
373018324
373018324
373018324
710852109
846919730
356827215
429064507
356827215
341995600
606179642
909269463
909269463
856459724
856459724
122036893
200175368
200175368
805966446
805966446
229132725
671638705
671638705
268655482
268655482
659057328
164764332
164764332
164764332
164764332
247146498
247146498
969269270
882344021
969269270
969269270
969269270
969269270
404053209
106957637
824992587
21352223
709933487
341635568
528198328
528198328
169778034
679112136
169778034
104273118
525190456
787785684
499567567
602056681
602056681
602056681
602056681
411738018
801261256
801261256
801261256
200315314
661461842
285947565
446718375
804093075
707017436
176754359
176754359
183488270
183488270
183488270
733953080
733953080
733953080
275232405
731217797
83937363
83937363
370029113
788839273
524136972
524136972
524136972
524136972
524136972
197336874
296005311
202819042
576519852
202347922
549709157
608516016
608516016
443055277
614858443
462945066
462945066
416138907
353595815
43325474
43325474
599605971
389456437
613026368
613026368
613026368
376911965
979352841
979352841
393715969
393715969
576619523
351439352
828208515
339753367
267599544
369557385
849542572
849542572
849542572
849542572
683472465
737401154
322363916
322363916
322363916
624923422
505006727
70614606
23538202
23538202
23538202
23538202
23538202
585983484
347445230
787484230
29952533
119810132
223610897
740033201
740033201
625272689
625272689
625272689
905001437
625272689
572370872
388843839
388843839
388843839
129614613
259229226
388843839
380999439
214124267
953760409
953760409
953760409
953760409
953760409
770233949
86202737
208593965
540821028
540821028
298120100
623949786
125015871
125015871
500063484
125015871
280815056
125015871
125015871
125015871
697189517
697189517
697189517
794787079
731199547
432360975
778890196
778890196
778890196
120827725
120827725
545036712
77329744
115994616
463978464
463978464
115994616
978340634
918629477
662469202
662469202
997336243
665193532
664285422
664285422
664285422
983714593
983714593
983714593
974633493
974633493
991161095
991161095
991161095
991161095
269994696
307646749
307646749
193334177
731558451
217060487
868241948
309112364
696301042
46207210
742508252
757500809
757500809
327074678
930163077
778908823
691174611
932443694
857818583
857818583
662879620
30963655
717102327
476207252
756996081
99753795
782366017
663304114
663304114
664948205
664948205
488182368
183068388
183068388
300209046
861261657
352696354
724278961
724278961
489679050
734518575
433190732
207067019
207067019
343413836
85853459
85853459
85853459
85853459
31997155
547117909
547117909
852467766
852467766
406982463
406982463
351306704
125466680
125466680
501866720
501866720
501866720
106646678
305989171
326058381
830197860
145793716
733429079
289449257
386308083
328587168
605939038
459622246
445245326
782736951
306317232
102105744
498603582
498603582
498603582
948176557
948176557
583926273
583926273
894664833
977528449
993065377
993065377
993065377
993065377
996949609
997758824
282783892
282783892
896530596
614039752
614039752
614039752
614039752
465921336
337858995
314228708
314228708
258670479
314228708
314228708
314228708
134928324
134928324
157842933
174232575
293119232
293119232
293119232
293119232
109919712
109919712
816947008
227176159
944482427
388989593
845930663
845930663
445812385
445812385
879673109
496744010
496744010
496744010
496744010
30451959
699893101
803083698
314695700
575234147
293227343
293227343
174665019
698660076
174665019
286153329
820221597
820221597
286153329
819158516
41423073
165692292
990063151
990063151
852716159
949734955
113310712
222311013
109245107
264247447
284821121
284821121
730710641
119388757
119388757
372544370
372544370
491933127
819597614
938695440
409798807
352010790
934118095
418435141
548011715
548011715
8704485
8704485
750859386
368329070
633429236
876639314
595147947
198382649
198382649
198382649
198382649
198382649
247627244
629342990
629342990
656457924
656457924
629342990
629342990
520883254
520883254
87044310
282904077
282904077
717217816
277964740
277964740
277964740
216212588
864850352
864850352
864850352
216212588
54053147
54053147
54053147
580201897
904520779
616523992
924785988
231196497
361447046
884225907
833855069
340687217
833855069
331981905
329683267
506765395
912177711
889805378
889805378
866592699
471637737
668431079
677235610
508094573
107668758
526039366
198181727
792726908
792726908
792726908
655715278
655715278
663050996
660984926
885824544
864693975
393884170
760700484
760700484
7635010
11452515
920449186
117622893
773265546
261423679
213135942
933274522
933274522
401667430
401667430
602501145
931826997
732574929
732574929
244191643
244191643
244191643
207072666
37118977
37118977
37118977
936489516
476948048
476948048
476948048
714095482
677646047
677646047
677646047
677646047
837945200
878789214
292929738
927112412
571160594
571160594
641912325
641912325
571160594
258334367
258334367
258334367
75815696
552110157
608596688
180664795
722659180
493013505
973809667
240398081
961592324
961592324
708976900
900856974
541590022
711461404
784073136
784073136
196018284
438501398
438501398
438501398
755761239
94480200
94480200
769861132
769861132
84711469
338845876
508268814
408290446
156382702
3319807
166927360
834636800
154123349
252920217
252920217
79863977
771981538
748907262
452008932
896492110
873842112
873842112
873842112
873842112
134124260
298998908
197751279
197751279
197751279
321473445
76430693
76430693
200980573
200980573
207639085
830556340
857190388
857190388
857190388
857190388
679514607
134279992
50354997
507514676
551552144
410149884
136716628
897578650
897578650
42416138
508993656
508993656
508993656
39485918
606931515
933659837
982098224
635962038
635962038
515533665
215495853
215495853
401278614
401278614
401278614
133759538
995988759
995988759
660609115
516181045
877728526
718554308
136072047
354473875
354473875
651027175
651027175
130205435
497452050
264752048
983091167
167827180
591875125
591875125
591875125
591875125
530039826
371011794
113386731
303773546
303773546
766754084
921080930
250512184
250512184
250512184
416252179
416252179
3804383
428905975
428905975
428905975
428905975
221550702
554509852
554509852
277254926
277254926
110775351
449189781
29637923
29637923
675375543
675375543
417520576
447090693
658797424
289201215
289201215
289201215
816112085
816112085
694690573
461177954
14673417
691828929
831099680
654707637
60569247
242276988
242276988
359667783
339478034
359667783
440426779
440426779
860303796
860303796
446482125
446482125
782094360
195523590
548003074
310229667
18667255
474804283
474804283
474804283
474804283
900972779
852336992
540657381
540657381
540657381
752385845
610387854
521375312
267037626
565881583
911771799
414459094
621688641
48680651
48680651
785195440
41004225
386301198
875855722
531313943
382389574
713663484
421148574
507412826
519569307
81788522
81788522
692759076
692759076
774547598
105879928
361836147
361836147
272016100
272016100
423420151
423420151
163209660
163209660
798165131
739663971
732448536
732448536
732448536
954543328
364848977
826000532
558308556
558308556
139577139
477289337
295106738
295106738
251693820
404662522
857554010
951347572
237836893
857554010
713510679
713510679
528862148
132215537
25251759
507863170
377983713
132114695
132114695
132114695
853889410
301698698
301698698
476550412
311903866
467855799
585911273
895161083
759489466
759489466
482817637
869387674
869387674
516153507
516153507
68125322
68125322
272501288
756329998
927801879
251852538
658809995
658809995
655217051
655217051
490718343
747784761
555083793
820980129
251340255
251340255
115514320
573165208
859747812
501519557
806132434
726574584
212713287
484383056
484383056
925093326
231851991
231851991
927407964
727794013
423363067
473869140
460667967
442882380
840561998
840561998
966707882
852700823
663103104
828878880
638210317
4939260
191176775
297355282
297355282
163585336
461845589
29725246
29725246
558988541
888430400
978820229
978820229
355051714
520367735
254946702
254946702
34333832
759188398
759188398
427405390
605973524
427405390
237620454
116601024
73541170
724967691
724967691
724967691
724967691
619950125
773774895
661540166
594198988
148549747
959115942
66064434
66064434
274335251
891869859
891869859
472528553
679120871
490486884
872168515
805325998
500697408
500697408
500697408
773020410
539443742
563540544
563540544
257673470
32449527
411633818
411633818
617450727
403923770
403923770
582771258
988827835
246029894
246029894
246029894
373753100
774047030
487161633
487161633
231620273
693227770
563824041
937977984
937977984
707801625
617089114
522715564
130678891
84936195
622186038
277649637
92549879
92549879
92549879
272698558
272698558
418061391
531114654
531114654
531114654
208408054
312612081
733694829
932106972
374334373
457526242
780822938
815799780
236981119
655850904
626914910
367977989
367977989
438649831
702561835
702561835
702561835
211964721
70654907
282619628
682901129
735115810
310843103
792023978
856866725
951118477
560623384
560623384
758933466
626977781
498619593
135975044
59237322
211496335
865006249
465291937
913921042
677577909
612051828
612051828
239341424
957365696
957365696
442471012
110617753
906815748
906815748
907349341
634664305
544302886
60240946
741682799
570641763
366525749
840314702
809043784
809043784
970326623
492142744
961020713
961020713
367355632
367355632
406055548
406055548
148217697
610650889
610650889
990533762
990533762
990533762
888840258
509304514
166990335
667961340
171903334
581304652
775506780
193876695
64625565
64625565
764839656
694132282
55717173
447110153
658804374
658804374
887806656
395080320
98770080
24692520
976106150
743148714
721010511
728207477
916341202
818219769
879638339
879638339
879638339
439852279
156815781
74077414
74077414
74077414
682392348
471981405
729834624
96507583
336475303
336475303
799713638
612364479
500628121
873840295
190171443
760685772
48010029
83305985
859676069
351592361
890469021
971300520
971300520
206567693
800325188
800325188
800325188
923007223
923007223
417070847
744122056
123151541
469946712
469946712
608028408
968359386
968359386
197262396
443840391
897018381
972937860
162156310
358644710
327823593
327823593
593787452
148446863
286672804
367189495
674428979
276253811
276253811
318624541
276253811
276253811
276253811
187704813
750819252
750819252
8543949
8543949
8543949
898365014
366871489
366871489
850264600
106283075
509773166
849572799
225142307
225142307
589900673
182557500
182557500
36511500
36511500
36511500
36511500
924431294
730230000
924431294
230904538
460805371
644476357
565819475
565819475
410040532
102510133
102510133
352069170
587139469
352069170
33121804
57963157
57963157
566398999
339146056
358339871
872071336
404584989
404584989
797721732
738968240
498275674
498275674
498275674
249137837
249137837
829361374
609201909
795085773
751021507
388317854
357720984
357720984
58200834
58200834
651436376
487628485
623571467
623571467
623571467
623571467
405453955
872470048
872470048
201780330
200257859
159901793
159901793
788658713
159901793
718796833
718796833
281056299
281056299
281056299
274135854
274135854
818165417
880231525
946099549
789665137
824367870
969669448
242417362
446620483
928242095
974910267
725676901
489919631
235757270
235757270
353635905
837092241
837092241
837092241
756516185
937812311
726021249
629502459
209834153
801141803
702590528
50926412
50926412
239630122
169711192
169711192
730907407
617554200
154388550
926331300
926331300
926331300
391252597
874593124
13194035
97676145
773102301
176604037
176604037
195808065
792834274
792834274
491585842
824561558
943860550
417546472
208773236
538798638
452146459
289351326
516418605
69185714
69185714
912644173
190081151
863550486
358962290
674275758
674275758
564126691
305764711
530579202
530579202
503312408
503312408
125828102
25557095
537457819
108503405
153158483
407203442
801230716
801230716
200307679
550434362
230900672
541236753
815441313
188825974
188825974
112194192
112194192
388594740
388594740
140782364
567385391
877150861
174613147
753594776
106848835
106848835
416952904
535940784
714587712
714587712
861862142
861862142
205656564
456954703
242533176
969884095
671825570
690813574
766765590
766765590
895520824
258401379
207210410
387093310
488405111
714167361
666713854
932120896
937364830
937364830
736749080
276280905
605355806
424934518
424934518
701493719
739829895
739829895
907075112
87485716
349942864
630977482
630977482
246580495
602175068
373909368
876294391
510444505
481715714
566069171
267787978
507337578
284759333
185401135
554742517
365222
52223777
602799478
447796669
661429902
220476634
264948715
526330445
619862022
592481494
124479090
41493030
20746515
293206713
401628619
492222185
252439054
449785552
112446388
28111597
401447597
654328741
396392032
694557730
423439991
398339419
372332248
349898056
87474514
51449815
493839052
750862664
128049643
128049643
104611164
52305582
17435194
854174469
854174469
854174469
502668023
375228094
392335727
392335727
263203924
694614261
781968338
342115141
342115141
456367645
456367645
307662781
329807727
329807727
907093904
967860870
735514781
20869545
908720985
908720985
113984116
24088314
24088314
96353256
702966946
815379078
399861412
399861412
838648614
497017608
671328623
877789916
549379662
144132
680642442
264114646
737157778
637281861
584116505
354041649
980150859
326716953
957405804
957405804
590778902
646816902
562759902
538682841
539147818
539147818
33742475
257996707
257996707
301872535
149483155
286931877
287622308
287622308
287622308
431433462
431433462
195984510
965390767
303992696
407185594
407185594
972040008
972040008
972040008
972040008
254505162
59328885
763515486
751649709
276923577
276923577
820881250
820881250
820881250
37142946
806812851
451264301
502670999
178419585
642267809
642267809
723331358
453303344
643869148
965803722
965803722
230606460
527947984
576446720
576446720
746475234
746475234
815947824
815947824
272339873
598996889
798620621
798620621
936456055
913033710
803539704
200884926
200884926
301327389
335245359
67423658
16567807
768057227
703776924
110615667
442462668
591301899
728447726
374253667
436234985
735207438
682924036
604174952
268318033
73181948
73181948
347508596
405612209
109296137
710388589
569544314
498608242
589640456
873093980
768365032
141105548
101293317
101293317
519022081
873869914
717589655
40082984
359314920
376362003
376362003
629979092
429244119
560171717
960294372
604933245
332843941
221848049
221848049
838811855
838811855
68770923
534183824
358763549
838374152
898359475
671883614
667093080
222364360
37859149
902357685
736762145
736784431
367952182
700384258
674218241
674218241
274387794
274387794
274387794
91462598
929413908
929413908
232353477
840568431
642374983
273436556
835815820
835815820
941454874
941454874
941454874
126892637
291529158
291529158
991419927
991419927
980726286
279962844
733982819
998171981
998226260
484772200
484772200
727158300
294102406
147051203
892543363
436607721
289123259
990064692
401517617
420708682
420708682
420708682
273836150
273836150
495302070
622947694
540397349
540397349
326474154
326474154
189245501
596995980
895493970
718764023
580051170
906654017
472182326
969326676
242331669
242331669
792890367
829000695
303312871
904453520
414420318
414420318
411540230
149048047
12553414
894176673
597318059
677411242
279043528
279043528
301795553
348229765
348229765
526207906
394052816
147527863
174836890
174836890
296089854
858984842
2232743
26792916
6698229
162462597
747561151
624412308
168111006
669698541
610738600
610738600
631631975
631631975
325023686
325023686
50003644
409298470
327438776
135909423
923691446
608370865
97219764
97219764
628112541
505085229
499591617
10771650
16157475
80787375
96499765
528072106
839613052
131267409
131267409
808137325
332755720
237679399
764311632
641329758
371579195
893472677
474385973
568769260
336171140
527535577
527535577
980464159
876661233
521940193
469163864
410942095
27131506
407437193
909623279
372711419
372711419
372711419
662753178
662753178
339550183
268576400
380493645
126831215
574364720
564267429
593166748
300838787
64518403
265690689
368490472
94812333
94812333
20963849
671652490
794299203
889983160
988386857
995779979
995779979
471823330
193018635
531291949
661129689
220376563
876201962
768887562
80817189
415461179
353426383
650639522
819963793
730823513
730823513
570371009
726114082
726114082
295021324
952888608
238222152
59555538
59555538
196476369
829513893
180766021
826549353
311464353
720224918
123139536
615697680
615697680
687067112
411717821
27340474
341861609
670052981
227495091
477544402
448721184
247117214
980318147
552456859
964743447
964743447
50418980
738418856
468222736
702334104
434406152
180374215
646681489
772467397
470900057
735314471
458431296
280850126
174284848
802041162
244627762
155052858
881725396
545770132
935998350
733121764
733121764
476766791
476766791
397057013
817888151
766629323
609752167
309004830
245565475
982261900
618158179
884362307
527302102
527302102
260933220
627743699
736004247
995829302
566899901
890408240
476014438
840442386
769529442
44227388
176909552
44227388
799221752
199805438
419278285
273430627
727511615
170597373
99705672
130936670
130936670
130936670
448782362
448782362
448782362
92937666
92937666
472128200
16552377
910981946
970071132
970071132
948818104
182465020
873264659
276945097
138457041
138457041
804034368
804034368
602931665
602931665
405275321
940069307
940069307
484578415
469213672
942632066
658761478
658761478
329380739
856240665
960377477
115161762
780298882
947767100
726749251
726749251
661399478
665076315
468346331
468346331
86665791
658009460
658009460
997634181
995803665
995803665
997634181
30499864
311631697
744847305
603227064
416419550
804302752
804302752
81211453
954285118
672908748
672908748
810344047
48888411
261783191
735377341
729717278
67380706
401157997
279880470
176494898
920484104
920484104
624926319
301940516
765409674
966209109
922553773
33074511
945705388
945705388
242191412
968765648
547755145
547755145
64843958
858888610
395534968
198320833
953681191
94521546
522752563
418970199
453373816
453373816
390403704
728977244
454244325
349863261
367764735
367764735
144040900
918160514
400256089
321743797
925015065
92654618
92654618
644876401
423987912
976372885
992776486
747316298
930427545
711971595
62506390
846216672
140796
563184
713152363
856120746
142686791
571251979
571251979
526722548
253511872
253511872
162795852
651183408
162795852
162795852
962053148
701861332
782473124
463160305
149718382
593782926
593782926
346007550
762865915
488727926
755320262
28503703
28503703
537952838
700073056
51865231
189123695
54510386
735859100
135865474
713031833
909440842
516600268
340562701
704638966
50008237
50008237
112358501
455591476
502519874
21504611
763068814
689889380
650666366
258598771
332721805
912867307
912867307
945999640
960380782
141915402
100701592
970738072
155638821
47657100
238285500
909471432
909471432
605085270
82473184
557706582
638548822
933675655
933675655
233055085
233055085
569038702
766620406
248024249
474433245
424985163
268464490
690700771
628141117
499639457
951292949
569093764
728673026
860235293
833157643
682479355
178666765
35733353
142933412
733096748
930493008
645701861
281606769
281606769
193731421
778905835
167309144
828517730
916790431
281252648
92285045
122498321
873137777
899605413
968652671
454835965
845728583
845728583
845728583
74464987
789774422
789774422
3577563
268712933
399059345
848448101
277875466
277875466
949959766
553910517
184636839
1896502
527883687
947170789
395621618
18776065
26673559
368312863
967405642
826730509
818816276
280532045
280532045
119111332
607488666
29599797
756083214
756083214
726107137
393531641
198825142
842401173
967091710
545639600
499980492
3433262
936000704
488748235
371748147
429904386
770254736
477641853
6830303
302820809
882340429
875592614
592048998
835186016
200273879
200273879
821881530
821881530
186151943
380008638
952873828
467791671
103384381
727199902
949383762
430617504
107654376
17942396
156261198
538187476
564231009
943992685
814979290
54691305
54691305
725197616
313345088
225065670
719568451
496982550
439846159
581290625
276051984
276051984
344817958
793274284
793274284
525327219
72217163
22687177
335018475
343030538
584879811
395781041
416427366
339673367
214657888
513198498
513198498
400975213
233203261
859558238
54104872
350783075
350783075
746020041
248673347
253611948
983112207
351664390
310658057
602183718
649668106
870552820
417567992
955554525
325715895
25974084
69262561
614170077
796607646
525185641
861808726
460956514
708086365
261011765
973761589
377062814
377062814
559607010
839410515
385409634
595474585
724117807
489825491
253186039
479376206
18234621
185432981
954797746
954797746
996340348
62504726
556305402
556305402
282645410
968105504
958059221
988198070
476448309
867795342
867795342
60689732
362165104
935328235
857935503
285978501
104133075
104133075
885066942
446312714
613777506
464381359
629604333
517343470
471343533
471343533
494851458
810539697
225612826
721782123
790546230
348379367
168327965
549620566
734283663
658060251
256641995
210434510
53928197
762165314
709404714
533192960
914875272
88687129
483118171
914275625
914275625
423632783
260014598
428351485
711958364
757169719
438853518
258916641
489154043
177024559
295552625
295552625
170147212
591155771
282485547
648299808
81037476
422449294
380630182
345289642
20710019
282622085
759703597
759703597
109134505
567077553
464364107
135305661
714223216
921095584
836353055
557862435
963604859
282855910
804170271
522827561
174907172
783346331
26779252
187574300
957926301
217958527
536435745
963462415
963462415
955868783
244264142
734153892
779284466
723019198
293263054
963985773
872404380
170833363
140643057
476533388
342608887
342608887
427977231
374999598
592872076
966890792
966890792
241722698
640781836
796389689
448063419
65650860
366124746
590653363
590653363
264816286
64134152
84414784
453967801
453967801
106142648
210969090
540363685
883774186
83878547
538014207
367807314
84923208
202392735
502552007
187599545
856726539
468523079
780998449
340990320
360118057
838712779
625355503
94921298
103188836
36054495
992831400
921238656
317962398
629129864
776396600
462147551
849215539
890825623
254648419
320487036
510306554
690619191
175346543
723820404
936522543
554516827
319706608
435782416
114995656
487470844
679329483
665087026
422519811
396680425
760391051
241737396
436032246
608130238
520506615
520506615
424484592
424484592
541942656
180647552
180647552
842079335
324759910
107997998
243241205
699140983
841542899
429845865
48617582
340851048
615675174
866826875
976341440
218702844
328054266
796567160
115476997
571373583
448182496
214364815
83627173
268133679
268133679
748020347
36504435
299935574
574106070
895700309
636424008
21963047
21963047
506578601
406934848
333144784
740594055
650537869
875613444
842177039
124274507
260262075
542499189
304800057
381154457
816073842
250605331
393408006
115064468
540106372
67430100
756585203
438707389
192180581
852574930
566596486
640771298
307753595
531286843
285141501
233135276
52360761
469229866
451135748
905571332
662603291
758417727
924451545
228804515
234568369
620291694
502296119
915586314
152597719
15062062
865564261
539529613
409050732
533361615
195829526
583817676
785297087
116750991
196660116
979556531
723739058
8705329
201596500
297319053
915710355
869597206
869597206
358260739
631330820
160316211
36359462
64286724
791033718
669476505
437478205
437478205
599767254
778876788
260308711
122831556
237259419
189160645
226992774
191816603
375146315
582200424
397698563
397698563
938189774
900057251
549735727
806813952
18774032
204294701
648368575
411653232
475051774
324750304
944097608
448448642
784119732
236006636
601503567
167360304
954274744
928493424
79843396
836561123
836561123
257552132
651894138
617087911
403833066
520447661
448722068
443610077
494076686
864788774
864788774
476879580
920406584
389799871
231340704
591163838
431275424
404627355
350717927
614722096
767949918
614714349
612465071
302008017
43123284
393600409
908302743
317960249
755206850
755206850
196568187
735573504
61046620
727328598
186977774
983979016
133467449
976840227
722748038
9758830
501213436
125303359
501213436
123528576
51375218
264281289
271584529
211638147
782831015
382992971
560917092
262597465
448384179
723314266
913933592
189775673
189775673
468113070
621273751
628637633
915711413
977611118
543410450
940177895
44365206
7394201
570704842
612903008
712837635
783503059
509654216
666601107
951599480
160181800
523816073
365673313
906446217
975294819
732835269
696657981
73981678
549912363
156308636
265465788
955724001
206799836
860418221
546004318
829906972
406130768
109480893
109480893
426383584
354896006
872300390
114811188
448792561
241172819
78954085
941449447
865683065
965104031
814402328
103005378
10907329
10907329
376854748
249877571
846937197
278479610
597012880
74626610
189935684
505134460
803416057
245287740
514084889
620861590
21899443
539886260
980989025
167562137
167562137
663799071
49572161
130466345
457468782
7556427
347763527
945737374
945737374
164628005
574016627
973005064
801591832
181577310
997354244
246696077
547944866
269738719
961794099
501800838
63756189
889946829
889946829
107859056
549149918
512499929
619107228
517879295
457356841
791860844
490365408
869569603
752682362
595439656
151814238
597233699
134778740
184211051
935461408
23114062
600335753
142165988
641710909
813905050
805898873
942886177
647043510
156000022
971814623
463419560
115854890
307223313
79315919
96814982
914860423
782955621
351006628
305524520
408113813
537592979
691101843
190065062
447356841
558066534
464555490
400339380
546587857
538801643
343476688
295037097
516608480
277456486
909722214
698776117
325091286
829486216
134619385
268264942
408199972
264288640
975432430
45418602
842258213
53831312
402594945
913085769
790079624
601238525
746175549
323677100
696137503
555362351
368041827
172494101
993395287
993395287
920494786
462671926
420025254
706773227
705388123
475615296
118903824
702717573
271871370
271871370
802489791
432626775
932123061
544697939
981986655
881510782
359749936
409424538
647370642
377477487
450915229
165673072
998181720
332664607
187949871
818957683
186321254
681688451
160276434
784756116
717435043
606527533
404712220
136108897
522852828
333144072
680915437
697081443
359930178
662115427
609149458
23846786
751664113
221691139
259497974
695659948
966385600
65443515
542657958
649948983
111458928
199876993
126896644
239248558
737775311
536910621
68047707
130087353
130087353
602017761
579198170
499398246
565349217
396190235
488536972
379368960
849044156
504385005
85955265
781699338
109956657
987020451
270468802
48704775
108817844
677443067
153519281
26788693
924913103
141492369
434058501
69682270
69682270
677221172
233390806
246698920
921399503
746441069
717912135
448254249
901069995
675633929
147408806
281004276
404978823
296277382
779965017
616119980
253065937
337586558
773147566
394941564
648809394
489697959
314685785
166961818
164972174
830981920
508309186
805962898
620972113
993918801
760406413
958919122
349646616
575470842
242571030
658475547
505279114
300085569
471084691
872279908
725440908
307434631
926869473
39497659
579388179
175398586
109599952
747049844
844468716
195353831
379017679
493485519
584040782
76854349
313923771
927944274
712406552
516840006
826621589
902066733
429763
307076423
916997801
161347716
399112958
993706339
223188976
408404000
699991037
152616032
801781033
444196748
857037512
216035983
984448982
634593285
877634415
277484671
590642703
935844944
698187246
985622640
543351441
434738611
857041851
232312314
366106368
21112896
1472160
108144
4968
464
24
1
