24
14
353
10
24
4
4
10
4
24
1
14
1
14
51
4
34
24
14
58
152
14
51
14
14
14
24
353
24
202
263
4
14
14
24
14
1
4
4
88
14
16
4
14
1
4
44
216
7
152
51
4
1
7
1
4
4
14
4
4
14
88
4
14
1
54
34
24
14
44
14
24
4
14
24
51
7
51
51
14
41
88
24
4
88
34
14
14
24
618
14
202
14
16
1
4
88
24
4
4
88
14
7
14
51
14
7
4
51
88
7
14
7
14
4
51
4
1
7
51
4
51
24
4
51
24
4
51
4
1
4
1
34
202
54
1
88
24
162
34
41
24
10
24
51
51
4
4
14
4
7
504
125
4
1
64
58
51
31
14
14
34
4
14
41
1
64
14
14
4
34
44
310
4
14
7
4
14
24
14
4
4
51
14
4
202
88
14
1
4
4
4
4
4
4
24
34
14
152
51
1
4
14
14
24
14
14
14
51
14
7
51
1
24
216
24
4
4
7
4
88
7
58
4
125
82
4
4
14
14
7
14
1
34
4
24
4
353
7
14
4
14
14
4
4
24
4
1
14
10
24
14
34
4
876
14
24
1
4
7
51
24
24
1
14
353
51
14
310
34
24
152
4
7
4
88
4
7
353
7
51
13
4
4
14
88
64
1
14
74
51
24
51
202
34
14
353
14
202
4
34
24
1
14
14
14
58
51
202
4
280
88
51
14
162
4
24
4
24
4
4
51
1
51
12
4
7
1
14
51
14
1
4
51
152
58
88
7
1
16
4
88
41
216
199
88
4
4
51
1
14
10
24
1
14
51
88
54
44
51
14
876
152
51
14
88
4
51
7
4
24
162
125
51
14
1
14
44
24
1
14
4
10
10
14
34
4
14
4
1
14
4
14
4
1
1
24
152
34
51
14
41
353
14
1
88
44
1
1
7
10
54
16
24
24
14
14
14
1
16
14
4
4
4
14
51
10
51
51
24
7
4
41
353
51
4
4
4
14
14
24
4
16
199
51
4
88
4
883
4
7
44
31
1
51
7
2224
16
54
14
4
24
34
34
4
4
51
51
14
14
4
34
24
14
24
7
4
7
236
14
14
14
13
14
125
88
1
44
14
14
4
4
14
4
14
4
125
34
51
4
125
14
51
14
4
7
24
4
14
14
51
125
24
10
14
13
4
4
51
4
216
1
24
14
618
125
14
4
7
88
14
51
14
152
51
88
4
4
125
7
202
353
152
14
14
109
14
14
51
24
14
24
14
51
4
14
202
1
273
24
24
216
51
14
24
4
14
1
44
14
14
24
51
14
51
4
1
51
4
344
88
24
44
10
4
88
307
4
4
14
14
14
84
1
7
24
24
1
125
24
4
4
4
24
4
1
34
7
51
7
88
41
4
51
7
88
54
51
1
24
51
216
14
883
24
51
14
34
152
51
1
88
14
14
1
4
14
51
44
34
14
202
4
1
4
14
4
14
14
24
10
51
14
4
4
51
14
4
4
64
4
88
199
51
4
14
14
4
51
24
4
24
7
51
14
14
4
34
7
4
4
24
14
58
4
125
353
14
1
353
4
51
4
51
14
4
51
7
14
14
202
10
51
51
7
51
24
202
7
4
14
10
34
504
4
34
14
88
7
64
1
88
4
88
4
51
1
14
152
1
10
152
4
4
14
14
202
14
51
4
1
14
1
4
1148
7
4
7
216
280
88
216
88
353
14
4
74
4
51
14
58
14
14
7
4
34
24
1
24
88
14
24
14
1
14
4
7
202
353
88
51
4
1
14
14
14
14
10
504
202
4
1
1
4
24
19
7
51
51
353
7
14
24
1
4
14
24
14
4
14
88
14
51
64
14
4
14
4
14
1
125
4
4
24
88
4
236
125
7
24
41
10
34
504
14
58
51
4
4
4
14
24
88
4
51
14
14
216
88
24
88
4
4
14
1
14
24
51
199
4
54
4
1
14
14
58
4
16
14
1
4
14
4
7
1
14
4
4
14
14
202
353
4
7
19
24
4
34
4
13
1
75
51
4
1
14
1
88
7
24
4
88
14
41
4
4
13
1
51
1
1
51
14
4
14
88
34
1
4
24
88
4
14
202
7
106
51
1
14
353
14
14
14
14
125
14
51
14
14
4
353
88
14
14
24
14
2224
4
280
4
4
125
88
51
14
4
34
655
14
24
24
4
75
51
1
14
24
125
10
14
24
1
51
4
1
4
14
44
1
353
4
7
4
4
7
51
4
4
14
4
7
44
4
14
51
16
14
24
4
51
