328142465
366827482
385433867
969355224
347789404
152102294
269913092
646084125
297605802
217133475
842117905
663791279
601865541
214294800
515188131
203295243
461776788
830636921
286607688
713483491
342026704
136782466
986454122
505363786
630667650
323638411
487526526
877634288
733251505
292914983
428555072
906370749
590909518
440130352
68722806
769631558
598632403
428450781
430226185
150280318
309161609
188825822
207601903
892449434
356787258
628152952
439632761
543612050
20143133
474820067
635645075
441768273
356941940
355678902
672478842
358122503
787140015
256623384
392643964
745721387
519316058
656996713
290790544
175491291
873906607
212181633
116432484
628659759
756544364
535388928
856680043
45292544
551885562
998221915
341336110
236203675
251390467
368251793
4369342
982802710
868669939
832173855
561142987
143562259
358258997
604590775
598207305
780772688
356691258
315271506
162202847
367462003
740960989
113317811
297244347
427519466
751828789
684794812
270387922
547485546
692858416
376956892
781926865
686476489
672016845
864430902
938963967
939143466
190550097
830290572
509478638
989502426
634442329
336442400
923884844
809526087
791707087
753334331
217560118
352580388
737316823
811078021
985949496
348784657
698209715
806085556
751100326
396485561
718003122
276260946
225218595
398222048
539086395
195500251
500084391
190475234
527116062
536548741
133193063
29115999
168061794
600356290
126407910
336320181
148481608
859356499
905024047
676573361
92991729
245851883
338772217
965916663
211721172
777976082
528245306
381840731
206537764
96760776
386288217
761410605
863373313
246525535
292149496
49297239
79610517
82667634
272490381
361316585
32206403
605580407
137338429
188145474
920423927
598205227
434619745
35971061
972055226
92898238
308238238
169550194
785601984
639697466
141170184
969890196
851140191
986782304
199374666
635708552
802417799
213808345
27661599
664826670
943756058
925726332
946555295
752237478
852093054
480401854
679146375
885659757
604657773
12059408
739407960
786388541
144762546
897906999
20021355
484314504
123382133
815841826
472242684
593338428
721905704
224908965
205443407
575114723
478296201
18993900
474669733
658386937
60844364
783326164
42485882
950221071
657942565
81590816
60289889
916534100
383043239
64552356
870755545
203624010
69815312
370369170
535319362
730458190
140514820
34683271
109591715
243006841
922490866
538989827
987824522
740120671
243385467
738795837
529156625
256177567
825799261
812893188
151769413
185866443
497452876
938917392
804975305
229785300
865416937
649497982
940574361
977553108
417259399
730759190
494196886
30358279
164721947
696431519
916137463
468761701
247546005
616141453
646578568
291704572
686217638
38493904
114847083
611643441
833879762
63459496
945112103
449295704
324186574
708049005
974304800
245481597
62826955
449475780
121226385
259031156
116992778
378561065
82947078
574840271
335270057
566549711
95584725
510387354
763996487
371738510
783005538
529098278
111466286
496790283
458028311
778570303
229188452
824908936
681557200
567751097
290933644
661317854
14323251
556169568
747738652
466811070
445968704
93320148
243172872
51922441
225282487
431461489
779166082
806304987
25908727
29267581
980425922
846459872
846459872
846459872
846459872
846459872
846459872
846459872
846459872
846459872
846459872
846459872
846459872
846459872
846459872
846459872
846459872
846459872
846459872
846459872
846459872
846459872
846459872
846459872
846459872
846459872
846459872
846459872
846459872
846459872
846459872
846459872
846459872
846459872
846459872
