16935087167
16971645938
474730004
11664064707
16442117513
3096401943
20376525125
8636840272
5824313377
17643116354
1148304051
556899434
4643886968
5952545777
2799793728
39877338
3052337160
8106539022
6032621516
4429184390
2759129903
6525425378
1098276203
7432358657
13505447905
1389099104
9176397300
15824393147
7600573485
1092625437
7268748908
21237906362
251492913
10272031798
6774297996
13837686838
6624192357
1814683643
19023786643
9924
863100364
272239823
2186802007
7210089217
1201462568
5213869574
11345596146
5180292067
9882816011
2364894286
222075056
8117451801
17852021758
136286323
20648833592
9451631368
10068430396
7237304451
485514005
386869950
15792351822
2957501234
10030742125
4058590427
279648978
1004782992
1957400495
3457062316
5153228402
888462089
3701693102
16172506411
13313448321
1945824635
3095266843
10135061117
10284430726
2060862655
13438066520
166632051
37117331
21191405338
13861149377
417230957
6881641539
15907322918
10681785036
618503118
7835648249
6989489178
62930483
5060069504
15463928150
10949641044
14208862006
8741133015
528231678
15765871303
1968053721
8195335607
1727849962
14481538308
874237176
602615515
2964459462
5364804778
5493920864
7869626931
14420071840
85879687
5187751053
17675709541
389062808
6645481258
14387888021
12273157117
359309486
1160837009
10039889571
2329144178
12599579503
522219468
1880474073
18976718790
1400531625
15673287163
6401841834
7036126108
7468271923
10444254218
1021012186
13811618115
7446815094
4060758903
13070545475
58976216
3265047982
8221315384
79179606
2672005251
9615298356
4436185059
3552284910
5767084049
42235075
6132010629
6265192905
8819956048
15076966301
9680613093
3198298575
2668664502
5522702904
9114352899
7293818593
5953715779
84103926
275332744
17098632147
897025
92358865
98025174
19207528163
10217855104
5223528938
8928253026
924948967
14311768266
0
12010935238
4100919355
2451747691
235342136
4206226876
8698080462
1298425317
6075073738
10183788410
1608764237
46758391
21125181313
4683439502
14955259190
7852076962
7033622673
14740970656
19529436047
10626983261
9074812542
17757758158
3868277915
8268740311
472770329
6190026227
3906618301
9136354658
14088334520
4061342099
2912586500
17304392261
17025067123
7984309099
72506872
5126309709
8846483881
303146369
5667940009
4821298429
19283920076
9487325493
204000309
3024191478
4906159518
6511261810
14477333829
20683271633
13964423812
18492472343
33762669
7935431108
16534031128
3808367531
5061921163
3148462076
1315006183
4386098003
26493372
12163398
117697794
14782247483
1540149513
18447989669
38880627
13236776652
14121580403
18866149388
2718837515
15284042826
141125820
1643413460
406310250
2577429156
3639505964
4543461372
2723944560
12627382332
2586136462
21333395320
336297184
9147641190
7775707
8254693096
100371690
13466607939
148733944
12802228949
1797620829
7444513400
1701343287
5221319688
11825975847
5212448546
21161318536
93458780
1606141783
1444783332
713733793
669045530
1794711152
20518775915
11349783073
6188423866
66113757
12157193758
88465817
6679524758
10577511083
1306000308
13565501722
2442637231
465934063
3474416823
13932100
11332816770
14377941254
14722072242
17979154792
1278177574
7250487258
2721164
9054652464
6004714131
20090659471
5414607750
9437493771
5256225334
18133599026
1881007812
4146132587
8981636184
7249102925
334854370
7939184878
16916750316
1260451991
4868740928
19988599807
19320386935
12292126643
3860942464
5373925124
1136075236
19817730019
7117660179
17281573418
2661477994
19254133748
2586171189
5102840524
4695841350
1600461455
4295245159
14818247626
157732471
10126090849
8950832650
241698785
554371739
11544649793
507020749
51992456
15169761
2153924287
9655105
4451722510
10309302305
4251755183
933661114
15655872122
2775495570
8027121681
163050610
12578869775
4631789093
2263334696
20162622576
233194161
16069906740
6414521412
26556574
19462060517
1793009078
5888967664
21082015362
861989855
21321274601
10878463158
1460116352
11657897715
1689038405
12067369171
5726386916
6483294996
309894453
4420659057
4737951240
13771089812
15544545
1676824644
6541364851
2780251972
4931834222
6716757427
1232887794
10164828517
8308778725
19863543372
10869873064
19404240020
836233212
30586077
15682341705
5557512916
19904299049
20328545
240024326
160122318
13712589982
19918202123
8082827639
88248099
16977375603
273579161
3357370
6140507720
4034155691
9777298232
6373388722
101568698
14047726674
13771756886
2124121
657189473
2492456379
2213128683
11212698583
6371791781
16555540779
426390195
5818456592
179928199
319726804
6260319794
9846181775
2695475039
981377524
4006402
9177446303
15473070640
155284630
5384913776
4461352684
316610000
417220099
1230404388
16110791375
2854920587
3471712266
13035344859
8609061963
8485973233
6947169151
8429139907
10929058640
6063106070
6389216409
3138224924
258809967
1223806675
1282750424
19912302496
4762859361
6504344988
26092593
2171001877
14430844841
15196152748
1723421761
7998826618
4958214164
2510061847
5723592825
3158791793
10237869755
17783372457
499852617
9066455183
2256387339
4882897672
1100808922
466407703
6342620484
12188252300
16475255347
2316571399
3381366261
9683764983
756464689
10792466539
2332889771
42293158
3113059696
7969331913
10843573340
9332739515
45936257
14752425843
3802751243
2644292975
10119376172
12774610805
336715919
9143681572
13827442292
1440293622
10604725453
2730168537
3625631677
544483367
13824982189
11916914865
916354505
34378266
532890817
14963991434
1949784981
33415380
7837874082
10217181732
6244797541
19456596
7935250003
4879694083
1332226007
492575469
335804831
12090900237
4613783718
88308921
14277490138
3590304994
3180843712
1710868443
234929529
11603573068
16828057030
15458421678
10690593543
6081917556
179394
7090954374
9204195053
403357392
17844900590
8171853825
8760727722
392446960
18890201419
15000771392
4071416101
204902536
646248225
92657790
219079250
17119978441
12873458077
2270277454
3431991921
20490234023
13603850135
8201095327
3187987097
9848184208
285268672
927508810
649233284
5150444946
1160372711
681572526
93084345
8737310385
2511647720
2260171242
11695113
93662982
932338084
3321401767
192077273
1306363611
5358537156
14464116588
209805759
622197356
2178395271
1734907591
21416846383
7457545795
13773127403
5275932676
10692643914
3892376937
8071086767
2026510261
17793339465
3549446784
4118265857
649317934
549206324
4616018181
1457473727
5399308627
4361551465
8893901642
2522857432
643937767
8322139258
380959383
443181184
9912379054
16002009840
3539622800
68467976
9007509354
19542970147
4362343232
3685987444
1727750106
1652223306
15620402148
2138548930
15893787530
19251159822
9489493580
4375399424
8405414623
2430355040
18914376281
13879398297
7036310449
7034824305
1695969568
1582416408
19524266932
14650932108
15836776301
304351634
20219884796
8866302520
10725049519
20590823978
640897899
8499149782
2957103477
3914390435
12422470205
990520319
5943712155
10983075610
11631565198
2513999073
6130811186
4774430198
8187235806
2027762469
3146969890
10972912441
2186080
8851175840
5416063475
238352933
6160704881
20050275301
10323608833
12849691318
20675193891
5995354147
5642302203
763388765
524676282
14062388505
1601752083
250413933
19342620878
14325525958
4275434207
14695351158
16387469866
5668644145
2034618672
3301345824
587543440
4433048949
12420330635
6911985390
17154744438
5853243279
1647811605
890013880
6120082297
9380058
1703047583
21214764
2510864228
1167733721
374314551
5494195843
94038281
3707802663
13216968424
4542971234
18864756816
2832038077
1405485132
5273681321
992962062
8957987339
11100413864
1699921052
2442814518
746676188
3398264
2820859575
1249144656
2171230040
9385952638
14710248076
6417979766
2244621098
2277178240
431739707
1875911300
7085116839
2905865723
5573096633
6417084944
16726932032
619882755
7406964102
226233833
3190965917
300554894
6396982928
1128216628
430538868
143588871
18063008550
1014671
184454815
3295343648
5731727648
21373704063
13335582199
8063306533
106872223
11860834894
7144559380
6907926040
390533737
11496174670
153493288
22176294
14093331295
106033454
15878310970
369714658
2550044212
5002357646
12325802549
14578724104
1542852051
1183662663
17998079318
10150030467
18260242629
20548550978
855031605
5230372738
12714104249
18587932282
4855814216
19091349846
4081216392
5050762257
109019739
21392983119
405930247
4901404877
22488939
18504675635
7998528662
166559861
14095896590
11662896397
405336813
2542359884
18681081992
16436455152
7307839207
17104888267
8242858399
2740055744
1058833250
18670420905
17342185729
5176289810
6402584676
6571138781
505567449
1177214107
469270726
2865860011
384935152
3334463199
27660477
9400115640
6232580165
2055618295
1534934701
9494156769
17958135120
10933944383
4708009470
13792869163
12086256832
3960175258
6510267118
18045455935
1474295740
6149526831
154650121
528315235
11810319617
10797436407
14895020168
15610416091
16445468667
15194132437
12915419354
591138318
1702742683
1082615238
8082329
10092152095
14498572502
173530318
15836424628
15682814489
7515681853
5205943046
3144942760
21025149580
20258984243
842156843
11613188088
3878908252
10728164316
2393388438
878373356
6972810772
21031032144
3014424192
16893982432
1332582269
3798010204
1218421853
4217056
2385264334
2071662519
742387570
5192127564
36873256
19015503883
6458275743
1235599872
1143677297
16599702470
15022712900
8265310542
1115468834
15047390318
16445068600
4335405
351822891
25960545
5755680523
1336896287
54899509
1408190918
18436879929
8336057526
6992040820
271493477
1177628808
316836298
1055425779
9969144
453747419
43129494
5288404133
15369195750
15970021806
4164790112
803732258
13743903790
9654922444
14322499200
6216319797
249467125
1416891171
285457999
1252047404
631616631
11522134476
4480319255
2824066933
7533892
3545680438
17391612336
17175242903
3278313991
4603952213
821905721
16854058224
424936993
13494545511
1922825179
3046080893
17618157083
8502102427
17172340979
16230586454
83692692
2492794060
414787394
3443722753
8329801237
21369669936
2410321634
1114888749
18628543439
5067299633
7922653289
4797745520
6836725051
17977517514
4812371520
15510591522
15569840920
17733802705
8654811031
14320576605
280927062
17617893789
149910135
3425146322
19021461947
2478890219
5908842720
12898222261
7416510255
16924512998
1305970891
2052118416
11255318455
20353431864
15834850002
843744792
6457511496
21489695374
20551681533
942704312
4898057431
2580028934
13770728359
18637922926
667615449
6874057147
12445151390
13952759909
1868189082
2725768835
2051985460
20284869236
18590523280
14006926565
7596238071
2763879222
3449578090
4100520614
10565685597
1468662550
4014512802
14424548505
323921398
18555569324
14760097953
611419905
13723968910
4229118311
1298901419
2063802695
5690303637
561127
16714556899
2492606936
19181615694
10084512650
5405804175
8386691482
20708518655
398350552
1760499200
16027549081
16504413914
125099488
287783506
19388026084
9524007574
12427135299
810224861
1824887349
7779468817
1171998556
3519489926
6342410157
16441230
12418
8970503104
7971555902
16160566638
6736465187
14168112191
5254639537
93506913
15717389849
7401915281
4881590246
7726245169
17862378028
971186767
125164247
2534557313
12840974435
16577345971
1157489
2639386913
8764961070
10235537
211354569
19161115143
547132292
3496445338
84317092
17418220472
14894144684
16243617968
19008052090
6581090644
377043712
8731003564
8922325929
5561811835
1601846775
8061184954
8988940458
4241586613
19890564382
1414497236
17856425018
12307775279
930062883
5149393116
113133516
2144834787
10212020563
5619184228
13586931897
945206758
166761337
16180839141
1051718461
18139487235
5804310728
6572491648
21521170794
13077356717
1673960942
8305470383
232189693
13643622616
766912577
19428981322
15361694321
19540106441
21444668138
12680435060
612366262
2761379220
898514011
4647652042
20949205345
1093347488
14546142409
1970161373
4558911034
3291108387
7951844526
4212367704
4430964713
5209488014
9167900300
2513072645
6991423586
2749962962
69112275
183541448
2635197146
17292412766
5486467701
2936592645
19046097423
2581653660
6768946447
5650339588
33539403
5647174494
16899202037
13243313738
7569793737
425806129
20160272442
6616234096
7481755524
12550797609
3036313323
32322621
1525229632
17093219395
9778312977
5798011419
573813307
4677083837
14147560013
2097016176
15882840221
14856089336
3717299788
16344220591
12720130900
3277052218
2296295847
996947506
5057720749
5982954976
3594157126
14747785560
206825748
1446451118
490587138
14008047078
302916561
8725367476
2074424326
3356397093
14057757887
12159303980
6245675001
2874520506
9398578550
9167051951
21211111558
314432545
3785214904
12988055966
3944519468
17060455325
20237722996
7469570440
540947090
12957648385
10310861272
5161564074
17925895859
381449218
474293318
11166537648
205474037
5719895726
21433905705
11362555640
714442361
3827237648
16865463299
1377012331
3376409290
9167919741
13140986880
6586828161
11458437430
0
5035668146
2435572870
12358781044
43801371
8435566272
4468400
13412515621
19118564432
167717340
619405924
7090649784
6033133577
16340176812
9916014631
14567537435
9711685344
20573577195
4201125250
967308531
1091629842
5139730309
15773531286
8446719831
491562447
7638259011
203192087
2537359882
11770983376
2607446781
30075058
8589436933
99796405
57255525
1199392400
550358778
10983520455
6130257740
15631999915
224820157
2900157502
19964847314
1564138485
4744334159
5180165867
714690555
19818943198
1148400489
825492231
6530173506
19689020319
3740589281
2311313091
5966789104
3605733852
13511010133
3188704448
13411218639
21076109939
13148974678
1105223243
40595558
4473723348
3901097174
9057455907
3034859972
222972657
16024087893
2928626123
415162685
8090356190
21544577061
10214863047
637152493
17383197782
5691533808
1768284738
1296628511
4768336718
551311090
7761589747
9991713010
10018144141
3501940
7112069681
1785638061
10480844494
1809593995
2466951424
12019489017
3781938469
5980816750
19733223854
247440709
19521161432
515834899
11677317992
17455352786
15740367423
2557549695
8889911029
1757142
21019087215
1959852651
11460988206
1258994099
6979425925
2201076984
2368397989
21330113057
17596486437
1091160538
13384103456
12331141401
2328975411
11066982252
338238334
3433051
179860723
14473869579
6517611870
14904261392
1398263605
475321116
15155027
47821667
15167798701
354798788
4330864781
5657501628
2975585080
9235715169
14569868807
6854582015
3663752697
2734964646
13604479316
11992961036
3903460776
595581845
15589310418
13295131672
199870129
17454802119
8587446741
7108360551
8916634530
11669580340
11807876214
12904183099
1341644348
2449169606
1614786903
15933877186
17306457586
13536347051
4327068292
14700532710
7490174896
4619365876
295905868
50445450
1998882343
20973855516
19256398777
4301660858
8251018184
10280502480
14413662106
3117258536
3628479
644662317
19072955083
4725944176
358577
7884942729
1855901919
190900067
1350966318
3733346
1906056104
16086605579
3141490529
9278257854
44193
6413705
15315413307
9074119922
3830868554
8537914353
4401318893
294269505
27727723
19770630003
14168579294
1519269201
1498925260
4445717765
2865499950
5224011901
9670262927
1087680216
2676740720
13538232298
11329508203
537660962
689055637
13531313563
21101629598
1879034026
8145408244
5634509354
101436725
15857624874
11951120669
3140134656
12457894802
8249168493
4720736548
2628016709
12765662939
216706934
1319092551
31060691
1036345589
5133179613
15589952184
894764132
650626361
60605806
3577114948
826742754
13477757563
3428342021
572100658
3189716121
6427435869
7767140056
1659455251
390996260
14893885469
7494767508
254379
4339346477
17858945014
484966192
2156629427
6326241375
18149954640
17832584745
12963493618
6728515641
5445353713
14238844030
12752436798
15050434371
574017415
300826771
6912999715
10441442434
11024768784
19002267869
691031203
2326657114
20529468291
20355587458
14734855215
1590772113
3533446926
2898751755
1764566037
1837649173
39914027
10879037959
6754045321
11166890488
1566178303
17711037451
15063929219
3295418641
1484671013
804668931
16299487222
7329799165
7405003987
12062
2250767183
7539308269
493641622
151488796
0
10873103112
1569344040
14280356065
2026840306
10466584377
18873536901
12352241062
7201915205
20452085948
144895192
2257121706
521978743
14224959610
10204981362
6369602269
7549513168
11629189843
10929715014
19333138472
19522306611
51338357
486486408
17746227179
5169471433
19119026698
8567233463
9136601527
2868076857
1102332921
16821847985
8401109948
9976962226
1086034556
242869922
16176409233
20653190152
3390598536
1368318827
8691264245
17230947238
303234980
19157749648
13619183849
2879210
36352729
96701176
20884157956
1476570458
17220044234
8290518645
37210412
20789937137
10067927568
20776387997
6435900880
18619424685
14658882878
13191954120
3799163206
5228429414
26107504
5675689915
8420497593
813891780
9136359756
9187707660
4746810658
6540590735
1272908050
13383245159
16511518123
7669396400
18489007981
21467230792
1563436356
3100531726
950126205
368905699
738027
11151455755
16080706173
197813821
5881691380
1767884401
9151071489
45786871
5316716149
16760773228
4237402048
13130948412
1390824697
6428010230
19523178224
6773386459
9972915744
3376044302
3873159316
15421689166
18945020500
10439508344
19306606960
11711577283
2176919883
20836677675
20345276604
21471686027
15266821121
15312535566
16665059245
6075055430
8919259607
73550032
14029078784
8129043
19222401555
440766776
13214032367
2511461921
16442861321
394161805
954360233
14106762839
3534371013
729839238
20807633108
12413067687
1292693505
7788217280
1806557393
3459920967
1239108876
11204995300
2982687899
8791548567
23131687
1110482090
1656313096
1511367535
14771248709
10731366275
16785553611
16200155862
535478480
18800343003
4572082005
173094765
550286751
18969127226
717050224
13500524838
21878257
17541920176
7210165179
10112382363
13136122789
13413408611
15817195121
12785587812
1118307790
15190865736
17184950306
6238743
775920159
16537610087
17011979972
16132065760
18888158710
850138949
394162024
4289377296
14522361306
229336761
13219176635
13816468313
1738191757
5021395631
1468365204
9277645
436852056
2283857124
19786287108
1615600304
6539850531
6434962769
13661054189
19024015699
14998303564
1326067318
88121897
17328521505
3215612981
3794284099
1619352249
19236242343
6849910830
1425998297
18269863559
16600413204
4277594623
147604
5886403708
5952842636
1221972974
42512666
60544856
20939313929
4462780589
9784487758
1626084946
3474514883
8041904116
1154130064
4737663542
23696099
16494096137
2386792720
418999627
301375654
3836081800
941881199
5314137922
11567332
6316081085
16453086867
12296176410
19268427359
9216760414
10989563053
1684749449
1787595503
4970273306
2252749831
17170437282
12418262450
13217015199
16348659712
2440737148
43115551
5923192305
5216086800
1204651503
3029183088
5373314262
185149877
844847936
8878317283
4278644875
552938146
2869256644
21009720572
2530997788
11752905028
8408356794
5624586231
1387646780
5538153033
9562032172
461839208
2868356533
13374503951
70390885
10691728484
7782084315
3887796175
3965177
3293172492
1513524897
48985644
4227450348
4047069953
3184807268
12672752143
1587408205
859475639
4644363968
4517975468
2185865532
233196217
16461239410
235724660
1001861
1283110288
2688179
3832888829
14249589105
16593153477
8034230266
21602519657
11202351261
1626289999
1212277202
5869625793
8920952511
6308774343
9615515967
8571722234
301137364
7353945181
20171367250
3423275959
2259541055
6803901195
5643598320
21361993595
9330798960
14759521635
564350993
9974909591
6716681210
4906021200
4720586006
21391298829
142180489
2970363881
146153919
16102673344
1518153516
17219780456
311378336
6779115578
9972361068
10125049499
3791600205
9654343745
21200092197
21442162212
14693734006
441388593
20964519106
1168924534
1942357713
15487377573
3381809709
9864683149
3423237194
2329443343
623452929
8555508
14071088604
9333995550
1794739375
6621829621
3748230946
2924367021
7507593434
9611919266
12991366189
4151532586
350846300
16166988469
4803920984
624747814
5991536274
1301746775
175444636
19689186730
9910834555
4051600168
1677626269
3080347784
14218049288
291839068
1098252400
16356045225
11398264775
13574350074
5317378
5989235959
15134834203
12769057964
15828804902
3951769908
15253390945
3272969738
95693365
14778934126
18273417350
6943046673
9684483545
605584726
12657666
3594022899
550396347
14016615683
1225740233
2929551214
21463508612
173627089
8556940195
4832064371
10933977161
6975871348
17590605786
39072356
1868643507
4180702178
10768735036
7554550141
987947831
40680791
14293231229
4467949140
49269910
7351228603
13156643935
18804646783
19085549869
35150268
12825899392
45366353
314234559
7133081632
291324193
2598575340
279666092
81298680
731480969
9202614645
7873280650
192261654
12145933
3536889351
14986374674
4990328382
19742639628
6169508510
2926953509
14859923252
378076296
20544403120
13601148275
2701033787
547351858
56304547
807081823
8394064927
19386954190
736366281
15725637712
12865721604
222497243
2689959014
4832926632
785497163
98031183
5627085507
696755670
165589152
961783423
2359944083
6228244965
134741531
2896741267
2058600847
15127706332
15147440169
2326692292
5595650255
7211746082
17673478579
4789438161
8535507542
20785100592
2970635418
8013683387
12465650078
8901878005
3007914901
8286831118
11443256945
822713492
20572833825
3240922727
13166289460
17277083334
1971206693
2154803725
4597843277
2203976215
1477527314
976797921
353277951
11973284895
17622347512
17416853580
485491034
1909352499
4955387589
54202761
9590846791
57637932
6345958373
2206490397
258896797
353637064
2115986838
17088893402
17637373011
3898545108
1748006747
7415264627
4397385463
435078915
5818858427
7428806702
4475676633
16320389560
5517902233
19505475634
19080558797
4468901204
1045305608
3927443000
7789451320
1541344331
8715317135
12387247463
13879189251
14385819575
1008019230
17127561703
20644936942
20180018495
4367209484
12361515588
5224766821
244766837
7827579796
5266040826
7067220772
60229819
14329205177
1181618125
15320979389
18378628462
2443864990
993737154
12135914081
12296934075
14673730
1095725007
2005705166
5067394360
2856218808
6803945137
3765160189
31614979
21193371871
13749191937
5842219853
15501601663
14227024399
17492509691
17429878425
21104607137
21475384596
14737703155
2650093261
19548665362
10908455030
3934543100
10962001468
808401890
8309094020
6436244570
10379600990
17136574388
1251182143
6813574257
1801511
3048505824
5902478275
160792952
6805490397
13608660352
3875651143
19864565677
14576017398
14706
1354371122
4984889887
14149435856
394394198
16976810236
231408449
19374161040
5712628346
449915444
1157878287
2234626664
1798211877
9054365
109529723
17541673079
15192235394
2167949166
20378618359
9186196041
11424878231
13116999063
2747146181
11335989448
1008767778
15445261117
169465145
62764128
1350026098
20291809515
18130836570
18156009077
20216320435
4547369124
12316638393
1256299246
269740773
2816787921
107849994
200450559
3121164717
2024888212
17978082577
1549554244
14311515468
16274392176
21517974
8531702327
3292123195
1259245863
115310400
3137529220
325536
101160659
7625889
4483869500
8392048966
578904984
21022777958
10545697096
639973247
7770361827
542952175
1140283826
14387870234
9428000236
390572645
9148472340
15568566615
8657987001
21193371871
10502915811
6196736288
110788448
824781113
21135228353
7821577146
20595490690
4327005547
2810882574
1698336189
2461484
17480677065
1592380090
5682049862
8554263876
11551440418
971581266
1712834107
3514392001
25000939
14155338425
11364023426
13130003635
3185923439
666565672
19903245008
10272164615
1763544463
18204385721
7974977843
241008975
4260872288
341350196
17437987349
5677412483
11904586642
3777125439
459769014
21451480042
2978113313
17561252281
12898955678
13440568316
18492019589
14521567647
14635919100
6458980628
5292334348
18302105310
11880800933
438755554
19670566401
14360589702
1182374849
13944806114
73977648
7559258688
5263302357
14599299323
262555000
2688531166
12142621178
11528604979
13528104119
5770822233
987255367
9924752918
5108400179
1852639245
7733274842
15778618486
1387368021
1157825973
4310175808
244373238
11017732871
17350719493
18236539736
14735204140
11113885577
7564449765
307257856
17144736917
13225246866
8222503062
2734987438
9116625090
3744849681
8464044227
215656213
11434142352
4891358014
51882024
12163884184
8554540829
13858512623
14033640314
73868524
1125522882
14622060581
1422705076
5326864578
5508531346
14832619064
1901306285
7559815404
7553503781
2989181534
10354121018
9331823555
5927457580
872532209
1576175972
14794757318
2954400805
18348013384
386905122
587100710
1095898284
10481302052
975462203
250511083
182533297
9912893850
447175136
10509783766
12008184589
1505844477
7015606790
1153150
11308438699
2309036573
8606927754
8631025330
4861225528
2184570010
12009486546
162023083
3510297682
6242264912
20854317887
13615580552
8834386644
7839347171
7148904770
18242147216
6866654647
1248195192
392857504
747146114
3023225566
17136346588
1022012285
20912904921
8297455662
793552819
838246438
630227068
760096219
20286242285
532183651
7388508965
1542275302
6928834125
1571049254
280826077
20665192415
2155750681
21451879591
20490550217
21157124259
2611382911
359662804
13199181743
5601184412
1411416352
1694898796
4737336384
12162891403
449304883
228658115
5867669345
5353430019
20872381332
7137833692
25946977
19802726481
15058832624
16755088233
2367664522
4297522782
20760717063
9262919312
5683736452
14729184717
7045052904
13672742602
13362066959
16526650
8914085884
105505590
1492016638
405384180
8103612617
9312530936
83748390
270665056
3473177731
1240545519
12058361066
10785297617
1249609978
12171774849
5464181887
11769908621
13179234342
4093287711
2410099760
1301568602
86817170
11794794029
18399249491
3166135407
5318359429
28627764
14338736347
993217276
12768785399
3325902
2378114037
10824584904
1033187521
1878782862
11329008834
7211056828
8301432630
2088167529
9721138225
13121486542
4326226461
8244614410
8580149
15536945482
3933026993
5735355147
14561930300
4142931339
10437151999
3009926679
221007443
13043837751
19965217089
1876916087
1535323889
64492033
42343274
2908563
1313569699
15069343936
989902442
1695894
5222635821
8962269743
648332011
17416183353
4181591286
1891927439
266762143
5952273467
11540492101
339977663
6807349115
476557402
2576168158
14580629075
5524018640
3741887936
585966762
13665740714
14317858334
11285605632
6374056878
18558544641
240168
14098995458
8008733002
1715384054
1622785743
15518606
9481098071
3508943361
2202475069
21949976
198585870
10446814582
2393676685
4181419972
13887869944
8662835601
18922726739
1525907666
7671897639
6332565432
6129107529
144011026
19093542268
8796621245
4224129086
2489393289
412316217
164184070
562232889
2180505588
14949338546
409008984
11015300999
172990633
401810197
18546012109
9428660204
9373336624
3005468014
1412450968
4348238075
11994641917
13867546767
10007069267
1156026546
3719666252
3079054935
8171314009
13589591815
16022377754
476367490
1173680137
638009304
17012310244
16639062027
13847672595
7163079721
4849164912
13135994989
9073380
8232759949
19361939359
13916526836
61034317
2511771886
1606664304
8217448404
20549836635
10455192796
2269158281
723284640
11482220789
16027680916
150126570
11268831375
413803525
483449930
1138310020
10522777515
10466871322
481124203
8034646097
14413921902
2917671026
881819335
9242014840
7993847
9760126829
314329250
1392783791
348102028
13945020813
9788556558
2425306254
1223990732
4172938941
10122675570
21054201247
6690204930
6993829626
13085461659
940812632
780076228
3918230263
13965062511
478242622
6078658578
2986127798
262270475
1039012176
16862749250
9444151190
20170619588
3319902201
387174631
20168396855
70885211
633389548
18102024355
7611309812
1535600
2752923016
210809951
9049584719
7599862673
5093480985
6797656272
12493175371
3141139493
1487171071
16628908134
240509285
5995813211
4354267688
11075762171
1276015998
5338223868
3623270089
18742260037
17048230020
7325646951
6535110297
33806695
2632921345
15558613534
9458962217
4516900363
2958957817
18482361998
5399573093
8409369593
4180295113
7945554944
1934960514
663102458
190846521
20606973910
16679446
2743056314
4333825985
20255441503
16969174269
3855515351
7426774506
2602861147
1157770930
16457980332
11167012308
11990134015
4048975878
18003482736
12481079082
2679294801
263650693
6471389152
9989283261
2376703917
1529233588
2443959976
12101669090
18852785099
1099225256
8872612403
992635623
16158998075
4504837331
15431817008
16778345889
2398784535
726777092
2834023326
9917784785
6599722655
9089018101
993658445
15762905504
131239114
1771134942
252427258
3193161083
581976512
12597302891
6612152091
17369800478
18952759195
6960813016
365396072
1124755
12135854753
19529902492
6194631865
16109920856
12434847459
870953805
528255629
17948947543
10465992353
13660600339
10262639538
12052366823
1689246064
12652514484
1954088
15164777258
306922846
47083737
13204810408
618713486
1854915
4657313452
3523998870
3962361
10714350058
11317012149
1212376663
14310141510
4536396019
458646113
19251778136
489134000
218992
5532235700
2578858386
84076955
16445891184
202962399
2340918876
2229640594
6666290636
3445668485
1300723418
13239309
5358621741
19395812433
298806862
6903035718
7882533143
21428750494
12831616177
6844742230
10110106977
10917222979
5691966
15503826747
2323428016
1724125
2445416743
2644296033
2067213
154242595
79026595
592718136
2866189257
9612047524
4013330132
2809952296
276402335
4387215198
18853477019
9620198070
4574373363
10919244879
13739842765
5098800786
243698
1045567176
17424059952
15341310201
1634964198
17012377494
17601451084
3288462587
16318269867
5135515860
15604232069
4391586388
5561599295
5203801572
5319360922
3498373542
7683290092
7867383062
9979795167
12158595295
816987070
8750197068
62716628
8275642941
1327486202
15015016481
3748505013
1408759123
9118732809
4742857607
2865746193
15575129186
12926873805
19423723228
18953959400
5528623137
4653675063
9483985473
18726185921
8211903134
789403355
4492382038
13876954023
12387821700
6734271454
3056282937
3779456
16448072575
15706647536
8288837426
5525601257
13136020846
6081268500
5189178392
19367478777
1665726893
17017118598
14080258109
1381116899
434160832
7874811049
194804888
21610611047
17354252113
4373512878
603484972
5822697074
5906336597
72412218
480672130
20441842705
6592803419
3365187762
2050869258
7273447080
46622050
4292352343
22372449
1622013075
11937892229
5262585245
6254108269
1769159528
3415396292
18039186670
8876995462
15084221937
9527619306
120252439
3605897192
4143287844
8682249238
954214278
13092930885
9590878803
1756270694
1633477561
2716068982
7543961783
1287536574
8694585051
8960335498
23411531
7511852861
2920780480
172700919
3859762120
17973675775
764823362
1633919234
377267756
6730322005
1749823500
10645734684
10792095166
20888805241
781928800
11393131309
4335981756
3192686042
13063035959
10675267901
7308221020
107989512
15802681107
7822598921
10188782830
11109564503
60536810
3686800747
1841873972
3631654249
3328957432
7150644543
5356682703
1643136036
19851164028
16387266541
3728314172
12600729676
7094532046
2493738460
3271042523
324942331
9509129856
8424572687
2764002323
19498348218
106446318
7843743699
16279788994
14925879694
14265434975
10259213858
16291132014
111611963
200826042
345547801
2762971538
2818205316
15359684713
13042722420
73033296
9608483700
3990754361
1026136947
4364602057
330061568
257761671
4780513628
14965040551
8828926615
9682028826
17138407257
10008877859
7285662495
1819941375
21399037818
21115708868
4636489520
5775176500
16723095099
16546213715
1652823017
2665686838
12432949675
11073529530
7204755724
5184362631
21179001269
557857497
5250135245
450867079
1087761
6352367984
406992545
7389459904
7762371361
2768271034
9702898947
17119701759
358778406
566897696
204945845
2194345261
2665515654
48058939
15664980095
2014688942
1735481268
14813334625
1178280456
1497206489
4260756447
140012574
946105091
3603339490
5252184549
1193192690
2917034828
1399027543
3762641
6818424271
222727849
2433676702
4257884558
10498308650
654543997
1532531470
889549491
615699099
10117991415
20555984419
1605728987
8848095062
204945275
6517633517
26966589
1907098606
18356285488
12171
14586993228
15225034877
4103440155
688020762
511227024
427426517
138215195
14380177552
89748066
9024164206
14506065656
12772914953
11527158635
446007140
19456337013
17721717352
3959742810
17121321078
11457767328
4832048162
8181889760
423953039
4588613227
9209933678
391070243
14309690174
5818197969
966923367
12979361890
11071250698
1984110887
3879910520
3439505586
2942253731
2075655665
6525136269
19277433037
1365838423
3054987492
8345936330
151077399
5752774987
34003936
3910818261
653165154
1579450012
3878301628
11098007200
1870282825
20249869156
7192021501
12722069458
21056102113
17968430408
1823752603
8390392825
14827450181
4492186788
3876495721
20161286832
20418540886
11038009244
4754215077
2053043592
585631689
4300159291
12355385270
401568668
12159176162
20901610077
15670805684
550774752
264078421
4707073366
14725633169
16179941824
13231062066
7019598932
8474513
1303808584
241521018
6354102210
15020869884
8320950337
18980736611
4389801090
2461419638
4846906954
7326964801
10477088301
280613997
2813457792
59865662
3668214001
16522041476
12201396160
4833123614
785731703
12795750189
9703546574
5762776988
2564728
17916199335
1231582986
18991527289
4979851556
772071863
4820742539
1390047849
445192380
13533342647
12540737712
18754367124
187466035
9827993594
683474089
2351870631
12798129611
4255508512
14180961847
40321796
4751654180
18653175849
1419741503
1076310203
18215111799
1150739018
5681895045
15620647165
1520125658
10361746891
228202772
80191015
3533617509
15655075243
3283812548
5918251408
13095796996
15269605240
31199372
8268924798
894664707
9886509556
18617288944
12103337583
14851138707
663147416
45440388
98786794
24895505
18027282243
6152438933
13258727
12867031529
1790776491
8088399825
5421823753
17314423134
16775888893
1659977769
0
20325055465
1660624038
15975744502
4116753220
1506893616
15334012860
10668551853
11311318662
18582653304
7121374156
14613176660
376583248
14727075228
5937521306
910796434
7081611725
1428127932
21545116823
495049946
155041303
11081043130
7120844050
3173384100
63315555
3936764061
18531149583
6515881339
13994597574
21588284200
16959911790
911778766
9117599327
14529162919
1895049054
6746298522
15817990546
12476950901
14742939
135851354
170189863
3947356536
928354005
11421922755
58493264
6834382077
9765716486
834913494
16098958229
12674443595
6840984532
12771297160
17291135979
376365121
915623001
5163746828
3812084719
20120749781
574208320
14127050274
6062515888
9474759191
13015019110
6282623964
38881470
10203170188
19121108215
18047629932
1846737067
19231096778
11800417655
9634491765
16107715855
17140364866
20284955307
5861967847
3802610820
5219159646
9890499775
1395985038
482547469
18438493045
14171421436
863639534
10140305491
174114147
13431097951
6377338801
17936986184
9971377430
5085958483
119001727
9437323406
6675327873
8250794450
10328676462
18379476968
3734374838
1528362090
8732575499
4344146743
5364641599
18352979376
1028904268
111055227
12859098326
32641357
7157270664
13676357215
224060852
17715273585
13303416418
549607275
19030216895
506701691
108476532
8044011135
8493905861
946889130
20883978183
247742403
18163428281
2087822700
677249546
17873142762
38656824
13706754113
8939759858
129733385
1942968214
12919538870
7174348635
15033925842
3017050053
9641260715
8162500505
3950323230
897493956
66985764
728545391
13042769232
13370161350
1686380918
3326816474
2588739138
11752210269
3744647840
18442186610
611987314
4890951335
2718241102
9164330001
12484559344
4345847476
12373229347
10257731887
6008592571
1636313092
955779187
320113679
1051184943
158574533
3461052195
2370
35989332
16913440103
7683267078
12049845691
434963916
2555812328
15143649576
14802307658
26127542
9616745432
834478858
4153586895
21484203967
16970672595
20631503459
18141141799
4659622522
8580582395
8564395098
12562429981
154323462
6016240840
6449188816
16634385571
14939513091
17977283277
11909418185
9306029644
4213892
3144164913
18840794451
12037468913
20482537371
244289596
2221877271
17551060580
766651441
104666189
4183805784
10746972330
6598745942
1323770978
8145106404
1453419459
4818113005
1525556054
17796585254
159914199
16787269097
2957832931
5334909585
9977517215
3091644501
3841065025
19758205189
18959348933
889448566
17259873223
37303801
4547336175
4889986854
21884977
16378511972
4170797344
4459480934
859801057
1576051342
12836519183
7939863466
18034265
5259078691
4367506188
13665960670
17394392794
358227309
624819265
48656921
12939008022
8076645299
19323668190
16116972637
4588639729
667738634
2961803105
9827980777
13261649202
610702282
3460692078
1229271123
867278154
121243581
11078163953
1653528289
7331618
7102527058
116318355
630206877
12119126877
10501712872
49415673
4958081833
7634161902
1338364024
13516454377
15905719183
3823693931
1256189619
473894467
2522608699
7234400868
11976155748
2787410749
10346496037
12996734110
34169688
4140114622
12133849482
1668592885
539759039
9863347570
261045
1232606491
11243779826
7506735147
5999218166
14441397192
689137501
4615765140
5367349779
12084356738
3014192030
14366436067
3757715035
9818158110
21556543055
231220980
466047899
14592894100
463711697
538948661
17966529896
2081200140
3139517129
12757269243
12746948583
762797776
324694226
7493639056
12020771558
890195285
94730114
7304703434
14917990578
5727016
9817405142
96725716
123685235
8606647215
1699736862
2079006973
11167111798
10207338771
10717203103
18722765516
2856579696
656499677
5806735327
15165268225
211718291
5095331000
2851697
5948566991
8518830235
14168522440
8253438685
4518193919
6536428304
1557451977
7360632927
820677744
7525954743
2855054137
4105773272
6150351745
13465523776
8685636277
1824785629
191444423
18052587053
20826463549
4158791654
1494742112
1032177540
2358224358
17907004174
11365482857
14177229865
11491568725
36749803
650755397
21163712105
572430848
10763405414
1173305
2543780754
1481955845
2098977997
591579239
1175544172
7197268389
7247505920
5782938625
9085631198
7981840521
7345517543
7404327547
16787708119
9363874778
6007181334
20339483493
464906025
2725979862
484796723
12571226491
17791445558
4082783880
1229746935
2838223728
10403946659
120040771
414465765
16236868747
79492500
5309096678
17201310285
3687394396
2323051650
38826238
16949022308
7039489390
1137936731
6652322905
18135346
11351236594
11949611890
215264124
1877526151
14019889376
6470778153
16241747228
16305661803
16868158161
651896346
2496727988
10289710494
8335894521
13997277838
18743490844
8227887842
18644885657
14002901605
7252634135
19751034507
20954269743
3221491710
181498507
4248275764
18046798317
8190940344
708210016
13932028758
14105004382
20324117978
4130442583
12842345518
326011771
8768497443
8845484
9785768638
3414015383
3395060794
15918948940
1447312500
4750780330
15195190489
16432912692
15098795516
19326893213
1317831804
10646565509
19940563135
5844240728
644284
3708390405
1099814788
8216371177
790076805
16989769093
3977026460
7642931906
274331822
240438751
20943729814
21327277176
19040119687
20527103141
1999593737
2559198750
8244743597
18398061159
2991860
127938751
8536612901
9525581539
93563128
9328704752
1799011448
19404894641
18213696832
2460841095
5243297406
16635027311
854701760
54355088
6418057352
339627169
14709890208
21587648550
16647455040
8206425418
13886962124
10037682958
248788671
6021809288
989812132
1719089161
13890149584
7450077637
9218293535
3319904278
133839191
14760209387
8642236664
13725217153
1319803248
2762023134
9964014778
1294649450
2606270028
5818087906
1254869671
10305647552
4161005737
221228903
15768608129
279402921
481156040
21519919229
4749787759
13495567683
98881348
11259246107
2942986629
1640018
1828577529
8188182203
788406286
60538443
13042575603
791721243
8505210526
6541678907
2123475558
25967290
14685701692
15069614223
9969048289
1114926122
6586314929
1164173811
4237681699
2982810970
1200597098
1055950796
17852021758
13314833974
330554486
1339043429
1921962424
8201682030
1182327876
8165944989
4758146142
1287534119
15043975838
480656577
4330847266
16127240698
14056737510
10162366128
4956034941
430519752
2898463740
160150619
21080735035
572551210
6539470537
57550906
375924405
12894227952
2021289551
8249295948
1660527404
19396850094
69799903
3149084692
10481223939
1126189366
3665598088
2208106872
6979435778
800550892
9875763609
250196027
7102956801
2849435584
1024325431
9651732947
6103996131
9577208960
32574956
14751158997
11073220422
1549016224
9119020642
16187335086
804619
502749857
15549072284
5127938572
32987425
12697152546
6226806408
2928843840
7967832523
20781771473
9418388280
5227711397
181655315
1959936141
1707922432
6495521626
8102447821
8379812748
7939497406
11622218206
901988939
4881597963
18627354710
354075276
542308169
3374427099
634089430
20511013419
2936927080
6017823
6043216788
21271655492
8206235257
13966319006
4459794493
10170200923
15885845539
7817322352
431279991
2029363340
14381064108
9776945769
596515
7851857106
2264729081
10428020758
11110042
481703762
16088798943
4088428852
20714107123
6774345725
19729838224
5203740805
2614725348
8580439706
1785440839
10417576893
7294581518
20133247912
132998514
18781115195
11843150033
30137769
14159502675
9105449156
10648353
18396141558
12779422960
183944448
2349229029
12736811562
17163659
1351088179
6884286145
3951950
8470719
140324346
504844
264050781
789481169
3622501
835594797
203350928
7692191743
3554408898
481443715
4537555788
1028974277
2233862886
712825193
1269760931
12465489978
8675169816
15283513179
1479413303
18850452081
379175889
19769409915
321415193
16092986343
3489803399
13392132490
18115195849
6941436906
18613899056
20045100998
590067580
13975056942
522299428
2836824606
10071359766
18900541
21807338
614563048
16323426398
17259743077
14299861754
303137840
17481521221
1791073299
16764362408
7032146705
20162011664
1836048417
2760346526
11462245150
4158569676
4008603473
21293966583
1119707050
3487048247
10718934778
1154732554
219710839
19170807423
252348108
6771361108
60540693
357013487
4746021485
294328768
67881621
8351538531
19348057926
17542350219
594922807
13503992129
8391258095
3536529671
4076769462
5884405
3725921568
5697323312
922409321
1441509839
13543552938
5632954872
10922508796
12467132949
886784083
7245443938
7003566352
3485506483
910864818
3670190313
477518896
10413260774
6313932373
15589329612
17392192949
19818541137
9188663966
18541973233
4358194164
2459556569
1030572
3916495463
3666145
6729972305
14495918935
4478710745
4758761685
2523777630
498360586
556054003
9514182694
211113256
3739718298
55784199
351405453
38767415
13171757755
2042088889
347744292
6623555586
8095459246
12772556739
8957400540
17829245639
1177095801
229938375
18423287199
19862799598
9783329874
12212357353
3653101032
2309390134
1776947291
19120266201
2800540017
14231336280
4768638960
734256737
11342052397
7003336939
7046678393
11907208960
7712981255
7887984653
11820529605
233016686
9778469540
1742379066
11267607502
13443163907
7754367287
767176534
11178388453
12975416679
11257727456
10009806703
136505115
15572630764
1570939357
11600935285
134184521
9065215228
479988017
9845053749
2260082062
8782011626
1828264115
8681491889
4442385467
12483203517
9730045383
26912419
1107832654
72778695
4848494088
5331928955
2495097874
288107180
16072746403
11238897610
6859241299
11611065518
2434576926
35443475
30342512
9253
138044996
93658346
156031557
7779829
17026854753
1081183405
4922852846
10498436084
4878851503
1104626597
7029918961
9004330634
15746061145
4804645819
8772008207
6392226995
439235184
5669504687
39458901
20868883268
20401433114
4446279312
1137018855
2694614221
12890928037
16198778714
13271967902
6829772278
18272573890
11729635835
792960902
9913102268
2623393517
1087546130
1134458271
9276141455
5334645114
3101443335
1060465886
5872845279
5872733244
10653546869
127104532
1309935602
16842685617
1191993317
9346783248
17207356341
16870851477
1110033362
6665100849
508520201
11704583881
5877145169
442774057
756973079
7941612902
19749434618
17264880066
9993468982
8851751848
21442403944
4668508636
6207912098
9526644142
12913854176
16428376700
7505134580
13912432883
16640545195
351738350
6564994110
7721749327
23189773
19453382469
5220232733
4518693668
2830935958
6374282560
19850191035
4694888184
7987975796
21277929159
10662660799
2707466514
18712704089
2479762634
5463714171
16960936743
3034075557
3883049950
17132732078
10123227920
2760892611
10401504150
13911622896
16844043906
13080454244
14849922977
543427349
193977590
114420100
12922547692
7449616433
3764976269
20110778216
3712725072
10842098714
16805125048
17746713857
10646041103
1729027087
21498872903
6506453844
3334564611
3206135571
20386740527
9568113367
41875351
373254868
12908637895
1674253813
6099116317
13892597112
4660847829
220051123
11458673547
7255606564
15502704491
16136635196
4270955
1090660989
7920372681
17384700827
1929636897
19805350723
9370307574
14489793837
3451732974
504755612
384795181
21343920125
10394812518
9497001347
17440266776
1105952818
5275726782
1140155919
14931320450
3221976561
6254064
3535868626
21063102106
7555215622
14584716678
5312694882
5325471312
7227316432
1912132283
8733568151
1802543417
3493671489
4028802557
72813678
2876389926
7818810925
44686529
10890221971
622135009
2408494513
1858726972
4791846564
15969378943
678806857
1984531377
2389700986
19679563301
6931168300
11843257150
17273135290
10731767704
15426738009
1577481297
16959791353
9648700120
7278497441
2947236636
21431757506
10245153296
13837911920
21163884359
3713605205
81729105
11093884394
2253528788
5278922947
12534307634
17610526436
105442655
30655
4277236620
14624867509
14591436437
3961837167
2932758805
17842255235
4598037045
2032864395
4581845706
4546232212
9781543100
786763191
19338864015
626323424
8776032903
5113786
2632034182
13228889979
8869571613
1164380756
20140409613
7480623583
1740993252
7100162979
6968980588
9361411538
3126962921
706087183
3225780613
2457882480
8100856444
21232094268
15861088536
15052725882
2890687604
47438393
115657009
19338397274
8428404404
58823083
4594988443
4461961709
124486979
273238703
2292073129
9204501574
10577555017
560988578
18682264584
1426741514
12764250193
13719643156
13812874056
3505831526
6922200746
9787979881
680650013
14144497623
19639051644
3403393794
7307022134
11810475842
1082097179
21126627616
10557739257
8217671409
19027953679
890813232
4548513283
9562525655
298918775
18776289075
85218157
9631796721
6701553671
3076407356
3605091138
129539150
296747739
1538576741
97129621
10939916699
7506269628
2867850311
112994943
3017529615
1010335
7891613143
6407296771
2788971719
9188151772
11087422324
21051256778
1025191
2937843526
53841428
4094517164
1839056063
14465029384
14673625566
12572669801
6482557964
12899929277
734060930
1837173357
168485049
5595802168
3573822493
7797894000
195744871
500910428
13730609609
17940852432
15385731658
5722692152
13494861466
3469466504
23740946
2948346961
723498572
20780298893
19922167958
140396223
11311696583
14922046
4125273011
2772731115
8879277887
2928399528
12101121573
3172236716
5948865432
15830859592
11817153445
19070579874
1558411019
12890049
20632272
13728792894
15688280149
11087505982
57947997
8046981102
80850
155334290
16640720346
17867350775
42768681
18762761256
16199549829
17801330533
4918453967
8795690745
6007906546
11383538101
15850119689
4574240270
1544677074
4983078626
9166326104
10469820884
2858618943
12924098957
452013032
6051088924
9875669079
840427703
4954557140
474215227
1174345920
11329642573
10850552499
14886470242
11073399903
1372935577
8513868798
3996706175
17201935613
21540815860
1239339219
3839362994
1255312736
2237768737
995941663
7864376103
1022322794
1813853281
8334976527
1633617660
289063807
561281268
10866284733
997179557
2150683312
8854560444
6858706075
1836356937
13214356723
2081471926
12650201878
19329538288
9498247698
14949534001
2633752485
7459646271
386587458
390473749
8780608906
17482641504
8795222
11802910
20631276607
12352448024
5926496116
7363884075
2499547320
825156396
873639409
1115526866
488628703
17408473692
3242515241
10202078037
3570487726
5059716825
592025691
117569080
1214813262
13020225652
1115564587
8672455257
484152081
7422776408
9067545732
1424458845
4010223602
16081926815
817211842
2247683358
12504702517
4384844147
971248175
740541008
14837581993
3902371851
47501997
3472543451
13661882282
212731547
1000402924
6533739
81919769
5898274688
2513908731
5884539105
297369902
1435889991
3363642620
1005510901
2646139625
11273878580
15824711855
1177202406
15523730928
6765560428
9654920642
13229414577
21063677840
9353691437
3690892546
30890881
6931044215
9247383949
15343276734
15062908066
1012112960
1001324328
17254228508
19993634296
14859211735
2938662889
1123543790
3039485904
5856642240
1504732962
6368855127
12423644318
1226754719
5935454522
10658098167
1979892815
7477947703
2444465282
165541585
3875504910
10557638011
9901230930
5764151011
3369173697
18818761465
4720360
3910799449
13251776555
160053226
583229372
15744634443
116060882
2522769583
13717941100
10017349600
974903505
10740907841
255184203
18756445277
1334305948
5146518612
7110873043
2004839734
20120665987
7313156707
4825046250
341357520
878714236
9528485747
221961989
9623944891
10848534433
11549493634
3732199920
16712149840
14004776263
1957939569
8315394878
7113931015
2855250030
184922444
10240224249
18252634053
11619466345
14193530116
862551799
15566081021
3133228176
378894176
1694309776
13335149658
3911419755
806406336
6302411297
7267690823
9177487303
17021814956
2377674034
246775132
13206756124
6657145909
9385672651
8736774123
18402588699
6004222712
8109387991
4218592568
6606758762
815545580
8687326463
21243767034
968682701
8240838573
5215550518
13486960934
5710747154
296929786
8063178455
6513721096
5958763173
14200135158
16261324494
10402131540
2085705245
2282829131
1838383533
19288580
12777695986
3992732947
15579886816
17058063683
14539422747
7532388270
11415876784
10358694223
2344153836
3499837092
1393982490
1635022382
12816403089
2206628658
600896733
10167202806
1766779012
4103817144
10332903260
11099748822
20444180132
705031449
11565906803
7924982798
2993169506
21086788849
1285074045
20314712016
66564674
18815670416
13194402805
473112855
2788841286
4429778597
539885772
7241420401
10365467257
11002360899
17730639200
10399444312
4306583734
2407534578
21402286072
8846313114
10862353497
13720254416
5882898230
1911328589
333867383
4726820625
8483536550
9291059969
1801107989
4784899956
9659291134
820641900
3924988819
14734351685
3368588310
4651548897
8787373909
2648251853
1100504180
60170717
9685150324
21199206322
11024774360
102887613
5371027494
514522672
21055626704
4188443128
1704183142
19166089894
1502533623
7300571303
178230766
17484002766
4696380114
3356287101
14826655258
19489239408
13026279045
11587508365
12577089
5813749775
73694510
920400713
5156217194
2059976947
39944031
20496238822
2740978449
2689070243
12276059351
149947147
763876702
77857799
14688792413
308550326
53866317
7460737526
4665827
19478041418
17429630092
216947884
3517073716
7509394756
17309458887
9843712985
4727882011
2018491018
3886998
3434624665
6959368747
2265579
5740142533
2397522794
18514727049
259721732
10593651642
55596449
14103206020
1098578123
13293253036
404128674
3106799763
259754105
9662858958
9533127444
3034994119
9421757385
4103337963
456118643
3782096930
6382821370
3763668223
14415105306
14913400564
5074909682
13818677862
4645118752
3489871549
8436881028
17414983185
1111176460
5219382180
1069719226
9291159783
4781186129
4964368508
19821854255
16584355630
43961251
126459281
6623569759
12051976062
16078639858
11921248668
17040095979
2503017568
6416016701
7865650282
2676176325
97993525
964495151
515730690
19939258434
12098242643
13389442878
21581419980
19081787313
924335907
19014430885
19196853722
6102576987
740608257
1154332940
5456588346
6472119983
13842726820
5269960034
16544607148
4914422471
6812867745
14868757386
12796364085
356540628
5237605782
432436215
19852161475
8656990865
10209757
15990729726
13687480720
20616113092
15832319433
507062646
10932648596
1612795160
11851165550
17793642761
887720409
16428016530
1070488452
15140984837
11457998621
15085148222
5946271917
9687772313
17823716840
12413018537
15262279267
14607935986
5434096044
1361404718
13074541343
8936487706
14964468865
7705703305
1010101
16738167622
33997953
1199261992
15681575961
207095505
5643594117
55892997
769639494
8145361851
4855329523
3634710789
1375455978
4873068209
10402643856
19861142008
1681175741
4873935756
4122725414
7997147616
3902802821
8625888228
12839598153
16403155843
8547198253
13334391823
6365046
8196051467
1572772654
535297647
11688669325
1577486817
10964263046
10339377392
234728622
1914209413
8470594825
84728788
21444668138
7006600472
10822775203
15605429191
6097272581
217208871
19699683340
13408626126
13125335309
11014913892
116769750
7305165505
4167966571
1366131
8082307230
1079431556
3344065812
7809885547
1582359813
659705065
3369151683
9019377439
576181287
8523165
3470111592
11911861251
7325522220
13035909281
7962460766
20031875198
3283777151
11184678421
5377995519
3916800827
17577628993
312645332
20379351853
7643596717
7555095846
7646357230
15666474238
5678735704
20654159347
8334465581
7348356460
908956998
5150853676
12307527198
9356677618
1267752708
1622005935
1456194
731921920
5033374586
690369498
202388359
1222890730
3370439527
13971761664
1555502031
20989402329
35078316
2499250564
3652274696
1986193253
17745002922
13370522566
779126624
15395281893
740365546
1114482695
2557064988
2475055455
18852120261
11140748927
2140328239
961880189
1296878288
15740075296
16019590917
10580503932
7546764083
381327237
3234896470
4987637178
15332069252
9922381306
21242740746
410131901
49933712
9303372087
1019639187
2335925444
16216245515
1558027753
1332040854
4831203412
11837433381
16071416670
12937133749
4907300850
5080383255
16427969036
17609298680
5122828394
94259009
7970192947
819878636
620736350
516703638
910889572
19544479294
1189405806
6130550326
1956881106
740119235
922539536
7451432151
1645067512
13271574846
17408738669
10731563364
9660342207
67656733
5621823020
81771718
12089993455
4036965116
6508338887
9793785802
19953609196
5118824883
5828864617
5736390760
9440270795
300304836
16039683288
18445245
6731812166
6169299117
11850331073
2161718971
5535015533
1518895067
2665688385
1461988819
17430892907
19444913755
4977283495
6201655991
14399712006
1223115053
1829513267
16583071779
15441064310
743799293
12989847787
1516830228
15736213630
791703033
6436536085
16664006468
9293513669
3436259502
2495142016
6924064897
12822469464
13699599501
12594388333
7952107064
2786045793
15784415343
8146817689
21413230075
3855067091
2439615815
98395710
309275576
4606258260
4973076341
1080750642
1659519606
7300222394
250860885
1651796
499650382
3263302166
19123955430
32639559
3955472672
18020426227
31537873
1939692280
14499622629
7381541743
1969952704
17885554145
15505922
13299403208
49054593
471821066
9986675559
8125875947
8253735450
5625928444
9884643099
14437504771
10966745551
14199775502
435751540
6227368832
16296651672
7463000923
13249
239703472
12924038911
1709025615
429775766
4104690099
11748293578
12408279991
