3168545
1239064
0
460922
1859682
141899
3035171
1357929
142114
376451
331954
1766359
1313916
152426
63992
42572
4135114
192058
541460
3658396
443736
407382
20581
1586393
250682
1204529
247473
875091
4072519
4474695
284679
1682351
1647927
4549154
2589299
688021
3537491
1234177
2859772
3945417
4468066
1200584
1004892
652843
46435
136077
3659431
2501380
1654791
100658
1382734
10845
2973644
4506307
27091
1756503
125271
74757
2696598
1473702
4016250
3635874
34663
947886
2860368
1186500
516207
161216
2595075
51916
109104
807340
3672304
2606607
1072179
245971
177920
847643
1874910
1087234
182269
701502
764335
260675
1313916
25526
3087805
512179
141300
672
12274
212306
2661880
205370
337475
7391
16844
137796
3954904
71062
1363647
340947
4549154
2408447
1270847
2279916
14280
85342
176451
245407
620863
175496
1964439
434511
48840
3853937
485438
18823
794809
929414
3424138
1624192
4120535
2190
285723
674693
3959961
1353143
2034215
14627
2936131
1804103
547451
121785
22742
400
820798
2256132
4338874
299002
0
2023155
1101709
974579
426822
1881364
183987
4354778
2712060
3223005
1804689
1328960
2222065
708
4008077
1328505
3508280
704297
4272275
3660795
3046489
713136
42814
364729
839349
3024418
379942
3043216
924880
96496
1229690
3772460
509474
1356377
58939
3823614
71434
823781
423879
2494226
4316281
3119989
290328
1184711
134003
3540787
917246
0
3555746
1948721
3669987
3552596
122239
3874197
273072
528577
4215909
1570557
1065642
14706
36787
1057708
2254973
558546
1781644
3230962
1816767
574869
263529
2848130
2113018
2362024
280817
693548
624482
774382
709223
2358947
4354778
1502132
385397
1293901
2936734
903075
1006822
192058
5381
2842004
564548
2126336
4015411
75453
15091
16811
2319
2433447
1484148
14697
680878
1330401
1811112
606
2639174
2027130
785929
2348113
21770
112342
508941
899565
4015694
3633375
19457
170259
3492587
4267520
2811909
973939
957726
914514
2355276
3431301
2975502
223288
826725
1543936
1458204
3141925
2828775
606413
4365521
1423823
298655
238234
2098621
3257006
2932442
286288
1448191
63253
1555168
2338887
376921
477074
743121
563821
1294534
3155514
3472755
1960749
68247
4085067
26941
3916556
458
180013
1372654
1925594
350928
3056060
